CRITICAL - 2022-07-12 00:35:59 --> Undefined variable $model
#0 C:\xampp\htdocs\kas_rt - Copy\ci4\app\Controllers\Iuran.php(36): CodeIgniter\Debug\Exceptions->errorHandler(2, 'Undefined varia...', 'C:\\xampp\\htdocs...', 36)
#1 C:\xampp\htdocs\kas_rt - Copy\ci4\system\CodeIgniter.php(832): App\Controllers\Iuran->index()
#2 C:\xampp\htdocs\kas_rt - Copy\ci4\system\CodeIgniter.php(419): CodeIgniter\CodeIgniter->runController(Object(App\Controllers\Iuran))
#3 C:\xampp\htdocs\kas_rt - Copy\ci4\system\CodeIgniter.php(326): CodeIgniter\CodeIgniter->handleRequest(NULL, Object(Config\Cache), false)
#4 C:\xampp\htdocs\kas_rt - Copy\ci4\public\index.php(37): CodeIgniter\CodeIgniter->run()
#5 C:\xampp\htdocs\kas_rt - Copy\ci4\system\Commands\Server\rewrite.php(43): require_once('C:\\xampp\\htdocs...')
#6 {main}
CRITICAL - 2022-07-12 00:36:41 --> Undefined variable $model
#0 C:\xampp\htdocs\kas_rt - Copy\ci4\app\Controllers\Iuran.php(36): CodeIgniter\Debug\Exceptions->errorHandler(2, 'Undefined varia...', 'C:\\xampp\\htdocs...', 36)
#1 C:\xampp\htdocs\kas_rt - Copy\ci4\system\CodeIgniter.php(832): App\Controllers\Iuran->index()
#2 C:\xampp\htdocs\kas_rt - Copy\ci4\system\CodeIgniter.php(419): CodeIgniter\CodeIgniter->runController(Object(App\Controllers\Iuran))
#3 C:\xampp\htdocs\kas_rt - Copy\ci4\system\CodeIgniter.php(326): CodeIgniter\CodeIgniter->handleRequest(NULL, Object(Config\Cache), false)
#4 C:\xampp\htdocs\kas_rt - Copy\ci4\public\index.php(37): CodeIgniter\CodeIgniter->run()
#5 C:\xampp\htdocs\kas_rt - Copy\ci4\system\Commands\Server\rewrite.php(43): require_once('C:\\xampp\\htdocs...')
#6 {main}
CRITICAL - 2022-07-12 02:09:19 --> Undefined variable $model
#0 C:\xampp\htdocs\kas_rt - Copy\ci4\app\Controllers\Iuran.php(36): CodeIgniter\Debug\Exceptions->errorHandler(2, 'Undefined varia...', 'C:\\xampp\\htdocs...', 36)
#1 C:\xampp\htdocs\kas_rt - Copy\ci4\system\CodeIgniter.php(832): App\Controllers\Iuran->index()
#2 C:\xampp\htdocs\kas_rt - Copy\ci4\system\CodeIgniter.php(419): CodeIgniter\CodeIgniter->runController(Object(App\Controllers\Iuran))
#3 C:\xampp\htdocs\kas_rt - Copy\ci4\system\CodeIgniter.php(326): CodeIgniter\CodeIgniter->handleRequest(NULL, Object(Config\Cache), false)
#4 C:\xampp\htdocs\kas_rt - Copy\ci4\public\index.php(37): CodeIgniter\CodeIgniter->run()
#5 C:\xampp\htdocs\kas_rt - Copy\ci4\system\Commands\Server\rewrite.php(43): require_once('C:\\xampp\\htdocs...')
#6 {main}
CRITICAL - 2022-07-12 02:13:43 --> Undefined variable $model
#0 C:\xampp\htdocs\kas_rt - Copy\ci4\app\Controllers\Iuran.php(36): CodeIgniter\Debug\Exceptions->errorHandler(2, 'Undefined varia...', 'C:\\xampp\\htdocs...', 36)
#1 C:\xampp\htdocs\kas_rt - Copy\ci4\system\CodeIgniter.php(832): App\Controllers\Iuran->index()
#2 C:\xampp\htdocs\kas_rt - Copy\ci4\system\CodeIgniter.php(419): CodeIgniter\CodeIgniter->runController(Object(App\Controllers\Iuran))
#3 C:\xampp\htdocs\kas_rt - Copy\ci4\system\CodeIgniter.php(326): CodeIgniter\CodeIgniter->handleRequest(NULL, Object(Config\Cache), false)
#4 C:\xampp\htdocs\kas_rt - Copy\ci4\public\index.php(37): CodeIgniter\CodeIgniter->run()
#5 C:\xampp\htdocs\kas_rt - Copy\ci4\system\Commands\Server\rewrite.php(43): require_once('C:\\xampp\\htdocs...')
#6 {main}
CRITICAL - 2022-07-12 02:13:55 --> Undefined variable $getIuran
#0 C:\xampp\htdocs\kas_rt - Copy\ci4\app\Views\Iuran\index.php(67): CodeIgniter\Debug\Exceptions->errorHandler(2, 'Undefined varia...', 'C:\\xampp\\htdocs...', 67)
#1 C:\xampp\htdocs\kas_rt - Copy\ci4\system\View\View.php(210): include('C:\\xampp\\htdocs...')
#2 C:\xampp\htdocs\kas_rt - Copy\ci4\system\View\View.php(213): CodeIgniter\View\View->CodeIgniter\View\{closure}()
#3 C:\xampp\htdocs\kas_rt - Copy\ci4\system\Common.php(1089): CodeIgniter\View\View->render('Iuran/index', Array, true)
#4 C:\xampp\htdocs\kas_rt - Copy\ci4\app\Controllers\Iuran.php(37): view('Iuran/index', Array)
#5 C:\xampp\htdocs\kas_rt - Copy\ci4\system\CodeIgniter.php(832): App\Controllers\Iuran->index()
#6 C:\xampp\htdocs\kas_rt - Copy\ci4\system\CodeIgniter.php(419): CodeIgniter\CodeIgniter->runController(Object(App\Controllers\Iuran))
#7 C:\xampp\htdocs\kas_rt - Copy\ci4\system\CodeIgniter.php(326): CodeIgniter\CodeIgniter->handleRequest(NULL, Object(Config\Cache), false)
#8 C:\xampp\htdocs\kas_rt - Copy\ci4\public\index.php(37): CodeIgniter\CodeIgniter->run()
#9 C:\xampp\htdocs\kas_rt - Copy\ci4\system\Commands\Server\rewrite.php(43): require_once('C:\\xampp\\htdocs...')
#10 {main}
CRITICAL - 2022-07-12 02:22:48 --> Undefined variable $getIuran
#0 C:\xampp\htdocs\kas_rt - Copy\ci4\app\Views\Iuran\index.php(67): CodeIgniter\Debug\Exceptions->errorHandler(2, 'Undefined varia...', 'C:\\xampp\\htdocs...', 67)
#1 C:\xampp\htdocs\kas_rt - Copy\ci4\system\View\View.php(210): include('C:\\xampp\\htdocs...')
#2 C:\xampp\htdocs\kas_rt - Copy\ci4\system\View\View.php(213): CodeIgniter\View\View->CodeIgniter\View\{closure}()
#3 C:\xampp\htdocs\kas_rt - Copy\ci4\system\Common.php(1089): CodeIgniter\View\View->render('Iuran/index', Array, true)
#4 C:\xampp\htdocs\kas_rt - Copy\ci4\app\Controllers\Iuran.php(38): view('Iuran/index', Array)
#5 C:\xampp\htdocs\kas_rt - Copy\ci4\system\CodeIgniter.php(832): App\Controllers\Iuran->index()
#6 C:\xampp\htdocs\kas_rt - Copy\ci4\system\CodeIgniter.php(419): CodeIgniter\CodeIgniter->runController(Object(App\Controllers\Iuran))
#7 C:\xampp\htdocs\kas_rt - Copy\ci4\system\CodeIgniter.php(326): CodeIgniter\CodeIgniter->handleRequest(NULL, Object(Config\Cache), false)
#8 C:\xampp\htdocs\kas_rt - Copy\ci4\public\index.php(37): CodeIgniter\CodeIgniter->run()
#9 C:\xampp\htdocs\kas_rt - Copy\ci4\system\Commands\Server\rewrite.php(43): require_once('C:\\xampp\\htdocs...')
#10 {main}
CRITICAL - 2022-07-12 02:22:50 --> Undefined variable $getIuran
#0 C:\xampp\htdocs\kas_rt - Copy\ci4\app\Views\Iuran\index.php(67): CodeIgniter\Debug\Exceptions->errorHandler(2, 'Undefined varia...', 'C:\\xampp\\htdocs...', 67)
#1 C:\xampp\htdocs\kas_rt - Copy\ci4\system\View\View.php(210): include('C:\\xampp\\htdocs...')
#2 C:\xampp\htdocs\kas_rt - Copy\ci4\system\View\View.php(213): CodeIgniter\View\View->CodeIgniter\View\{closure}()
#3 C:\xampp\htdocs\kas_rt - Copy\ci4\system\Common.php(1089): CodeIgniter\View\View->render('Iuran/index', Array, true)
#4 C:\xampp\htdocs\kas_rt - Copy\ci4\app\Controllers\Iuran.php(38): view('Iuran/index', Array)
#5 C:\xampp\htdocs\kas_rt - Copy\ci4\system\CodeIgniter.php(832): App\Controllers\Iuran->index()
#6 C:\xampp\htdocs\kas_rt - Copy\ci4\system\CodeIgniter.php(419): CodeIgniter\CodeIgniter->runController(Object(App\Controllers\Iuran))
#7 C:\xampp\htdocs\kas_rt - Copy\ci4\system\CodeIgniter.php(326): CodeIgniter\CodeIgniter->handleRequest(NULL, Object(Config\Cache), false)
#8 C:\xampp\htdocs\kas_rt - Copy\ci4\public\index.php(37): CodeIgniter\CodeIgniter->run()
#9 C:\xampp\htdocs\kas_rt - Copy\ci4\system\Commands\Server\rewrite.php(43): require_once('C:\\xampp\\htdocs...')
#10 {main}
CRITICAL - 2022-07-12 02:22:50 --> Undefined variable $getIuran
#0 C:\xampp\htdocs\kas_rt - Copy\ci4\app\Views\Iuran\index.php(67): CodeIgniter\Debug\Exceptions->errorHandler(2, 'Undefined varia...', 'C:\\xampp\\htdocs...', 67)
#1 C:\xampp\htdocs\kas_rt - Copy\ci4\system\View\View.php(210): include('C:\\xampp\\htdocs...')
#2 C:\xampp\htdocs\kas_rt - Copy\ci4\system\View\View.php(213): CodeIgniter\View\View->CodeIgniter\View\{closure}()
#3 C:\xampp\htdocs\kas_rt - Copy\ci4\system\Common.php(1089): CodeIgniter\View\View->render('Iuran/index', Array, true)
#4 C:\xampp\htdocs\kas_rt - Copy\ci4\app\Controllers\Iuran.php(38): view('Iuran/index', Array)
#5 C:\xampp\htdocs\kas_rt - Copy\ci4\system\CodeIgniter.php(832): App\Controllers\Iuran->index()
#6 C:\xampp\htdocs\kas_rt - Copy\ci4\system\CodeIgniter.php(419): CodeIgniter\CodeIgniter->runController(Object(App\Controllers\Iuran))
#7 C:\xampp\htdocs\kas_rt - Copy\ci4\system\CodeIgniter.php(326): CodeIgniter\CodeIgniter->handleRequest(NULL, Object(Config\Cache), false)
#8 C:\xampp\htdocs\kas_rt - Copy\ci4\public\index.php(37): CodeIgniter\CodeIgniter->run()
#9 C:\xampp\htdocs\kas_rt - Copy\ci4\system\Commands\Server\rewrite.php(43): require_once('C:\\xampp\\htdocs...')
#10 {main}
CRITICAL - 2022-07-12 02:24:38 --> Undefined variable $getIuran
#0 C:\xampp\htdocs\kas_rt - Copy\ci4\app\Views\Iuran\index.php(67): CodeIgniter\Debug\Exceptions->errorHandler(2, 'Undefined varia...', 'C:\\xampp\\htdocs...', 67)
#1 C:\xampp\htdocs\kas_rt - Copy\ci4\system\View\View.php(210): include('C:\\xampp\\htdocs...')
#2 C:\xampp\htdocs\kas_rt - Copy\ci4\system\View\View.php(213): CodeIgniter\View\View->CodeIgniter\View\{closure}()
#3 C:\xampp\htdocs\kas_rt - Copy\ci4\system\Common.php(1089): CodeIgniter\View\View->render('Iuran/index', Array, true)
#4 C:\xampp\htdocs\kas_rt - Copy\ci4\app\Controllers\Iuran.php(37): view('Iuran/index', Array)
#5 C:\xampp\htdocs\kas_rt - Copy\ci4\system\CodeIgniter.php(832): App\Controllers\Iuran->index()
#6 C:\xampp\htdocs\kas_rt - Copy\ci4\system\CodeIgniter.php(419): CodeIgniter\CodeIgniter->runController(Object(App\Controllers\Iuran))
#7 C:\xampp\htdocs\kas_rt - Copy\ci4\system\CodeIgniter.php(326): CodeIgniter\CodeIgniter->handleRequest(NULL, Object(Config\Cache), false)
#8 C:\xampp\htdocs\kas_rt - Copy\ci4\public\index.php(37): CodeIgniter\CodeIgniter->run()
#9 C:\xampp\htdocs\kas_rt - Copy\ci4\system\Commands\Server\rewrite.php(43): require_once('C:\\xampp\\htdocs...')
#10 {main}
CRITICAL - 2022-07-12 02:24:52 --> Undefined array key "nik"
#0 C:\xampp\htdocs\kas_rt - Copy\ci4\app\Views\Iuran\index.php(71): CodeIgniter\Debug\Exceptions->errorHandler(2, 'Undefined array...', 'C:\\xampp\\htdocs...', 71)
#1 C:\xampp\htdocs\kas_rt - Copy\ci4\system\View\View.php(210): include('C:\\xampp\\htdocs...')
#2 C:\xampp\htdocs\kas_rt - Copy\ci4\system\View\View.php(213): CodeIgniter\View\View->CodeIgniter\View\{closure}()
#3 C:\xampp\htdocs\kas_rt - Copy\ci4\system\Common.php(1089): CodeIgniter\View\View->render('Iuran/index', Array, true)
#4 C:\xampp\htdocs\kas_rt - Copy\ci4\app\Controllers\Iuran.php(37): view('Iuran/index', Array)
#5 C:\xampp\htdocs\kas_rt - Copy\ci4\system\CodeIgniter.php(832): App\Controllers\Iuran->index()
#6 C:\xampp\htdocs\kas_rt - Copy\ci4\system\CodeIgniter.php(419): CodeIgniter\CodeIgniter->runController(Object(App\Controllers\Iuran))
#7 C:\xampp\htdocs\kas_rt - Copy\ci4\system\CodeIgniter.php(326): CodeIgniter\CodeIgniter->handleRequest(NULL, Object(Config\Cache), false)
#8 C:\xampp\htdocs\kas_rt - Copy\ci4\public\index.php(37): CodeIgniter\CodeIgniter->run()
#9 C:\xampp\htdocs\kas_rt - Copy\ci4\system\Commands\Server\rewrite.php(43): require_once('C:\\xampp\\htdocs...')
#10 {main}
CRITICAL - 2022-07-12 02:39:24 --> Undefined variable $currentPage
#0 C:\xampp\htdocs\kas_rt - Copy\ci4\app\Views\Iuran\index.php(66): CodeIgniter\Debug\Exceptions->errorHandler(2, 'Undefined varia...', 'C:\\xampp\\htdocs...', 66)
#1 C:\xampp\htdocs\kas_rt - Copy\ci4\system\View\View.php(210): include('C:\\xampp\\htdocs...')
#2 C:\xampp\htdocs\kas_rt - Copy\ci4\system\View\View.php(213): CodeIgniter\View\View->CodeIgniter\View\{closure}()
#3 C:\xampp\htdocs\kas_rt - Copy\ci4\system\Common.php(1089): CodeIgniter\View\View->render('iuran/index', Array, true)
#4 C:\xampp\htdocs\kas_rt - Copy\ci4\app\Controllers\Iuran.php(17): view('iuran/index', Array)
#5 C:\xampp\htdocs\kas_rt - Copy\ci4\system\CodeIgniter.php(832): App\Controllers\Iuran->index()
#6 C:\xampp\htdocs\kas_rt - Copy\ci4\system\CodeIgniter.php(419): CodeIgniter\CodeIgniter->runController(Object(App\Controllers\Iuran))
#7 C:\xampp\htdocs\kas_rt - Copy\ci4\system\CodeIgniter.php(326): CodeIgniter\CodeIgniter->handleRequest(NULL, Object(Config\Cache), false)
#8 C:\xampp\htdocs\kas_rt - Copy\ci4\public\index.php(37): CodeIgniter\CodeIgniter->run()
#9 C:\xampp\htdocs\kas_rt - Copy\ci4\system\Commands\Server\rewrite.php(43): require_once('C:\\xampp\\htdocs...')
#10 {main}
CRITICAL - 2022-07-12 02:42:18 --> Undefined variable $iuran
#0 C:\xampp\htdocs\kas_rt - Copy\ci4\app\Views\Iuran\index.php(67): CodeIgniter\Debug\Exceptions->errorHandler(2, 'Undefined varia...', 'C:\\xampp\\htdocs...', 67)
#1 C:\xampp\htdocs\kas_rt - Copy\ci4\system\View\View.php(210): include('C:\\xampp\\htdocs...')
#2 C:\xampp\htdocs\kas_rt - Copy\ci4\system\View\View.php(213): CodeIgniter\View\View->CodeIgniter\View\{closure}()
#3 C:\xampp\htdocs\kas_rt - Copy\ci4\system\Common.php(1089): CodeIgniter\View\View->render('iuran/index', Array, true)
#4 C:\xampp\htdocs\kas_rt - Copy\ci4\app\Controllers\Iuran.php(17): view('iuran/index', Array)
#5 C:\xampp\htdocs\kas_rt - Copy\ci4\system\CodeIgniter.php(832): App\Controllers\Iuran->index()
#6 C:\xampp\htdocs\kas_rt - Copy\ci4\system\CodeIgniter.php(419): CodeIgniter\CodeIgniter->runController(Object(App\Controllers\Iuran))
#7 C:\xampp\htdocs\kas_rt - Copy\ci4\system\CodeIgniter.php(326): CodeIgniter\CodeIgniter->handleRequest(NULL, Object(Config\Cache), false)
#8 C:\xampp\htdocs\kas_rt - Copy\ci4\public\index.php(37): CodeIgniter\CodeIgniter->run()
#9 C:\xampp\htdocs\kas_rt - Copy\ci4\system\Commands\Server\rewrite.php(43): require_once('C:\\xampp\\htdocs...')
#10 {main}
CRITICAL - 2022-07-12 02:42:36 --> Undefined variable $getWarga
#0 C:\xampp\htdocs\kas_rt - Copy\ci4\app\Views\Iuran\index.php(67): CodeIgniter\Debug\Exceptions->errorHandler(2, 'Undefined varia...', 'C:\\xampp\\htdocs...', 67)
#1 C:\xampp\htdocs\kas_rt - Copy\ci4\system\View\View.php(210): include('C:\\xampp\\htdocs...')
#2 C:\xampp\htdocs\kas_rt - Copy\ci4\system\View\View.php(213): CodeIgniter\View\View->CodeIgniter\View\{closure}()
#3 C:\xampp\htdocs\kas_rt - Copy\ci4\system\Common.php(1089): CodeIgniter\View\View->render('iuran/index', Array, true)
#4 C:\xampp\htdocs\kas_rt - Copy\ci4\app\Controllers\Iuran.php(17): view('iuran/index', Array)
#5 C:\xampp\htdocs\kas_rt - Copy\ci4\system\CodeIgniter.php(832): App\Controllers\Iuran->index()
#6 C:\xampp\htdocs\kas_rt - Copy\ci4\system\CodeIgniter.php(419): CodeIgniter\CodeIgniter->runController(Object(App\Controllers\Iuran))
#7 C:\xampp\htdocs\kas_rt - Copy\ci4\system\CodeIgniter.php(326): CodeIgniter\CodeIgniter->handleRequest(NULL, Object(Config\Cache), false)
#8 C:\xampp\htdocs\kas_rt - Copy\ci4\public\index.php(37): CodeIgniter\CodeIgniter->run()
#9 C:\xampp\htdocs\kas_rt - Copy\ci4\system\Commands\Server\rewrite.php(43): require_once('C:\\xampp\\htdocs...')
#10 {main}
CRITICAL - 2022-07-12 02:42:52 --> Undefined variable $pager
#0 C:\xampp\htdocs\kas_rt - Copy\ci4\app\Views\Iuran\index.php(95): CodeIgniter\Debug\Exceptions->errorHandler(2, 'Undefined varia...', 'C:\\xampp\\htdocs...', 95)
#1 C:\xampp\htdocs\kas_rt - Copy\ci4\system\View\View.php(210): include('C:\\xampp\\htdocs...')
#2 C:\xampp\htdocs\kas_rt - Copy\ci4\system\View\View.php(213): CodeIgniter\View\View->CodeIgniter\View\{closure}()
#3 C:\xampp\htdocs\kas_rt - Copy\ci4\system\Common.php(1089): CodeIgniter\View\View->render('iuran/index', Array, true)
#4 C:\xampp\htdocs\kas_rt - Copy\ci4\app\Controllers\Iuran.php(17): view('iuran/index', Array)
#5 C:\xampp\htdocs\kas_rt - Copy\ci4\system\CodeIgniter.php(832): App\Controllers\Iuran->index()
#6 C:\xampp\htdocs\kas_rt - Copy\ci4\system\CodeIgniter.php(419): CodeIgniter\CodeIgniter->runController(Object(App\Controllers\Iuran))
#7 C:\xampp\htdocs\kas_rt - Copy\ci4\system\CodeIgniter.php(326): CodeIgniter\CodeIgniter->handleRequest(NULL, Object(Config\Cache), false)
#8 C:\xampp\htdocs\kas_rt - Copy\ci4\public\index.php(37): CodeIgniter\CodeIgniter->run()
#9 C:\xampp\htdocs\kas_rt - Copy\ci4\system\Commands\Server\rewrite.php(43): require_once('C:\\xampp\\htdocs...')
#10 {main}
CRITICAL - 2022-07-12 02:43:16 --> Undefined variable $pager
#0 C:\xampp\htdocs\kas_rt - Copy\ci4\app\Views\Iuran\index.php(96): CodeIgniter\Debug\Exceptions->errorHandler(2, 'Undefined varia...', 'C:\\xampp\\htdocs...', 96)
#1 C:\xampp\htdocs\kas_rt - Copy\ci4\system\View\View.php(210): include('C:\\xampp\\htdocs...')
#2 C:\xampp\htdocs\kas_rt - Copy\ci4\system\View\View.php(213): CodeIgniter\View\View->CodeIgniter\View\{closure}()
#3 C:\xampp\htdocs\kas_rt - Copy\ci4\system\Common.php(1089): CodeIgniter\View\View->render('iuran/index', Array, true)
#4 C:\xampp\htdocs\kas_rt - Copy\ci4\app\Controllers\Iuran.php(17): view('iuran/index', Array)
#5 C:\xampp\htdocs\kas_rt - Copy\ci4\system\CodeIgniter.php(832): App\Controllers\Iuran->index()
#6 C:\xampp\htdocs\kas_rt - Copy\ci4\system\CodeIgniter.php(419): CodeIgniter\CodeIgniter->runController(Object(App\Controllers\Iuran))
#7 C:\xampp\htdocs\kas_rt - Copy\ci4\system\CodeIgniter.php(326): CodeIgniter\CodeIgniter->handleRequest(NULL, Object(Config\Cache), false)
#8 C:\xampp\htdocs\kas_rt - Copy\ci4\public\index.php(37): CodeIgniter\CodeIgniter->run()
#9 C:\xampp\htdocs\kas_rt - Copy\ci4\system\Commands\Server\rewrite.php(43): require_once('C:\\xampp\\htdocs...')
#10 {main}
CRITICAL - 2022-07-12 19:15:33 --> Undefined variable $currentPage
#0 C:\xampp\htdocs\kas_rt - Copy\ci4\app\Views\Iuran\index.php(66): CodeIgniter\Debug\Exceptions->errorHandler(2, 'Undefined varia...', 'C:\\xampp\\htdocs...', 66)
#1 C:\xampp\htdocs\kas_rt - Copy\ci4\system\View\View.php(210): include('C:\\xampp\\htdocs...')
#2 C:\xampp\htdocs\kas_rt - Copy\ci4\system\View\View.php(213): CodeIgniter\View\View->CodeIgniter\View\{closure}()
#3 C:\xampp\htdocs\kas_rt - Copy\ci4\system\Common.php(1089): CodeIgniter\View\View->render('iuran/index', Array, true)
#4 C:\xampp\htdocs\kas_rt - Copy\ci4\app\Controllers\Iuran.php(17): view('iuran/index', Array)
#5 C:\xampp\htdocs\kas_rt - Copy\ci4\system\CodeIgniter.php(832): App\Controllers\Iuran->index()
#6 C:\xampp\htdocs\kas_rt - Copy\ci4\system\CodeIgniter.php(419): CodeIgniter\CodeIgniter->runController(Object(App\Controllers\Iuran))
#7 C:\xampp\htdocs\kas_rt - Copy\ci4\system\CodeIgniter.php(326): CodeIgniter\CodeIgniter->handleRequest(NULL, Object(Config\Cache), false)
#8 C:\xampp\htdocs\kas_rt - Copy\ci4\public\index.php(37): CodeIgniter\CodeIgniter->run()
#9 C:\xampp\htdocs\kas_rt - Copy\ci4\system\Commands\Server\rewrite.php(43): require_once('C:\\xampp\\htdocs...')
#10 {main}
CRITICAL - 2022-07-12 19:15:42 --> Undefined variable $currentPage
#0 C:\xampp\htdocs\kas_rt - Copy\ci4\app\Views\Iuran\index.php(66): CodeIgniter\Debug\Exceptions->errorHandler(2, 'Undefined varia...', 'C:\\xampp\\htdocs...', 66)
#1 C:\xampp\htdocs\kas_rt - Copy\ci4\system\View\View.php(210): include('C:\\xampp\\htdocs...')
#2 C:\xampp\htdocs\kas_rt - Copy\ci4\system\View\View.php(213): CodeIgniter\View\View->CodeIgniter\View\{closure}()
#3 C:\xampp\htdocs\kas_rt - Copy\ci4\system\Common.php(1089): CodeIgniter\View\View->render('iuran/index', Array, true)
#4 C:\xampp\htdocs\kas_rt - Copy\ci4\app\Controllers\Iuran.php(17): view('iuran/index', Array)
#5 C:\xampp\htdocs\kas_rt - Copy\ci4\system\CodeIgniter.php(832): App\Controllers\Iuran->index()
#6 C:\xampp\htdocs\kas_rt - Copy\ci4\system\CodeIgniter.php(419): CodeIgniter\CodeIgniter->runController(Object(App\Controllers\Iuran))
#7 C:\xampp\htdocs\kas_rt - Copy\ci4\system\CodeIgniter.php(326): CodeIgniter\CodeIgniter->handleRequest(NULL, Object(Config\Cache), false)
#8 C:\xampp\htdocs\kas_rt - Copy\ci4\public\index.php(37): CodeIgniter\CodeIgniter->run()
#9 C:\xampp\htdocs\kas_rt - Copy\ci4\system\Commands\Server\rewrite.php(43): require_once('C:\\xampp\\htdocs...')
#10 {main}
CRITICAL - 2022-07-12 19:40:27 --> Undefined variable $model
#0 C:\xampp\htdocs\kas_rt - Copy\ci4\app\Controllers\Iuran.php(30): CodeIgniter\Debug\Exceptions->errorHandler(2, 'Undefined varia...', 'C:\\xampp\\htdocs...', 30)
#1 C:\xampp\htdocs\kas_rt - Copy\ci4\system\CodeIgniter.php(832): App\Controllers\Iuran->index()
#2 C:\xampp\htdocs\kas_rt - Copy\ci4\system\CodeIgniter.php(419): CodeIgniter\CodeIgniter->runController(Object(App\Controllers\Iuran))
#3 C:\xampp\htdocs\kas_rt - Copy\ci4\system\CodeIgniter.php(326): CodeIgniter\CodeIgniter->handleRequest(NULL, Object(Config\Cache), false)
#4 C:\xampp\htdocs\kas_rt - Copy\ci4\public\index.php(37): CodeIgniter\CodeIgniter->run()
#5 C:\xampp\htdocs\kas_rt - Copy\ci4\system\Commands\Server\rewrite.php(43): require_once('C:\\xampp\\htdocs...')
#6 {main}
CRITICAL - 2022-07-12 19:40:28 --> Undefined variable $model
#0 C:\xampp\htdocs\kas_rt - Copy\ci4\app\Controllers\Iuran.php(30): CodeIgniter\Debug\Exceptions->errorHandler(2, 'Undefined varia...', 'C:\\xampp\\htdocs...', 30)
#1 C:\xampp\htdocs\kas_rt - Copy\ci4\system\CodeIgniter.php(832): App\Controllers\Iuran->index()
#2 C:\xampp\htdocs\kas_rt - Copy\ci4\system\CodeIgniter.php(419): CodeIgniter\CodeIgniter->runController(Object(App\Controllers\Iuran))
#3 C:\xampp\htdocs\kas_rt - Copy\ci4\system\CodeIgniter.php(326): CodeIgniter\CodeIgniter->handleRequest(NULL, Object(Config\Cache), false)
#4 C:\xampp\htdocs\kas_rt - Copy\ci4\public\index.php(37): CodeIgniter\CodeIgniter->run()
#5 C:\xampp\htdocs\kas_rt - Copy\ci4\system\Commands\Server\rewrite.php(43): require_once('C:\\xampp\\htdocs...')
#6 {main}
CRITICAL - 2022-07-12 19:40:55 --> Call to undefined method App\Controllers\Iuran::getIuran()
#0 C:\xampp\htdocs\kas_rt - Copy\ci4\system\CodeIgniter.php(832): App\Controllers\Iuran->index()
#1 C:\xampp\htdocs\kas_rt - Copy\ci4\system\CodeIgniter.php(419): CodeIgniter\CodeIgniter->runController(Object(App\Controllers\Iuran))
#2 C:\xampp\htdocs\kas_rt - Copy\ci4\system\CodeIgniter.php(326): CodeIgniter\CodeIgniter->handleRequest(NULL, Object(Config\Cache), false)
#3 C:\xampp\htdocs\kas_rt - Copy\ci4\public\index.php(37): CodeIgniter\CodeIgniter->run()
#4 C:\xampp\htdocs\kas_rt - Copy\ci4\system\Commands\Server\rewrite.php(43): require_once('C:\\xampp\\htdocs...')
#5 {main}
ERROR - 2022-07-12 19:47:30 --> Unknown column 'nama' in 'where clause'
CRITICAL - 2022-07-12 19:47:30 --> Unknown column 'nama' in 'where clause'
#0 C:\xampp\htdocs\kas_rt - Copy\ci4\system\Database\MySQLi\Connection.php(292): mysqli->query('SELECT COUNT(*)...', 0)
#1 C:\xampp\htdocs\kas_rt - Copy\ci4\system\Database\BaseConnection.php(670): CodeIgniter\Database\MySQLi\Connection->execute('SELECT COUNT(*)...')
#2 C:\xampp\htdocs\kas_rt - Copy\ci4\system\Database\BaseConnection.php(598): CodeIgniter\Database\BaseConnection->simpleQuery('SELECT COUNT(*)...')
#3 C:\xampp\htdocs\kas_rt - Copy\ci4\system\Database\BaseBuilder.php(1539): CodeIgniter\Database\BaseConnection->query('SELECT COUNT(*)...', Array, false)
#4 C:\xampp\htdocs\kas_rt - Copy\ci4\system\Model.php(509): CodeIgniter\Database\BaseBuilder->countAllResults(false)
#5 C:\xampp\htdocs\kas_rt - Copy\ci4\system\BaseModel.php(1084): CodeIgniter\Model->countAllResults(false)
#6 C:\xampp\htdocs\kas_rt - Copy\ci4\app\Controllers\Iuran.php(33): CodeIgniter\BaseModel->paginate(10, 'iuran')
#7 C:\xampp\htdocs\kas_rt - Copy\ci4\system\CodeIgniter.php(832): App\Controllers\Iuran->index()
#8 C:\xampp\htdocs\kas_rt - Copy\ci4\system\CodeIgniter.php(419): CodeIgniter\CodeIgniter->runController(Object(App\Controllers\Iuran))
#9 C:\xampp\htdocs\kas_rt - Copy\ci4\system\CodeIgniter.php(326): CodeIgniter\CodeIgniter->handleRequest(NULL, Object(Config\Cache), false)
#10 C:\xampp\htdocs\kas_rt - Copy\ci4\public\index.php(37): CodeIgniter\CodeIgniter->run()
#11 C:\xampp\htdocs\kas_rt - Copy\ci4\system\Commands\Server\rewrite.php(43): require_once('C:\\xampp\\htdocs...')
#12 {main}
CRITICAL - 2022-07-12 19:48:21 --> Undefined variable $getIuran
#0 C:\xampp\htdocs\kas_rt - Copy\ci4\app\Models\IuranModel.php(41): CodeIgniter\Debug\Exceptions->errorHandler(2, 'Undefined varia...', 'C:\\xampp\\htdocs...', 41)
#1 C:\xampp\htdocs\kas_rt - Copy\ci4\app\Controllers\Iuran.php(22): App\Models\IuranModel->search('frost')
#2 C:\xampp\htdocs\kas_rt - Copy\ci4\system\CodeIgniter.php(832): App\Controllers\Iuran->index()
#3 C:\xampp\htdocs\kas_rt - Copy\ci4\system\CodeIgniter.php(419): CodeIgniter\CodeIgniter->runController(Object(App\Controllers\Iuran))
#4 C:\xampp\htdocs\kas_rt - Copy\ci4\system\CodeIgniter.php(326): CodeIgniter\CodeIgniter->handleRequest(NULL, Object(Config\Cache), false)
#5 C:\xampp\htdocs\kas_rt - Copy\ci4\public\index.php(37): CodeIgniter\CodeIgniter->run()
#6 C:\xampp\htdocs\kas_rt - Copy\ci4\system\Commands\Server\rewrite.php(43): require_once('C:\\xampp\\htdocs...')
#7 {main}
CRITICAL - 2022-07-12 19:49:09 --> Undefined variable $getIuran
#0 C:\xampp\htdocs\kas_rt - Copy\ci4\app\Models\IuranModel.php(41): CodeIgniter\Debug\Exceptions->errorHandler(2, 'Undefined varia...', 'C:\\xampp\\htdocs...', 41)
#1 C:\xampp\htdocs\kas_rt - Copy\ci4\app\Controllers\Iuran.php(22): App\Models\IuranModel->search('aa')
#2 C:\xampp\htdocs\kas_rt - Copy\ci4\system\CodeIgniter.php(832): App\Controllers\Iuran->index()
#3 C:\xampp\htdocs\kas_rt - Copy\ci4\system\CodeIgniter.php(419): CodeIgniter\CodeIgniter->runController(Object(App\Controllers\Iuran))
#4 C:\xampp\htdocs\kas_rt - Copy\ci4\system\CodeIgniter.php(326): CodeIgniter\CodeIgniter->handleRequest(NULL, Object(Config\Cache), false)
#5 C:\xampp\htdocs\kas_rt - Copy\ci4\public\index.php(37): CodeIgniter\CodeIgniter->run()
#6 C:\xampp\htdocs\kas_rt - Copy\ci4\system\Commands\Server\rewrite.php(43): require_once('C:\\xampp\\htdocs...')
#7 {main}
CRITICAL - 2022-07-12 19:57:58 --> Undefined variable $iuran
#0 C:\xampp\htdocs\kas_rt - Copy\ci4\app\Views\Iuran\create.php(16): CodeIgniter\Debug\Exceptions->errorHandler(2, 'Undefined varia...', 'C:\\xampp\\htdocs...', 16)
#1 C:\xampp\htdocs\kas_rt - Copy\ci4\system\View\View.php(210): include('C:\\xampp\\htdocs...')
#2 C:\xampp\htdocs\kas_rt - Copy\ci4\system\View\View.php(213): CodeIgniter\View\View->CodeIgniter\View\{closure}()
#3 C:\xampp\htdocs\kas_rt - Copy\ci4\system\Common.php(1089): CodeIgniter\View\View->render('iuran/create', Array, true)
#4 C:\xampp\htdocs\kas_rt - Copy\ci4\app\Controllers\Iuran.php(45): view('iuran/create', Array)
#5 C:\xampp\htdocs\kas_rt - Copy\ci4\system\CodeIgniter.php(832): App\Controllers\Iuran->create()
#6 C:\xampp\htdocs\kas_rt - Copy\ci4\system\CodeIgniter.php(419): CodeIgniter\CodeIgniter->runController(Object(App\Controllers\Iuran))
#7 C:\xampp\htdocs\kas_rt - Copy\ci4\system\CodeIgniter.php(326): CodeIgniter\CodeIgniter->handleRequest(NULL, Object(Config\Cache), false)
#8 C:\xampp\htdocs\kas_rt - Copy\ci4\public\index.php(37): CodeIgniter\CodeIgniter->run()
#9 C:\xampp\htdocs\kas_rt - Copy\ci4\system\Commands\Server\rewrite.php(43): require_once('C:\\xampp\\htdocs...')
#10 {main}
CRITICAL - 2022-07-12 20:03:16 --> Undefined variable $getIuran
#0 C:\xampp\htdocs\kas_rt - Copy\ci4\app\Views\Iuran\create.php(16): CodeIgniter\Debug\Exceptions->errorHandler(2, 'Undefined varia...', 'C:\\xampp\\htdocs...', 16)
#1 C:\xampp\htdocs\kas_rt - Copy\ci4\system\View\View.php(210): include('C:\\xampp\\htdocs...')
#2 C:\xampp\htdocs\kas_rt - Copy\ci4\system\View\View.php(213): CodeIgniter\View\View->CodeIgniter\View\{closure}()
#3 C:\xampp\htdocs\kas_rt - Copy\ci4\system\Common.php(1089): CodeIgniter\View\View->render('iuran/create', Array, true)
#4 C:\xampp\htdocs\kas_rt - Copy\ci4\app\Controllers\Iuran.php(47): view('iuran/create', Array)
#5 C:\xampp\htdocs\kas_rt - Copy\ci4\system\CodeIgniter.php(832): App\Controllers\Iuran->create()
#6 C:\xampp\htdocs\kas_rt - Copy\ci4\system\CodeIgniter.php(419): CodeIgniter\CodeIgniter->runController(Object(App\Controllers\Iuran))
#7 C:\xampp\htdocs\kas_rt - Copy\ci4\system\CodeIgniter.php(326): CodeIgniter\CodeIgniter->handleRequest(NULL, Object(Config\Cache), false)
#8 C:\xampp\htdocs\kas_rt - Copy\ci4\public\index.php(37): CodeIgniter\CodeIgniter->run()
#9 C:\xampp\htdocs\kas_rt - Copy\ci4\system\Commands\Server\rewrite.php(43): require_once('C:\\xampp\\htdocs...')
#10 {main}
CRITICAL - 2022-07-12 20:03:18 --> Undefined variable $getIuran
#0 C:\xampp\htdocs\kas_rt - Copy\ci4\app\Views\Iuran\create.php(16): CodeIgniter\Debug\Exceptions->errorHandler(2, 'Undefined varia...', 'C:\\xampp\\htdocs...', 16)
#1 C:\xampp\htdocs\kas_rt - Copy\ci4\system\View\View.php(210): include('C:\\xampp\\htdocs...')
#2 C:\xampp\htdocs\kas_rt - Copy\ci4\system\View\View.php(213): CodeIgniter\View\View->CodeIgniter\View\{closure}()
#3 C:\xampp\htdocs\kas_rt - Copy\ci4\system\Common.php(1089): CodeIgniter\View\View->render('iuran/create', Array, true)
#4 C:\xampp\htdocs\kas_rt - Copy\ci4\app\Controllers\Iuran.php(47): view('iuran/create', Array)
#5 C:\xampp\htdocs\kas_rt - Copy\ci4\system\CodeIgniter.php(832): App\Controllers\Iuran->create()
#6 C:\xampp\htdocs\kas_rt - Copy\ci4\system\CodeIgniter.php(419): CodeIgniter\CodeIgniter->runController(Object(App\Controllers\Iuran))
#7 C:\xampp\htdocs\kas_rt - Copy\ci4\system\CodeIgniter.php(326): CodeIgniter\CodeIgniter->handleRequest(NULL, Object(Config\Cache), false)
#8 C:\xampp\htdocs\kas_rt - Copy\ci4\public\index.php(37): CodeIgniter\CodeIgniter->run()
#9 C:\xampp\htdocs\kas_rt - Copy\ci4\system\Commands\Server\rewrite.php(43): require_once('C:\\xampp\\htdocs...')
#10 {main}
ERROR - 2022-07-12 22:50:47 --> Cannot add or update a child row: a foreign key constraint fails (`kas_rt`.`iuran`, CONSTRAINT `fk_iuran_warga_idx` FOREIGN KEY (`warga_id`) REFERENCES `warga` (`id`))
CRITICAL - 2022-07-12 22:50:47 --> Cannot add or update a child row: a foreign key constraint fails (`kas_rt`.`iuran`, CONSTRAINT `fk_iuran_warga_idx` FOREIGN KEY (`warga_id`) REFERENCES `warga` (`id`))
#0 C:\xampp\htdocs\kas_rt - Copy\ci4\system\Database\MySQLi\Connection.php(292): mysqli->query('INSERT INTO `iu...', 0)
#1 C:\xampp\htdocs\kas_rt - Copy\ci4\system\Database\BaseConnection.php(670): CodeIgniter\Database\MySQLi\Connection->execute('INSERT INTO `iu...')
#2 C:\xampp\htdocs\kas_rt - Copy\ci4\system\Database\BaseConnection.php(598): CodeIgniter\Database\BaseConnection->simpleQuery('INSERT INTO `iu...')
#3 C:\xampp\htdocs\kas_rt - Copy\ci4\system\Database\BaseBuilder.php(1771): CodeIgniter\Database\BaseConnection->query('INSERT INTO `iu...', Array, false)
#4 C:\xampp\htdocs\kas_rt - Copy\ci4\app\Models\IuranModel.php(29): CodeIgniter\Database\BaseBuilder->insert(Array)
#5 C:\xampp\htdocs\kas_rt - Copy\ci4\app\Controllers\Iuran.php(61): App\Models\IuranModel->tambah_iuran(Array)
#6 C:\xampp\htdocs\kas_rt - Copy\ci4\system\CodeIgniter.php(832): App\Controllers\Iuran->store()
#7 C:\xampp\htdocs\kas_rt - Copy\ci4\system\CodeIgniter.php(419): CodeIgniter\CodeIgniter->runController(Object(App\Controllers\Iuran))
#8 C:\xampp\htdocs\kas_rt - Copy\ci4\system\CodeIgniter.php(326): CodeIgniter\CodeIgniter->handleRequest(NULL, Object(Config\Cache), false)
#9 C:\xampp\htdocs\kas_rt - Copy\ci4\public\index.php(37): CodeIgniter\CodeIgniter->run()
#10 C:\xampp\htdocs\kas_rt - Copy\ci4\system\Commands\Server\rewrite.php(43): require_once('C:\\xampp\\htdocs...')
#11 {main}
ERROR - 2022-07-12 22:51:50 --> Cannot add or update a child row: a foreign key constraint fails (`kas_rt`.`iuran`, CONSTRAINT `fk_iuran_warga_idx` FOREIGN KEY (`warga_id`) REFERENCES `warga` (`id`))
CRITICAL - 2022-07-12 22:51:50 --> Cannot add or update a child row: a foreign key constraint fails (`kas_rt`.`iuran`, CONSTRAINT `fk_iuran_warga_idx` FOREIGN KEY (`warga_id`) REFERENCES `warga` (`id`))
#0 C:\xampp\htdocs\kas_rt - Copy\ci4\system\Database\MySQLi\Connection.php(292): mysqli->query('INSERT INTO `iu...', 0)
#1 C:\xampp\htdocs\kas_rt - Copy\ci4\system\Database\BaseConnection.php(670): CodeIgniter\Database\MySQLi\Connection->execute('INSERT INTO `iu...')
#2 C:\xampp\htdocs\kas_rt - Copy\ci4\system\Database\BaseConnection.php(598): CodeIgniter\Database\BaseConnection->simpleQuery('INSERT INTO `iu...')
#3 C:\xampp\htdocs\kas_rt - Copy\ci4\system\Database\BaseBuilder.php(1771): CodeIgniter\Database\BaseConnection->query('INSERT INTO `iu...', Array, false)
#4 C:\xampp\htdocs\kas_rt - Copy\ci4\app\Models\IuranModel.php(29): CodeIgniter\Database\BaseBuilder->insert(Array)
#5 C:\xampp\htdocs\kas_rt - Copy\ci4\app\Controllers\Iuran.php(61): App\Models\IuranModel->tambah_iuran(Array)
#6 C:\xampp\htdocs\kas_rt - Copy\ci4\system\CodeIgniter.php(832): App\Controllers\Iuran->store()
#7 C:\xampp\htdocs\kas_rt - Copy\ci4\system\CodeIgniter.php(419): CodeIgniter\CodeIgniter->runController(Object(App\Controllers\Iuran))
#8 C:\xampp\htdocs\kas_rt - Copy\ci4\system\CodeIgniter.php(326): CodeIgniter\CodeIgniter->handleRequest(NULL, Object(Config\Cache), false)
#9 C:\xampp\htdocs\kas_rt - Copy\ci4\public\index.php(37): CodeIgniter\CodeIgniter->run()
#10 C:\xampp\htdocs\kas_rt - Copy\ci4\system\Commands\Server\rewrite.php(43): require_once('C:\\xampp\\htdocs...')
#11 {main}
CRITICAL - 2022-07-12 23:00:48 --> Undefined variable $getIuran
#0 C:\xampp\htdocs\kas_rt - Copy\ci4\app\Models\IuranModel.php(35): CodeIgniter\Debug\Exceptions->errorHandler(2, 'Undefined varia...', 'C:\\xampp\\htdocs...', 35)
#1 C:\xampp\htdocs\kas_rt - Copy\ci4\app\Controllers\Iuran.php(22): App\Models\IuranModel->search('y')
#2 C:\xampp\htdocs\kas_rt - Copy\ci4\system\CodeIgniter.php(832): App\Controllers\Iuran->index()
#3 C:\xampp\htdocs\kas_rt - Copy\ci4\system\CodeIgniter.php(419): CodeIgniter\CodeIgniter->runController(Object(App\Controllers\Iuran))
#4 C:\xampp\htdocs\kas_rt - Copy\ci4\system\CodeIgniter.php(326): CodeIgniter\CodeIgniter->handleRequest(NULL, Object(Config\Cache), false)
#5 C:\xampp\htdocs\kas_rt - Copy\ci4\public\index.php(37): CodeIgniter\CodeIgniter->run()
#6 C:\xampp\htdocs\kas_rt - Copy\ci4\system\Commands\Server\rewrite.php(43): require_once('C:\\xampp\\htdocs...')
#7 {main}
CRITICAL - 2022-07-12 23:01:32 --> Undefined variable $getWarga
#0 C:\xampp\htdocs\kas_rt - Copy\ci4\app\Models\IuranModel.php(35): CodeIgniter\Debug\Exceptions->errorHandler(2, 'Undefined varia...', 'C:\\xampp\\htdocs...', 35)
#1 C:\xampp\htdocs\kas_rt - Copy\ci4\app\Controllers\Iuran.php(22): App\Models\IuranModel->search('aa')
#2 C:\xampp\htdocs\kas_rt - Copy\ci4\system\CodeIgniter.php(832): App\Controllers\Iuran->index()
#3 C:\xampp\htdocs\kas_rt - Copy\ci4\system\CodeIgniter.php(419): CodeIgniter\CodeIgniter->runController(Object(App\Controllers\Iuran))
#4 C:\xampp\htdocs\kas_rt - Copy\ci4\system\CodeIgniter.php(326): CodeIgniter\CodeIgniter->handleRequest(NULL, Object(Config\Cache), false)
#5 C:\xampp\htdocs\kas_rt - Copy\ci4\public\index.php(37): CodeIgniter\CodeIgniter->run()
#6 C:\xampp\htdocs\kas_rt - Copy\ci4\system\Commands\Server\rewrite.php(43): require_once('C:\\xampp\\htdocs...')
#7 {main}
ERROR - 2022-07-12 23:02:55 --> Unknown column 'nama' in 'where clause'
CRITICAL - 2022-07-12 23:02:55 --> Unknown column 'nama' in 'where clause'
#0 C:\xampp\htdocs\kas_rt - Copy\ci4\system\Database\MySQLi\Connection.php(292): mysqli->query('SELECT COUNT(*)...', 0)
#1 C:\xampp\htdocs\kas_rt - Copy\ci4\system\Database\BaseConnection.php(670): CodeIgniter\Database\MySQLi\Connection->execute('SELECT COUNT(*)...')
#2 C:\xampp\htdocs\kas_rt - Copy\ci4\system\Database\BaseConnection.php(598): CodeIgniter\Database\BaseConnection->simpleQuery('SELECT COUNT(*)...')
#3 C:\xampp\htdocs\kas_rt - Copy\ci4\system\Database\BaseBuilder.php(1539): CodeIgniter\Database\BaseConnection->query('SELECT COUNT(*)...', Array, false)
#4 C:\xampp\htdocs\kas_rt - Copy\ci4\system\Model.php(509): CodeIgniter\Database\BaseBuilder->countAllResults(false)
#5 C:\xampp\htdocs\kas_rt - Copy\ci4\system\BaseModel.php(1084): CodeIgniter\Model->countAllResults(false)
#6 C:\xampp\htdocs\kas_rt - Copy\ci4\app\Controllers\Iuran.php(33): CodeIgniter\BaseModel->paginate(10, 'iuran')
#7 C:\xampp\htdocs\kas_rt - Copy\ci4\system\CodeIgniter.php(832): App\Controllers\Iuran->index()
#8 C:\xampp\htdocs\kas_rt - Copy\ci4\system\CodeIgniter.php(419): CodeIgniter\CodeIgniter->runController(Object(App\Controllers\Iuran))
#9 C:\xampp\htdocs\kas_rt - Copy\ci4\system\CodeIgniter.php(326): CodeIgniter\CodeIgniter->handleRequest(NULL, Object(Config\Cache), false)
#10 C:\xampp\htdocs\kas_rt - Copy\ci4\public\index.php(37): CodeIgniter\CodeIgniter->run()
#11 C:\xampp\htdocs\kas_rt - Copy\ci4\system\Commands\Server\rewrite.php(43): require_once('C:\\xampp\\htdocs...')
#12 {main}
CRITICAL - 2022-07-12 23:04:35 --> Undefined variable $getIuran
#0 C:\xampp\htdocs\kas_rt - Copy\ci4\app\Models\IuranModel.php(35): CodeIgniter\Debug\Exceptions->errorHandler(2, 'Undefined varia...', 'C:\\xampp\\htdocs...', 35)
#1 C:\xampp\htdocs\kas_rt - Copy\ci4\app\Controllers\Iuran.php(22): App\Models\IuranModel->search('a')
#2 C:\xampp\htdocs\kas_rt - Copy\ci4\system\CodeIgniter.php(832): App\Controllers\Iuran->index()
#3 C:\xampp\htdocs\kas_rt - Copy\ci4\system\CodeIgniter.php(419): CodeIgniter\CodeIgniter->runController(Object(App\Controllers\Iuran))
#4 C:\xampp\htdocs\kas_rt - Copy\ci4\system\CodeIgniter.php(326): CodeIgniter\CodeIgniter->handleRequest(NULL, Object(Config\Cache), false)
#5 C:\xampp\htdocs\kas_rt - Copy\ci4\public\index.php(37): CodeIgniter\CodeIgniter->run()
#6 C:\xampp\htdocs\kas_rt - Copy\ci4\system\Commands\Server\rewrite.php(43): require_once('C:\\xampp\\htdocs...')
#7 {main}
CRITICAL - 2022-07-12 23:07:10 --> Undefined variable $getIuran
#0 C:\xampp\htdocs\kas_rt - Copy\ci4\app\Models\IuranModel.php(35): CodeIgniter\Debug\Exceptions->errorHandler(2, 'Undefined varia...', 'C:\\xampp\\htdocs...', 35)
#1 C:\xampp\htdocs\kas_rt - Copy\ci4\app\Controllers\Iuran.php(22): App\Models\IuranModel->search('a')
#2 C:\xampp\htdocs\kas_rt - Copy\ci4\system\CodeIgniter.php(832): App\Controllers\Iuran->index()
#3 C:\xampp\htdocs\kas_rt - Copy\ci4\system\CodeIgniter.php(419): CodeIgniter\CodeIgniter->runController(Object(App\Controllers\Iuran))
#4 C:\xampp\htdocs\kas_rt - Copy\ci4\system\CodeIgniter.php(326): CodeIgniter\CodeIgniter->handleRequest(NULL, Object(Config\Cache), false)
#5 C:\xampp\htdocs\kas_rt - Copy\ci4\public\index.php(37): CodeIgniter\CodeIgniter->run()
#6 C:\xampp\htdocs\kas_rt - Copy\ci4\system\Commands\Server\rewrite.php(43): require_once('C:\\xampp\\htdocs...')
#7 {main}
CRITICAL - 2022-07-12 23:07:24 --> Undefined variable $getIuran
#0 C:\xampp\htdocs\kas_rt - Copy\ci4\app\Models\IuranModel.php(35): CodeIgniter\Debug\Exceptions->errorHandler(2, 'Undefined varia...', 'C:\\xampp\\htdocs...', 35)
#1 C:\xampp\htdocs\kas_rt - Copy\ci4\app\Controllers\Iuran.php(22): App\Models\IuranModel->search('a')
#2 C:\xampp\htdocs\kas_rt - Copy\ci4\system\CodeIgniter.php(832): App\Controllers\Iuran->index()
#3 C:\xampp\htdocs\kas_rt - Copy\ci4\system\CodeIgniter.php(419): CodeIgniter\CodeIgniter->runController(Object(App\Controllers\Iuran))
#4 C:\xampp\htdocs\kas_rt - Copy\ci4\system\CodeIgniter.php(326): CodeIgniter\CodeIgniter->handleRequest(NULL, Object(Config\Cache), false)
#5 C:\xampp\htdocs\kas_rt - Copy\ci4\public\index.php(37): CodeIgniter\CodeIgniter->run()
#6 C:\xampp\htdocs\kas_rt - Copy\ci4\system\Commands\Server\rewrite.php(43): require_once('C:\\xampp\\htdocs...')
#7 {main}
CRITICAL - 2022-07-12 23:07:39 --> Undefined variable $getIuran
#0 C:\xampp\htdocs\kas_rt - Copy\ci4\app\Models\IuranModel.php(35): CodeIgniter\Debug\Exceptions->errorHandler(2, 'Undefined varia...', 'C:\\xampp\\htdocs...', 35)
#1 C:\xampp\htdocs\kas_rt - Copy\ci4\app\Controllers\Iuran.php(22): App\Models\IuranModel->search('a')
#2 C:\xampp\htdocs\kas_rt - Copy\ci4\system\CodeIgniter.php(832): App\Controllers\Iuran->index()
#3 C:\xampp\htdocs\kas_rt - Copy\ci4\system\CodeIgniter.php(419): CodeIgniter\CodeIgniter->runController(Object(App\Controllers\Iuran))
#4 C:\xampp\htdocs\kas_rt - Copy\ci4\system\CodeIgniter.php(326): CodeIgniter\CodeIgniter->handleRequest(NULL, Object(Config\Cache), false)
#5 C:\xampp\htdocs\kas_rt - Copy\ci4\public\index.php(37): CodeIgniter\CodeIgniter->run()
#6 C:\xampp\htdocs\kas_rt - Copy\ci4\system\Commands\Server\rewrite.php(43): require_once('C:\\xampp\\htdocs...')
#7 {main}
CRITICAL - 2022-07-12 23:08:39 --> Call to a member function like() on array
#0 C:\xampp\htdocs\kas_rt - Copy\ci4\app\Controllers\Iuran.php(22): App\Models\IuranModel->search('a')
#1 C:\xampp\htdocs\kas_rt - Copy\ci4\system\CodeIgniter.php(832): App\Controllers\Iuran->index()
#2 C:\xampp\htdocs\kas_rt - Copy\ci4\system\CodeIgniter.php(419): CodeIgniter\CodeIgniter->runController(Object(App\Controllers\Iuran))
#3 C:\xampp\htdocs\kas_rt - Copy\ci4\system\CodeIgniter.php(326): CodeIgniter\CodeIgniter->handleRequest(NULL, Object(Config\Cache), false)
#4 C:\xampp\htdocs\kas_rt - Copy\ci4\public\index.php(37): CodeIgniter\CodeIgniter->run()
#5 C:\xampp\htdocs\kas_rt - Copy\ci4\system\Commands\Server\rewrite.php(43): require_once('C:\\xampp\\htdocs...')
#6 {main}
CRITICAL - 2022-07-12 23:09:30 --> Call to a member function like() on array
#0 C:\xampp\htdocs\kas_rt - Copy\ci4\app\Controllers\Iuran.php(22): App\Models\IuranModel->search('a')
#1 C:\xampp\htdocs\kas_rt - Copy\ci4\system\CodeIgniter.php(832): App\Controllers\Iuran->index()
#2 C:\xampp\htdocs\kas_rt - Copy\ci4\system\CodeIgniter.php(419): CodeIgniter\CodeIgniter->runController(Object(App\Controllers\Iuran))
#3 C:\xampp\htdocs\kas_rt - Copy\ci4\system\CodeIgniter.php(326): CodeIgniter\CodeIgniter->handleRequest(NULL, Object(Config\Cache), false)
#4 C:\xampp\htdocs\kas_rt - Copy\ci4\public\index.php(37): CodeIgniter\CodeIgniter->run()
#5 C:\xampp\htdocs\kas_rt - Copy\ci4\system\Commands\Server\rewrite.php(43): require_once('C:\\xampp\\htdocs...')
#6 {main}
CRITICAL - 2022-07-12 23:09:47 --> Call to a member function like() on array
#0 C:\xampp\htdocs\kas_rt - Copy\ci4\app\Controllers\Iuran.php(22): App\Models\IuranModel->search('a')
#1 C:\xampp\htdocs\kas_rt - Copy\ci4\system\CodeIgniter.php(832): App\Controllers\Iuran->index()
#2 C:\xampp\htdocs\kas_rt - Copy\ci4\system\CodeIgniter.php(419): CodeIgniter\CodeIgniter->runController(Object(App\Controllers\Iuran))
#3 C:\xampp\htdocs\kas_rt - Copy\ci4\system\CodeIgniter.php(326): CodeIgniter\CodeIgniter->handleRequest(NULL, Object(Config\Cache), false)
#4 C:\xampp\htdocs\kas_rt - Copy\ci4\public\index.php(37): CodeIgniter\CodeIgniter->run()
#5 C:\xampp\htdocs\kas_rt - Copy\ci4\system\Commands\Server\rewrite.php(43): require_once('C:\\xampp\\htdocs...')
#6 {main}
CRITICAL - 2022-07-12 23:11:15 --> syntax error, unexpected token "(", expecting identifier or variable or "{" or "$"
#0 C:\xampp\htdocs\kas_rt - Copy\ci4\system\Autoloader\Autoloader.php(241): CodeIgniter\Autoloader\Autoloader->includeFile('C:\\xampp\\htdocs...')
#1 C:\xampp\htdocs\kas_rt - Copy\ci4\system\Autoloader\Autoloader.php(219): CodeIgniter\Autoloader\Autoloader->loadInNamespace('App\\Models\\Iura...')
#2 C:\xampp\htdocs\kas_rt - Copy\ci4\app\Controllers\Iuran.php(14): CodeIgniter\Autoloader\Autoloader->loadClass('App\\Models\\Iura...')
#3 C:\xampp\htdocs\kas_rt - Copy\ci4\system\CodeIgniter.php(809): App\Controllers\Iuran->__construct()
#4 C:\xampp\htdocs\kas_rt - Copy\ci4\system\CodeIgniter.php(410): CodeIgniter\CodeIgniter->createController()
#5 C:\xampp\htdocs\kas_rt - Copy\ci4\system\CodeIgniter.php(326): CodeIgniter\CodeIgniter->handleRequest(NULL, Object(Config\Cache), false)
#6 C:\xampp\htdocs\kas_rt - Copy\ci4\public\index.php(37): CodeIgniter\CodeIgniter->run()
#7 C:\xampp\htdocs\kas_rt - Copy\ci4\system\Commands\Server\rewrite.php(43): require_once('C:\\xampp\\htdocs...')
#8 {main}
CRITICAL - 2022-07-12 23:11:17 --> syntax error, unexpected token "(", expecting identifier or variable or "{" or "$"
#0 C:\xampp\htdocs\kas_rt - Copy\ci4\system\Autoloader\Autoloader.php(241): CodeIgniter\Autoloader\Autoloader->includeFile('C:\\xampp\\htdocs...')
#1 C:\xampp\htdocs\kas_rt - Copy\ci4\system\Autoloader\Autoloader.php(219): CodeIgniter\Autoloader\Autoloader->loadInNamespace('App\\Models\\Iura...')
#2 C:\xampp\htdocs\kas_rt - Copy\ci4\app\Controllers\Iuran.php(14): CodeIgniter\Autoloader\Autoloader->loadClass('App\\Models\\Iura...')
#3 C:\xampp\htdocs\kas_rt - Copy\ci4\system\CodeIgniter.php(809): App\Controllers\Iuran->__construct()
#4 C:\xampp\htdocs\kas_rt - Copy\ci4\system\CodeIgniter.php(410): CodeIgniter\CodeIgniter->createController()
#5 C:\xampp\htdocs\kas_rt - Copy\ci4\system\CodeIgniter.php(326): CodeIgniter\CodeIgniter->handleRequest(NULL, Object(Config\Cache), false)
#6 C:\xampp\htdocs\kas_rt - Copy\ci4\public\index.php(37): CodeIgniter\CodeIgniter->run()
#7 C:\xampp\htdocs\kas_rt - Copy\ci4\system\Commands\Server\rewrite.php(43): require_once('C:\\xampp\\htdocs...')
#8 {main}
CRITICAL - 2022-07-12 23:11:57 --> Call to a member function like() on array
#0 C:\xampp\htdocs\kas_rt - Copy\ci4\app\Controllers\Iuran.php(22): App\Models\IuranModel->search('a')
#1 C:\xampp\htdocs\kas_rt - Copy\ci4\system\CodeIgniter.php(832): App\Controllers\Iuran->index()
#2 C:\xampp\htdocs\kas_rt - Copy\ci4\system\CodeIgniter.php(419): CodeIgniter\CodeIgniter->runController(Object(App\Controllers\Iuran))
#3 C:\xampp\htdocs\kas_rt - Copy\ci4\system\CodeIgniter.php(326): CodeIgniter\CodeIgniter->handleRequest(NULL, Object(Config\Cache), false)
#4 C:\xampp\htdocs\kas_rt - Copy\ci4\public\index.php(37): CodeIgniter\CodeIgniter->run()
#5 C:\xampp\htdocs\kas_rt - Copy\ci4\system\Commands\Server\rewrite.php(43): require_once('C:\\xampp\\htdocs...')
#6 {main}
CRITICAL - 2022-07-12 23:21:20 --> Call to undefined method App\Controllers\Iuran::getIuran()
#0 C:\xampp\htdocs\kas_rt - Copy\ci4\system\CodeIgniter.php(832): App\Controllers\Iuran->index()
#1 C:\xampp\htdocs\kas_rt - Copy\ci4\system\CodeIgniter.php(419): CodeIgniter\CodeIgniter->runController(Object(App\Controllers\Iuran))
#2 C:\xampp\htdocs\kas_rt - Copy\ci4\system\CodeIgniter.php(326): CodeIgniter\CodeIgniter->handleRequest(NULL, Object(Config\Cache), false)
#3 C:\xampp\htdocs\kas_rt - Copy\ci4\public\index.php(37): CodeIgniter\CodeIgniter->run()
#4 C:\xampp\htdocs\kas_rt - Copy\ci4\system\Commands\Server\rewrite.php(43): require_once('C:\\xampp\\htdocs...')
#5 {main}
CRITICAL - 2022-07-12 23:22:00 --> Undefined variable $model
#0 C:\xampp\htdocs\kas_rt - Copy\ci4\app\Controllers\Iuran.php(22): CodeIgniter\Debug\Exceptions->errorHandler(2, 'Undefined varia...', 'C:\\xampp\\htdocs...', 22)
#1 C:\xampp\htdocs\kas_rt - Copy\ci4\system\CodeIgniter.php(832): App\Controllers\Iuran->index()
#2 C:\xampp\htdocs\kas_rt - Copy\ci4\system\CodeIgniter.php(419): CodeIgniter\CodeIgniter->runController(Object(App\Controllers\Iuran))
#3 C:\xampp\htdocs\kas_rt - Copy\ci4\system\CodeIgniter.php(326): CodeIgniter\CodeIgniter->handleRequest(NULL, Object(Config\Cache), false)
#4 C:\xampp\htdocs\kas_rt - Copy\ci4\public\index.php(37): CodeIgniter\CodeIgniter->run()
#5 C:\xampp\htdocs\kas_rt - Copy\ci4\system\Commands\Server\rewrite.php(43): require_once('C:\\xampp\\htdocs...')
#6 {main}
CRITICAL - 2022-07-12 23:25:03 --> Call to a member function like() on array
#0 C:\xampp\htdocs\kas_rt - Copy\ci4\app\Controllers\Iuran.php(22): App\Models\IuranModel->search('a')
#1 C:\xampp\htdocs\kas_rt - Copy\ci4\system\CodeIgniter.php(832): App\Controllers\Iuran->index()
#2 C:\xampp\htdocs\kas_rt - Copy\ci4\system\CodeIgniter.php(419): CodeIgniter\CodeIgniter->runController(Object(App\Controllers\Iuran))
#3 C:\xampp\htdocs\kas_rt - Copy\ci4\system\CodeIgniter.php(326): CodeIgniter\CodeIgniter->handleRequest(NULL, Object(Config\Cache), false)
#4 C:\xampp\htdocs\kas_rt - Copy\ci4\public\index.php(37): CodeIgniter\CodeIgniter->run()
#5 C:\xampp\htdocs\kas_rt - Copy\ci4\system\Commands\Server\rewrite.php(43): require_once('C:\\xampp\\htdocs...')
#6 {main}
ERROR - 2022-07-12 23:34:03 --> Unknown column 'nama' in 'where clause'
CRITICAL - 2022-07-12 23:34:03 --> Unknown column 'nama' in 'where clause'
#0 C:\xampp\htdocs\kas_rt - Copy\ci4\system\Database\MySQLi\Connection.php(292): mysqli->query('SELECT COUNT(*)...', 0)
#1 C:\xampp\htdocs\kas_rt - Copy\ci4\system\Database\BaseConnection.php(670): CodeIgniter\Database\MySQLi\Connection->execute('SELECT COUNT(*)...')
#2 C:\xampp\htdocs\kas_rt - Copy\ci4\system\Database\BaseConnection.php(598): CodeIgniter\Database\BaseConnection->simpleQuery('SELECT COUNT(*)...')
#3 C:\xampp\htdocs\kas_rt - Copy\ci4\system\Database\BaseBuilder.php(1539): CodeIgniter\Database\BaseConnection->query('SELECT COUNT(*)...', Array, false)
#4 C:\xampp\htdocs\kas_rt - Copy\ci4\system\Model.php(509): CodeIgniter\Database\BaseBuilder->countAllResults(false)
#5 C:\xampp\htdocs\kas_rt - Copy\ci4\system\BaseModel.php(1084): CodeIgniter\Model->countAllResults(false)
#6 C:\xampp\htdocs\kas_rt - Copy\ci4\app\Controllers\Iuran.php(33): CodeIgniter\BaseModel->paginate(10, 'iuran')
#7 C:\xampp\htdocs\kas_rt - Copy\ci4\system\CodeIgniter.php(832): App\Controllers\Iuran->index()
#8 C:\xampp\htdocs\kas_rt - Copy\ci4\system\CodeIgniter.php(419): CodeIgniter\CodeIgniter->runController(Object(App\Controllers\Iuran))
#9 C:\xampp\htdocs\kas_rt - Copy\ci4\system\CodeIgniter.php(326): CodeIgniter\CodeIgniter->handleRequest(NULL, Object(Config\Cache), false)
#10 C:\xampp\htdocs\kas_rt - Copy\ci4\public\index.php(37): CodeIgniter\CodeIgniter->run()
#11 C:\xampp\htdocs\kas_rt - Copy\ci4\system\Commands\Server\rewrite.php(43): require_once('C:\\xampp\\htdocs...')
#12 {main}
ERROR - 2022-07-12 23:37:40 --> Unknown column 'nama' in 'where clause'
CRITICAL - 2022-07-12 23:37:40 --> Unknown column 'nama' in 'where clause'
#0 C:\xampp\htdocs\kas_rt - Copy\ci4\system\Database\MySQLi\Connection.php(292): mysqli->query('SELECT COUNT(*)...', 0)
#1 C:\xampp\htdocs\kas_rt - Copy\ci4\system\Database\BaseConnection.php(670): CodeIgniter\Database\MySQLi\Connection->execute('SELECT COUNT(*)...')
#2 C:\xampp\htdocs\kas_rt - Copy\ci4\system\Database\BaseConnection.php(598): CodeIgniter\Database\BaseConnection->simpleQuery('SELECT COUNT(*)...')
#3 C:\xampp\htdocs\kas_rt - Copy\ci4\system\Database\BaseBuilder.php(1539): CodeIgniter\Database\BaseConnection->query('SELECT COUNT(*)...', Array, false)
#4 C:\xampp\htdocs\kas_rt - Copy\ci4\system\Model.php(509): CodeIgniter\Database\BaseBuilder->countAllResults(false)
#5 C:\xampp\htdocs\kas_rt - Copy\ci4\system\BaseModel.php(1084): CodeIgniter\Model->countAllResults(false)
#6 C:\xampp\htdocs\kas_rt - Copy\ci4\app\Controllers\Iuran.php(33): CodeIgniter\BaseModel->paginate(10, 'iuran')
#7 C:\xampp\htdocs\kas_rt - Copy\ci4\system\CodeIgniter.php(832): App\Controllers\Iuran->index()
#8 C:\xampp\htdocs\kas_rt - Copy\ci4\system\CodeIgniter.php(419): CodeIgniter\CodeIgniter->runController(Object(App\Controllers\Iuran))
#9 C:\xampp\htdocs\kas_rt - Copy\ci4\system\CodeIgniter.php(326): CodeIgniter\CodeIgniter->handleRequest(NULL, Object(Config\Cache), false)
#10 C:\xampp\htdocs\kas_rt - Copy\ci4\public\index.php(37): CodeIgniter\CodeIgniter->run()
#11 C:\xampp\htdocs\kas_rt - Copy\ci4\system\Commands\Server\rewrite.php(43): require_once('C:\\xampp\\htdocs...')
#12 {main}
CRITICAL - 2022-07-12 23:48:11 --> Call to a member function like() on array
#0 C:\xampp\htdocs\kas_rt - Copy\ci4\app\Controllers\Iuran.php(22): App\Models\IuranModel->search('a')
#1 C:\xampp\htdocs\kas_rt - Copy\ci4\system\CodeIgniter.php(832): App\Controllers\Iuran->index()
#2 C:\xampp\htdocs\kas_rt - Copy\ci4\system\CodeIgniter.php(419): CodeIgniter\CodeIgniter->runController(Object(App\Controllers\Iuran))
#3 C:\xampp\htdocs\kas_rt - Copy\ci4\system\CodeIgniter.php(326): CodeIgniter\CodeIgniter->handleRequest(NULL, Object(Config\Cache), false)
#4 C:\xampp\htdocs\kas_rt - Copy\ci4\public\index.php(37): CodeIgniter\CodeIgniter->run()
#5 C:\xampp\htdocs\kas_rt - Copy\ci4\system\Commands\Server\rewrite.php(43): require_once('C:\\xampp\\htdocs...')
#6 {main}
