CRITICAL - 2022-07-13 01:40:38 --> Invalid file: header_view.php
#0 C:\xampp\htdocs\kas_rt - Copy\ci4\system\View\View.php(198): CodeIgniter\Exceptions\FrameworkException::forInvalidFile('header_view.php')
#1 C:\xampp\htdocs\kas_rt - Copy\ci4\system\Common.php(1089): CodeIgniter\View\View->render('header_view', Array, true)
#2 C:\xampp\htdocs\kas_rt - Copy\ci4\app\Controllers\Laporan.php(19): view('header_view', Array)
#3 C:\xampp\htdocs\kas_rt - Copy\ci4\system\CodeIgniter.php(832): App\Controllers\Laporan->index()
#4 C:\xampp\htdocs\kas_rt - Copy\ci4\system\CodeIgniter.php(419): CodeIgniter\CodeIgniter->runController(Object(App\Controllers\Laporan))
#5 C:\xampp\htdocs\kas_rt - Copy\ci4\system\CodeIgniter.php(326): CodeIgniter\CodeIgniter->handleRequest(NULL, Object(Config\Cache), false)
#6 C:\xampp\htdocs\kas_rt - Copy\ci4\public\index.php(37): CodeIgniter\CodeIgniter->run()
#7 C:\xampp\htdocs\kas_rt - Copy\ci4\system\Commands\Server\rewrite.php(43): require_once('C:\\xampp\\htdocs...')
#8 {main}
CRITICAL - 2022-07-13 01:42:39 --> Invalid file: header_view.php
#0 C:\xampp\htdocs\kas_rt - Copy\ci4\system\View\View.php(198): CodeIgniter\Exceptions\FrameworkException::forInvalidFile('header_view.php')
#1 C:\xampp\htdocs\kas_rt - Copy\ci4\system\Common.php(1089): CodeIgniter\View\View->render('header_view', Array, true)
#2 C:\xampp\htdocs\kas_rt - Copy\ci4\app\Controllers\Laporan.php(19): view('header_view', Array)
#3 C:\xampp\htdocs\kas_rt - Copy\ci4\system\CodeIgniter.php(832): App\Controllers\Laporan->index()
#4 C:\xampp\htdocs\kas_rt - Copy\ci4\system\CodeIgniter.php(419): CodeIgniter\CodeIgniter->runController(Object(App\Controllers\Laporan))
#5 C:\xampp\htdocs\kas_rt - Copy\ci4\system\CodeIgniter.php(326): CodeIgniter\CodeIgniter->handleRequest(NULL, Object(Config\Cache), false)
#6 C:\xampp\htdocs\kas_rt - Copy\ci4\public\index.php(37): CodeIgniter\CodeIgniter->run()
#7 C:\xampp\htdocs\kas_rt - Copy\ci4\system\Commands\Server\rewrite.php(43): require_once('C:\\xampp\\htdocs...')
#8 {main}
CRITICAL - 2022-07-13 01:43:24 --> Invalid file: header_view.php
#0 C:\xampp\htdocs\kas_rt - Copy\ci4\system\View\View.php(198): CodeIgniter\Exceptions\FrameworkException::forInvalidFile('header_view.php')
#1 C:\xampp\htdocs\kas_rt - Copy\ci4\system\Common.php(1089): CodeIgniter\View\View->render('header_view', Array, true)
#2 C:\xampp\htdocs\kas_rt - Copy\ci4\app\Controllers\Laporan.php(19): view('header_view', Array)
#3 C:\xampp\htdocs\kas_rt - Copy\ci4\system\CodeIgniter.php(832): App\Controllers\Laporan->index()
#4 C:\xampp\htdocs\kas_rt - Copy\ci4\system\CodeIgniter.php(419): CodeIgniter\CodeIgniter->runController(Object(App\Controllers\Laporan))
#5 C:\xampp\htdocs\kas_rt - Copy\ci4\system\CodeIgniter.php(326): CodeIgniter\CodeIgniter->handleRequest(NULL, Object(Config\Cache), false)
#6 C:\xampp\htdocs\kas_rt - Copy\ci4\public\index.php(37): CodeIgniter\CodeIgniter->run()
#7 C:\xampp\htdocs\kas_rt - Copy\ci4\system\Commands\Server\rewrite.php(43): require_once('C:\\xampp\\htdocs...')
#8 {main}
CRITICAL - 2022-07-13 01:45:02 --> Invalid file: header_view.php
#0 C:\xampp\htdocs\kas_rt - Copy\ci4\system\View\View.php(198): CodeIgniter\Exceptions\FrameworkException::forInvalidFile('header_view.php')
#1 C:\xampp\htdocs\kas_rt - Copy\ci4\system\Common.php(1089): CodeIgniter\View\View->render('header_view', Array, true)
#2 C:\xampp\htdocs\kas_rt - Copy\ci4\app\Controllers\Laporan.php(19): view('header_view', Array)
#3 C:\xampp\htdocs\kas_rt - Copy\ci4\system\CodeIgniter.php(832): App\Controllers\Laporan->index()
#4 C:\xampp\htdocs\kas_rt - Copy\ci4\system\CodeIgniter.php(419): CodeIgniter\CodeIgniter->runController(Object(App\Controllers\Laporan))
#5 C:\xampp\htdocs\kas_rt - Copy\ci4\system\CodeIgniter.php(326): CodeIgniter\CodeIgniter->handleRequest(NULL, Object(Config\Cache), false)
#6 C:\xampp\htdocs\kas_rt - Copy\ci4\public\index.php(37): CodeIgniter\CodeIgniter->run()
#7 C:\xampp\htdocs\kas_rt - Copy\ci4\system\Commands\Server\rewrite.php(43): require_once('C:\\xampp\\htdocs...')
#8 {main}
CRITICAL - 2022-07-13 01:45:55 --> syntax error, unexpected token "}", expecting ";"
#0 C:\xampp\htdocs\kas_rt - Copy\ci4\system\Router\Router.php(175): CodeIgniter\Router\Router->autoRoute('Laporan')
#1 C:\xampp\htdocs\kas_rt - Copy\ci4\system\CodeIgniter.php(726): CodeIgniter\Router\Router->handle('Laporan')
#2 C:\xampp\htdocs\kas_rt - Copy\ci4\system\CodeIgniter.php(368): CodeIgniter\CodeIgniter->tryToRouteIt(Object(CodeIgniter\Router\RouteCollection))
#3 C:\xampp\htdocs\kas_rt - Copy\ci4\system\CodeIgniter.php(326): CodeIgniter\CodeIgniter->handleRequest(NULL, Object(Config\Cache), false)
#4 C:\xampp\htdocs\kas_rt - Copy\ci4\public\index.php(37): CodeIgniter\CodeIgniter->run()
#5 C:\xampp\htdocs\kas_rt - Copy\ci4\system\Commands\Server\rewrite.php(43): require_once('C:\\xampp\\htdocs...')
#6 {main}
CRITICAL - 2022-07-13 01:46:10 --> Invalid file: index.php
#0 C:\xampp\htdocs\kas_rt - Copy\ci4\system\View\View.php(198): CodeIgniter\Exceptions\FrameworkException::forInvalidFile('index.php')
#1 C:\xampp\htdocs\kas_rt - Copy\ci4\system\Common.php(1089): CodeIgniter\View\View->render('index', Array, true)
#2 C:\xampp\htdocs\kas_rt - Copy\ci4\app\Controllers\Laporan.php(19): view('index', Array)
#3 C:\xampp\htdocs\kas_rt - Copy\ci4\system\CodeIgniter.php(832): App\Controllers\Laporan->index()
#4 C:\xampp\htdocs\kas_rt - Copy\ci4\system\CodeIgniter.php(419): CodeIgniter\CodeIgniter->runController(Object(App\Controllers\Laporan))
#5 C:\xampp\htdocs\kas_rt - Copy\ci4\system\CodeIgniter.php(326): CodeIgniter\CodeIgniter->handleRequest(NULL, Object(Config\Cache), false)
#6 C:\xampp\htdocs\kas_rt - Copy\ci4\public\index.php(37): CodeIgniter\CodeIgniter->run()
#7 C:\xampp\htdocs\kas_rt - Copy\ci4\system\Commands\Server\rewrite.php(43): require_once('C:\\xampp\\htdocs...')
#8 {main}
ERROR - 2022-07-13 01:47:07 --> Unknown column 'warga_nik' in 'field list'
CRITICAL - 2022-07-13 01:47:07 --> Unknown column 'warga_nik' in 'field list'
#0 C:\xampp\htdocs\kas_rt - Copy\ci4\system\Database\MySQLi\Connection.php(292): mysqli->query('(SELECT nama FR...', 0)
#1 C:\xampp\htdocs\kas_rt - Copy\ci4\system\Database\BaseConnection.php(670): CodeIgniter\Database\MySQLi\Connection->execute('(SELECT nama FR...')
#2 C:\xampp\htdocs\kas_rt - Copy\ci4\system\Database\BaseConnection.php(598): CodeIgniter\Database\BaseConnection->simpleQuery('(SELECT nama FR...')
#3 C:\xampp\htdocs\kas_rt - Copy\ci4\app\Controllers\Laporan.php(32): CodeIgniter\Database\BaseConnection->query('(SELECT nama FR...', false)
#4 C:\xampp\htdocs\kas_rt - Copy\ci4\system\CodeIgniter.php(832): App\Controllers\Laporan->total()
#5 C:\xampp\htdocs\kas_rt - Copy\ci4\system\CodeIgniter.php(419): CodeIgniter\CodeIgniter->runController(Object(App\Controllers\Laporan))
#6 C:\xampp\htdocs\kas_rt - Copy\ci4\system\CodeIgniter.php(326): CodeIgniter\CodeIgniter->handleRequest(NULL, Object(Config\Cache), false)
#7 C:\xampp\htdocs\kas_rt - Copy\ci4\public\index.php(37): CodeIgniter\CodeIgniter->run()
#8 C:\xampp\htdocs\kas_rt - Copy\ci4\system\Commands\Server\rewrite.php(43): require_once('C:\\xampp\\htdocs...')
#9 {main}
ERROR - 2022-07-13 02:01:48 --> Column 'warga_id' cannot be null
CRITICAL - 2022-07-13 02:01:48 --> Column 'warga_id' cannot be null
#0 C:\xampp\htdocs\kas_rt - Copy\ci4\system\Database\MySQLi\Connection.php(292): mysqli->query('INSERT INTO `iu...', 0)
#1 C:\xampp\htdocs\kas_rt - Copy\ci4\system\Database\BaseConnection.php(670): CodeIgniter\Database\MySQLi\Connection->execute('INSERT INTO `iu...')
#2 C:\xampp\htdocs\kas_rt - Copy\ci4\system\Database\BaseConnection.php(598): CodeIgniter\Database\BaseConnection->simpleQuery('INSERT INTO `iu...')
#3 C:\xampp\htdocs\kas_rt - Copy\ci4\system\Database\BaseBuilder.php(1771): CodeIgniter\Database\BaseConnection->query('INSERT INTO `iu...', Array, false)
#4 C:\xampp\htdocs\kas_rt - Copy\ci4\app\Models\IuranModel.php(29): CodeIgniter\Database\BaseBuilder->insert(Array)
#5 C:\xampp\htdocs\kas_rt - Copy\ci4\app\Controllers\Iuran.php(61): App\Models\IuranModel->tambah_iuran(Array)
#6 C:\xampp\htdocs\kas_rt - Copy\ci4\system\CodeIgniter.php(832): App\Controllers\Iuran->store()
#7 C:\xampp\htdocs\kas_rt - Copy\ci4\system\CodeIgniter.php(419): CodeIgniter\CodeIgniter->runController(Object(App\Controllers\Iuran))
#8 C:\xampp\htdocs\kas_rt - Copy\ci4\system\CodeIgniter.php(326): CodeIgniter\CodeIgniter->handleRequest(NULL, Object(Config\Cache), false)
#9 C:\xampp\htdocs\kas_rt - Copy\ci4\public\index.php(37): CodeIgniter\CodeIgniter->run()
#10 C:\xampp\htdocs\kas_rt - Copy\ci4\system\Commands\Server\rewrite.php(43): require_once('C:\\xampp\\htdocs...')
#11 {main}
ERROR - 2022-07-13 02:09:14 --> Unknown column 'warga_nik' in 'field list'
CRITICAL - 2022-07-13 02:09:14 --> Unknown column 'warga_nik' in 'field list'
#0 C:\xampp\htdocs\kas_rt - Copy\ci4\system\Database\MySQLi\Connection.php(292): mysqli->query('(SELECT nama FR...', 0)
#1 C:\xampp\htdocs\kas_rt - Copy\ci4\system\Database\BaseConnection.php(670): CodeIgniter\Database\MySQLi\Connection->execute('(SELECT nama FR...')
#2 C:\xampp\htdocs\kas_rt - Copy\ci4\system\Database\BaseConnection.php(598): CodeIgniter\Database\BaseConnection->simpleQuery('(SELECT nama FR...')
#3 C:\xampp\htdocs\kas_rt - Copy\ci4\app\Controllers\Laporan.php(32): CodeIgniter\Database\BaseConnection->query('(SELECT nama FR...', false)
#4 C:\xampp\htdocs\kas_rt - Copy\ci4\system\CodeIgniter.php(832): App\Controllers\Laporan->total()
#5 C:\xampp\htdocs\kas_rt - Copy\ci4\system\CodeIgniter.php(419): CodeIgniter\CodeIgniter->runController(Object(App\Controllers\Laporan))
#6 C:\xampp\htdocs\kas_rt - Copy\ci4\system\CodeIgniter.php(326): CodeIgniter\CodeIgniter->handleRequest(NULL, Object(Config\Cache), false)
#7 C:\xampp\htdocs\kas_rt - Copy\ci4\public\index.php(37): CodeIgniter\CodeIgniter->run()
#8 C:\xampp\htdocs\kas_rt - Copy\ci4\system\Commands\Server\rewrite.php(43): require_once('C:\\xampp\\htdocs...')
#9 {main}
ERROR - 2022-07-13 02:14:14 --> Unknown column 'warga_nik' in 'field list'
CRITICAL - 2022-07-13 02:14:14 --> Unknown column 'warga_nik' in 'field list'
#0 C:\xampp\htdocs\kas_rt - Copy\ci4\system\Database\MySQLi\Connection.php(292): mysqli->query('(SELECT nama FR...', 0)
#1 C:\xampp\htdocs\kas_rt - Copy\ci4\system\Database\BaseConnection.php(670): CodeIgniter\Database\MySQLi\Connection->execute('(SELECT nama FR...')
#2 C:\xampp\htdocs\kas_rt - Copy\ci4\system\Database\BaseConnection.php(598): CodeIgniter\Database\BaseConnection->simpleQuery('(SELECT nama FR...')
#3 C:\xampp\htdocs\kas_rt - Copy\ci4\app\Controllers\Laporan.php(32): CodeIgniter\Database\BaseConnection->query('(SELECT nama FR...', false)
#4 C:\xampp\htdocs\kas_rt - Copy\ci4\system\CodeIgniter.php(832): App\Controllers\Laporan->total()
#5 C:\xampp\htdocs\kas_rt - Copy\ci4\system\CodeIgniter.php(419): CodeIgniter\CodeIgniter->runController(Object(App\Controllers\Laporan))
#6 C:\xampp\htdocs\kas_rt - Copy\ci4\system\CodeIgniter.php(326): CodeIgniter\CodeIgniter->handleRequest(NULL, Object(Config\Cache), false)
#7 C:\xampp\htdocs\kas_rt - Copy\ci4\public\index.php(37): CodeIgniter\CodeIgniter->run()
#8 C:\xampp\htdocs\kas_rt - Copy\ci4\system\Commands\Server\rewrite.php(43): require_once('C:\\xampp\\htdocs...')
#9 {main}
ERROR - 2022-07-13 02:15:43 --> Unknown column 'warga_nik' in 'field list'
CRITICAL - 2022-07-13 02:15:43 --> Unknown column 'warga_nik' in 'field list'
#0 C:\xampp\htdocs\kas_rt - Copy\ci4\system\Database\MySQLi\Connection.php(292): mysqli->query('(SELECT nama FR...', 0)
#1 C:\xampp\htdocs\kas_rt - Copy\ci4\system\Database\BaseConnection.php(670): CodeIgniter\Database\MySQLi\Connection->execute('(SELECT nama FR...')
#2 C:\xampp\htdocs\kas_rt - Copy\ci4\system\Database\BaseConnection.php(598): CodeIgniter\Database\BaseConnection->simpleQuery('(SELECT nama FR...')
#3 C:\xampp\htdocs\kas_rt - Copy\ci4\app\Controllers\Laporan.php(32): CodeIgniter\Database\BaseConnection->query('(SELECT nama FR...', false)
#4 C:\xampp\htdocs\kas_rt - Copy\ci4\system\CodeIgniter.php(832): App\Controllers\Laporan->total()
#5 C:\xampp\htdocs\kas_rt - Copy\ci4\system\CodeIgniter.php(419): CodeIgniter\CodeIgniter->runController(Object(App\Controllers\Laporan))
#6 C:\xampp\htdocs\kas_rt - Copy\ci4\system\CodeIgniter.php(326): CodeIgniter\CodeIgniter->handleRequest(NULL, Object(Config\Cache), false)
#7 C:\xampp\htdocs\kas_rt - Copy\ci4\public\index.php(37): CodeIgniter\CodeIgniter->run()
#8 C:\xampp\htdocs\kas_rt - Copy\ci4\system\Commands\Server\rewrite.php(43): require_once('C:\\xampp\\htdocs...')
#9 {main}
CRITICAL - 2022-07-13 02:16:54 --> Undefined variable $getListBulan
#0 C:\xampp\htdocs\kas_rt - Copy\ci4\app\Views\laporan\index.php(23): CodeIgniter\Debug\Exceptions->errorHandler(2, 'Undefined varia...', 'C:\\xampp\\htdocs...', 23)
#1 C:\xampp\htdocs\kas_rt - Copy\ci4\system\View\View.php(210): include('C:\\xampp\\htdocs...')
#2 C:\xampp\htdocs\kas_rt - Copy\ci4\system\View\View.php(213): CodeIgniter\View\View->CodeIgniter\View\{closure}()
#3 C:\xampp\htdocs\kas_rt - Copy\ci4\system\Common.php(1089): CodeIgniter\View\View->render('Laporan/index', Array, true)
#4 C:\xampp\htdocs\kas_rt - Copy\ci4\app\Controllers\Laporan.php(35): view('Laporan/index', Array)
#5 C:\xampp\htdocs\kas_rt - Copy\ci4\system\CodeIgniter.php(832): App\Controllers\Laporan->total()
#6 C:\xampp\htdocs\kas_rt - Copy\ci4\system\CodeIgniter.php(419): CodeIgniter\CodeIgniter->runController(Object(App\Controllers\Laporan))
#7 C:\xampp\htdocs\kas_rt - Copy\ci4\system\CodeIgniter.php(326): CodeIgniter\CodeIgniter->handleRequest(NULL, Object(Config\Cache), false)
#8 C:\xampp\htdocs\kas_rt - Copy\ci4\public\index.php(37): CodeIgniter\CodeIgniter->run()
#9 C:\xampp\htdocs\kas_rt - Copy\ci4\system\Commands\Server\rewrite.php(43): require_once('C:\\xampp\\htdocs...')
#10 {main}
CRITICAL - 2022-07-13 02:17:19 --> Undefined variable $getListBulan
#0 C:\xampp\htdocs\kas_rt - Copy\ci4\app\Views\laporan\index.php(23): CodeIgniter\Debug\Exceptions->errorHandler(2, 'Undefined varia...', 'C:\\xampp\\htdocs...', 23)
#1 C:\xampp\htdocs\kas_rt - Copy\ci4\system\View\View.php(210): include('C:\\xampp\\htdocs...')
#2 C:\xampp\htdocs\kas_rt - Copy\ci4\system\View\View.php(213): CodeIgniter\View\View->CodeIgniter\View\{closure}()
#3 C:\xampp\htdocs\kas_rt - Copy\ci4\system\Common.php(1089): CodeIgniter\View\View->render('Laporan/index', Array, true)
#4 C:\xampp\htdocs\kas_rt - Copy\ci4\app\Controllers\Laporan.php(35): view('Laporan/index', Array)
#5 C:\xampp\htdocs\kas_rt - Copy\ci4\system\CodeIgniter.php(832): App\Controllers\Laporan->total()
#6 C:\xampp\htdocs\kas_rt - Copy\ci4\system\CodeIgniter.php(419): CodeIgniter\CodeIgniter->runController(Object(App\Controllers\Laporan))
#7 C:\xampp\htdocs\kas_rt - Copy\ci4\system\CodeIgniter.php(326): CodeIgniter\CodeIgniter->handleRequest(NULL, Object(Config\Cache), false)
#8 C:\xampp\htdocs\kas_rt - Copy\ci4\public\index.php(37): CodeIgniter\CodeIgniter->run()
#9 C:\xampp\htdocs\kas_rt - Copy\ci4\system\Commands\Server\rewrite.php(43): require_once('C:\\xampp\\htdocs...')
#10 {main}
CRITICAL - 2022-07-13 02:17:46 --> Undefined variable $getListBulan
#0 C:\xampp\htdocs\kas_rt - Copy\ci4\app\Views\laporan\index.php(23): CodeIgniter\Debug\Exceptions->errorHandler(2, 'Undefined varia...', 'C:\\xampp\\htdocs...', 23)
#1 C:\xampp\htdocs\kas_rt - Copy\ci4\system\View\View.php(210): include('C:\\xampp\\htdocs...')
#2 C:\xampp\htdocs\kas_rt - Copy\ci4\system\View\View.php(213): CodeIgniter\View\View->CodeIgniter\View\{closure}()
#3 C:\xampp\htdocs\kas_rt - Copy\ci4\system\Common.php(1089): CodeIgniter\View\View->render('Laporan/index', Array, true)
#4 C:\xampp\htdocs\kas_rt - Copy\ci4\app\Controllers\Laporan.php(35): view('Laporan/index', Array)
#5 C:\xampp\htdocs\kas_rt - Copy\ci4\system\CodeIgniter.php(832): App\Controllers\Laporan->total()
#6 C:\xampp\htdocs\kas_rt - Copy\ci4\system\CodeIgniter.php(419): CodeIgniter\CodeIgniter->runController(Object(App\Controllers\Laporan))
#7 C:\xampp\htdocs\kas_rt - Copy\ci4\system\CodeIgniter.php(326): CodeIgniter\CodeIgniter->handleRequest(NULL, Object(Config\Cache), false)
#8 C:\xampp\htdocs\kas_rt - Copy\ci4\public\index.php(37): CodeIgniter\CodeIgniter->run()
#9 C:\xampp\htdocs\kas_rt - Copy\ci4\system\Commands\Server\rewrite.php(43): require_once('C:\\xampp\\htdocs...')
#10 {main}
CRITICAL - 2022-07-13 02:18:32 --> Undefined variable $getListBulan
#0 C:\xampp\htdocs\kas_rt - Copy\ci4\app\Views\laporan\index.php(23): CodeIgniter\Debug\Exceptions->errorHandler(2, 'Undefined varia...', 'C:\\xampp\\htdocs...', 23)
#1 C:\xampp\htdocs\kas_rt - Copy\ci4\system\View\View.php(210): include('C:\\xampp\\htdocs...')
#2 C:\xampp\htdocs\kas_rt - Copy\ci4\system\View\View.php(213): CodeIgniter\View\View->CodeIgniter\View\{closure}()
#3 C:\xampp\htdocs\kas_rt - Copy\ci4\system\Common.php(1089): CodeIgniter\View\View->render('Laporan/index', Array, true)
#4 C:\xampp\htdocs\kas_rt - Copy\ci4\app\Controllers\Laporan.php(35): view('Laporan/index', Array)
#5 C:\xampp\htdocs\kas_rt - Copy\ci4\system\CodeIgniter.php(832): App\Controllers\Laporan->total()
#6 C:\xampp\htdocs\kas_rt - Copy\ci4\system\CodeIgniter.php(419): CodeIgniter\CodeIgniter->runController(Object(App\Controllers\Laporan))
#7 C:\xampp\htdocs\kas_rt - Copy\ci4\system\CodeIgniter.php(326): CodeIgniter\CodeIgniter->handleRequest(NULL, Object(Config\Cache), false)
#8 C:\xampp\htdocs\kas_rt - Copy\ci4\public\index.php(37): CodeIgniter\CodeIgniter->run()
#9 C:\xampp\htdocs\kas_rt - Copy\ci4\system\Commands\Server\rewrite.php(43): require_once('C:\\xampp\\htdocs...')
#10 {main}
CRITICAL - 2022-07-13 02:20:33 --> Undefined variable $getListBulan
#0 C:\xampp\htdocs\kas_rt - Copy\ci4\app\Views\laporan\index.php(23): CodeIgniter\Debug\Exceptions->errorHandler(2, 'Undefined varia...', 'C:\\xampp\\htdocs...', 23)
#1 C:\xampp\htdocs\kas_rt - Copy\ci4\system\View\View.php(210): include('C:\\xampp\\htdocs...')
#2 C:\xampp\htdocs\kas_rt - Copy\ci4\system\View\View.php(213): CodeIgniter\View\View->CodeIgniter\View\{closure}()
#3 C:\xampp\htdocs\kas_rt - Copy\ci4\system\Common.php(1089): CodeIgniter\View\View->render('Laporan/index', Array, true)
#4 C:\xampp\htdocs\kas_rt - Copy\ci4\app\Controllers\Laporan.php(35): view('Laporan/index', Array)
#5 C:\xampp\htdocs\kas_rt - Copy\ci4\system\CodeIgniter.php(832): App\Controllers\Laporan->detail()
#6 C:\xampp\htdocs\kas_rt - Copy\ci4\system\CodeIgniter.php(419): CodeIgniter\CodeIgniter->runController(Object(App\Controllers\Laporan))
#7 C:\xampp\htdocs\kas_rt - Copy\ci4\system\CodeIgniter.php(326): CodeIgniter\CodeIgniter->handleRequest(NULL, Object(Config\Cache), false)
#8 C:\xampp\htdocs\kas_rt - Copy\ci4\public\index.php(37): CodeIgniter\CodeIgniter->run()
#9 C:\xampp\htdocs\kas_rt - Copy\ci4\system\Commands\Server\rewrite.php(43): require_once('C:\\xampp\\htdocs...')
#10 {main}
CRITICAL - 2022-07-13 02:22:52 --> Undefined variable $getListBulan
#0 C:\xampp\htdocs\kas_rt - Copy\ci4\app\Views\laporan\index.php(23): CodeIgniter\Debug\Exceptions->errorHandler(2, 'Undefined varia...', 'C:\\xampp\\htdocs...', 23)
#1 C:\xampp\htdocs\kas_rt - Copy\ci4\system\View\View.php(210): include('C:\\xampp\\htdocs...')
#2 C:\xampp\htdocs\kas_rt - Copy\ci4\system\View\View.php(213): CodeIgniter\View\View->CodeIgniter\View\{closure}()
#3 C:\xampp\htdocs\kas_rt - Copy\ci4\system\Common.php(1089): CodeIgniter\View\View->render('Laporan/index', Array, true)
#4 C:\xampp\htdocs\kas_rt - Copy\ci4\app\Controllers\Laporan.php(35): view('Laporan/index', Array)
#5 C:\xampp\htdocs\kas_rt - Copy\ci4\system\CodeIgniter.php(832): App\Controllers\Laporan->detail()
#6 C:\xampp\htdocs\kas_rt - Copy\ci4\system\CodeIgniter.php(419): CodeIgniter\CodeIgniter->runController(Object(App\Controllers\Laporan))
#7 C:\xampp\htdocs\kas_rt - Copy\ci4\system\CodeIgniter.php(326): CodeIgniter\CodeIgniter->handleRequest(NULL, Object(Config\Cache), false)
#8 C:\xampp\htdocs\kas_rt - Copy\ci4\public\index.php(37): CodeIgniter\CodeIgniter->run()
#9 C:\xampp\htdocs\kas_rt - Copy\ci4\system\Commands\Server\rewrite.php(43): require_once('C:\\xampp\\htdocs...')
#10 {main}
CRITICAL - 2022-07-13 02:24:16 --> Undefined variable $getListBulan
#0 C:\xampp\htdocs\kas_rt - Copy\ci4\app\Views\laporan\index.php(23): CodeIgniter\Debug\Exceptions->errorHandler(2, 'Undefined varia...', 'C:\\xampp\\htdocs...', 23)
#1 C:\xampp\htdocs\kas_rt - Copy\ci4\system\View\View.php(210): include('C:\\xampp\\htdocs...')
#2 C:\xampp\htdocs\kas_rt - Copy\ci4\system\View\View.php(213): CodeIgniter\View\View->CodeIgniter\View\{closure}()
#3 C:\xampp\htdocs\kas_rt - Copy\ci4\system\Common.php(1089): CodeIgniter\View\View->render('Laporan/index', Array, true)
#4 C:\xampp\htdocs\kas_rt - Copy\ci4\app\Controllers\Laporan.php(35): view('Laporan/index', Array)
#5 C:\xampp\htdocs\kas_rt - Copy\ci4\system\CodeIgniter.php(832): App\Controllers\Laporan->detail()
#6 C:\xampp\htdocs\kas_rt - Copy\ci4\system\CodeIgniter.php(419): CodeIgniter\CodeIgniter->runController(Object(App\Controllers\Laporan))
#7 C:\xampp\htdocs\kas_rt - Copy\ci4\system\CodeIgniter.php(326): CodeIgniter\CodeIgniter->handleRequest(NULL, Object(Config\Cache), false)
#8 C:\xampp\htdocs\kas_rt - Copy\ci4\public\index.php(37): CodeIgniter\CodeIgniter->run()
#9 C:\xampp\htdocs\kas_rt - Copy\ci4\system\Commands\Server\rewrite.php(43): require_once('C:\\xampp\\htdocs...')
#10 {main}
ERROR - 2022-07-13 07:02:18 --> Duplicate entry '311020' for key 'nik_UNIQUE'
CRITICAL - 2022-07-13 07:02:18 --> Duplicate entry '311020' for key 'nik_UNIQUE'
#0 C:\xampp\htdocs\kas_rt - Copy\ci4\system\Database\MySQLi\Connection.php(292): mysqli->query('INSERT INTO `wa...', 0)
#1 C:\xampp\htdocs\kas_rt - Copy\ci4\system\Database\BaseConnection.php(670): CodeIgniter\Database\MySQLi\Connection->execute('INSERT INTO `wa...')
#2 C:\xampp\htdocs\kas_rt - Copy\ci4\system\Database\BaseConnection.php(598): CodeIgniter\Database\BaseConnection->simpleQuery('INSERT INTO `wa...')
#3 C:\xampp\htdocs\kas_rt - Copy\ci4\system\Database\BaseBuilder.php(1771): CodeIgniter\Database\BaseConnection->query('INSERT INTO `wa...', Array, false)
#4 C:\xampp\htdocs\kas_rt - Copy\ci4\app\Models\WargaModel.php(32): CodeIgniter\Database\BaseBuilder->insert(Array)
#5 C:\xampp\htdocs\kas_rt - Copy\ci4\app\Controllers\Warga.php(89): App\Models\WargaModel->tambah_warga(Array)
#6 C:\xampp\htdocs\kas_rt - Copy\ci4\system\CodeIgniter.php(832): App\Controllers\Warga->store()
#7 C:\xampp\htdocs\kas_rt - Copy\ci4\system\CodeIgniter.php(419): CodeIgniter\CodeIgniter->runController(Object(App\Controllers\Warga))
#8 C:\xampp\htdocs\kas_rt - Copy\ci4\system\CodeIgniter.php(326): CodeIgniter\CodeIgniter->handleRequest(NULL, Object(Config\Cache), false)
#9 C:\xampp\htdocs\kas_rt - Copy\ci4\public\index.php(37): CodeIgniter\CodeIgniter->run()
#10 C:\xampp\htdocs\kas_rt - Copy\ci4\system\Commands\Server\rewrite.php(43): require_once('C:\\xampp\\htdocs...')
#11 {main}
ERROR - 2022-07-13 07:02:27 --> Duplicate entry '311020' for key 'nik_UNIQUE'
CRITICAL - 2022-07-13 07:02:27 --> Duplicate entry '311020' for key 'nik_UNIQUE'
#0 C:\xampp\htdocs\kas_rt - Copy\ci4\system\Database\MySQLi\Connection.php(292): mysqli->query('INSERT INTO `wa...', 0)
#1 C:\xampp\htdocs\kas_rt - Copy\ci4\system\Database\BaseConnection.php(670): CodeIgniter\Database\MySQLi\Connection->execute('INSERT INTO `wa...')
#2 C:\xampp\htdocs\kas_rt - Copy\ci4\system\Database\BaseConnection.php(598): CodeIgniter\Database\BaseConnection->simpleQuery('INSERT INTO `wa...')
#3 C:\xampp\htdocs\kas_rt - Copy\ci4\system\Database\BaseBuilder.php(1771): CodeIgniter\Database\BaseConnection->query('INSERT INTO `wa...', Array, false)
#4 C:\xampp\htdocs\kas_rt - Copy\ci4\app\Models\WargaModel.php(32): CodeIgniter\Database\BaseBuilder->insert(Array)
#5 C:\xampp\htdocs\kas_rt - Copy\ci4\app\Controllers\Warga.php(89): App\Models\WargaModel->tambah_warga(Array)
#6 C:\xampp\htdocs\kas_rt - Copy\ci4\system\CodeIgniter.php(832): App\Controllers\Warga->store()
#7 C:\xampp\htdocs\kas_rt - Copy\ci4\system\CodeIgniter.php(419): CodeIgniter\CodeIgniter->runController(Object(App\Controllers\Warga))
#8 C:\xampp\htdocs\kas_rt - Copy\ci4\system\CodeIgniter.php(326): CodeIgniter\CodeIgniter->handleRequest(NULL, Object(Config\Cache), false)
#9 C:\xampp\htdocs\kas_rt - Copy\ci4\public\index.php(37): CodeIgniter\CodeIgniter->run()
#10 C:\xampp\htdocs\kas_rt - Copy\ci4\system\Commands\Server\rewrite.php(43): require_once('C:\\xampp\\htdocs...')
#11 {main}
CRITICAL - 2022-07-13 07:35:41 --> {field} nik harus diisi is not a valid rule.
#0 C:\xampp\htdocs\kas_rt - Copy\ci4\system\Validation\Validation.php(300): CodeIgniter\Validation\Exceptions\ValidationException::forRuleNotFound('{field} nik har...')
#1 C:\xampp\htdocs\kas_rt - Copy\ci4\system\Validation\Validation.php(157): CodeIgniter\Validation\Validation->processRules('errors', 'errors', NULL, Array, Array)
#2 C:\xampp\htdocs\kas_rt - Copy\ci4\system\Controller.php(160): CodeIgniter\Validation\Validation->run()
#3 C:\xampp\htdocs\kas_rt - Copy\ci4\app\Controllers\Warga.php(74): CodeIgniter\Controller->validate(Array)
#4 C:\xampp\htdocs\kas_rt - Copy\ci4\system\CodeIgniter.php(832): App\Controllers\Warga->store()
#5 C:\xampp\htdocs\kas_rt - Copy\ci4\system\CodeIgniter.php(419): CodeIgniter\CodeIgniter->runController(Object(App\Controllers\Warga))
#6 C:\xampp\htdocs\kas_rt - Copy\ci4\system\CodeIgniter.php(326): CodeIgniter\CodeIgniter->handleRequest(NULL, Object(Config\Cache), false)
#7 C:\xampp\htdocs\kas_rt - Copy\ci4\public\index.php(37): CodeIgniter\CodeIgniter->run()
#8 C:\xampp\htdocs\kas_rt - Copy\ci4\system\Commands\Server\rewrite.php(43): require_once('C:\\xampp\\htdocs...')
#9 {main}
CRITICAL - 2022-07-13 07:36:03 --> {field} nik harus diisi is not a valid rule.
#0 C:\xampp\htdocs\kas_rt - Copy\ci4\system\Validation\Validation.php(300): CodeIgniter\Validation\Exceptions\ValidationException::forRuleNotFound('{field} nik har...')
#1 C:\xampp\htdocs\kas_rt - Copy\ci4\system\Validation\Validation.php(157): CodeIgniter\Validation\Validation->processRules('errors', 'errors', NULL, Array, Array)
#2 C:\xampp\htdocs\kas_rt - Copy\ci4\system\Controller.php(160): CodeIgniter\Validation\Validation->run()
#3 C:\xampp\htdocs\kas_rt - Copy\ci4\app\Controllers\Warga.php(74): CodeIgniter\Controller->validate(Array)
#4 C:\xampp\htdocs\kas_rt - Copy\ci4\system\CodeIgniter.php(832): App\Controllers\Warga->store()
#5 C:\xampp\htdocs\kas_rt - Copy\ci4\system\CodeIgniter.php(419): CodeIgniter\CodeIgniter->runController(Object(App\Controllers\Warga))
#6 C:\xampp\htdocs\kas_rt - Copy\ci4\system\CodeIgniter.php(326): CodeIgniter\CodeIgniter->handleRequest(NULL, Object(Config\Cache), false)
#7 C:\xampp\htdocs\kas_rt - Copy\ci4\public\index.php(37): CodeIgniter\CodeIgniter->run()
#8 C:\xampp\htdocs\kas_rt - Copy\ci4\system\Commands\Server\rewrite.php(43): require_once('C:\\xampp\\htdocs...')
#9 {main}
CRITICAL - 2022-07-13 07:37:21 --> {field} nik harus diisi is not a valid rule.
#0 C:\xampp\htdocs\kas_rt - Copy\ci4\system\Validation\Validation.php(300): CodeIgniter\Validation\Exceptions\ValidationException::forRuleNotFound('{field} nik har...')
#1 C:\xampp\htdocs\kas_rt - Copy\ci4\system\Validation\Validation.php(157): CodeIgniter\Validation\Validation->processRules('errors', 'errors', NULL, Array, Array)
#2 C:\xampp\htdocs\kas_rt - Copy\ci4\system\Controller.php(160): CodeIgniter\Validation\Validation->run()
#3 C:\xampp\htdocs\kas_rt - Copy\ci4\app\Controllers\Warga.php(74): CodeIgniter\Controller->validate(Array)
#4 C:\xampp\htdocs\kas_rt - Copy\ci4\system\CodeIgniter.php(832): App\Controllers\Warga->store()
#5 C:\xampp\htdocs\kas_rt - Copy\ci4\system\CodeIgniter.php(419): CodeIgniter\CodeIgniter->runController(Object(App\Controllers\Warga))
#6 C:\xampp\htdocs\kas_rt - Copy\ci4\system\CodeIgniter.php(326): CodeIgniter\CodeIgniter->handleRequest(NULL, Object(Config\Cache), false)
#7 C:\xampp\htdocs\kas_rt - Copy\ci4\public\index.php(37): CodeIgniter\CodeIgniter->run()
#8 C:\xampp\htdocs\kas_rt - Copy\ci4\system\Commands\Server\rewrite.php(43): require_once('C:\\xampp\\htdocs...')
#9 {main}
CRITICAL - 2022-07-13 07:42:30 --> {field} nik harus diisi is not a valid rule.
#0 C:\xampp\htdocs\kas_rt - Copy\ci4\system\Validation\Validation.php(300): CodeIgniter\Validation\Exceptions\ValidationException::forRuleNotFound('{field} nik har...')
#1 C:\xampp\htdocs\kas_rt - Copy\ci4\system\Validation\Validation.php(157): CodeIgniter\Validation\Validation->processRules('errors', 'errors', NULL, Array, Array)
#2 C:\xampp\htdocs\kas_rt - Copy\ci4\system\Controller.php(160): CodeIgniter\Validation\Validation->run()
#3 C:\xampp\htdocs\kas_rt - Copy\ci4\app\Controllers\Warga.php(74): CodeIgniter\Controller->validate(Array)
#4 C:\xampp\htdocs\kas_rt - Copy\ci4\system\CodeIgniter.php(832): App\Controllers\Warga->store()
#5 C:\xampp\htdocs\kas_rt - Copy\ci4\system\CodeIgniter.php(419): CodeIgniter\CodeIgniter->runController(Object(App\Controllers\Warga))
#6 C:\xampp\htdocs\kas_rt - Copy\ci4\system\CodeIgniter.php(326): CodeIgniter\CodeIgniter->handleRequest(NULL, Object(Config\Cache), false)
#7 C:\xampp\htdocs\kas_rt - Copy\ci4\public\index.php(37): CodeIgniter\CodeIgniter->run()
#8 C:\xampp\htdocs\kas_rt - Copy\ci4\system\Commands\Server\rewrite.php(43): require_once('C:\\xampp\\htdocs...')
#9 {main}
CRITICAL - 2022-07-13 07:43:47 --> {field} nik harus diisi is not a valid rule.
#0 C:\xampp\htdocs\kas_rt - Copy\ci4\system\Validation\Validation.php(300): CodeIgniter\Validation\Exceptions\ValidationException::forRuleNotFound('{field} nik har...')
#1 C:\xampp\htdocs\kas_rt - Copy\ci4\system\Validation\Validation.php(157): CodeIgniter\Validation\Validation->processRules('errors', 'errors', NULL, Array, Array)
#2 C:\xampp\htdocs\kas_rt - Copy\ci4\system\Controller.php(160): CodeIgniter\Validation\Validation->run()
#3 C:\xampp\htdocs\kas_rt - Copy\ci4\app\Controllers\Warga.php(74): CodeIgniter\Controller->validate(Array)
#4 C:\xampp\htdocs\kas_rt - Copy\ci4\system\CodeIgniter.php(832): App\Controllers\Warga->store()
#5 C:\xampp\htdocs\kas_rt - Copy\ci4\system\CodeIgniter.php(419): CodeIgniter\CodeIgniter->runController(Object(App\Controllers\Warga))
#6 C:\xampp\htdocs\kas_rt - Copy\ci4\system\CodeIgniter.php(326): CodeIgniter\CodeIgniter->handleRequest(NULL, Object(Config\Cache), false)
#7 C:\xampp\htdocs\kas_rt - Copy\ci4\public\index.php(37): CodeIgniter\CodeIgniter->run()
#8 C:\xampp\htdocs\kas_rt - Copy\ci4\system\Commands\Server\rewrite.php(43): require_once('C:\\xampp\\htdocs...')
#9 {main}
CRITICAL - 2022-07-13 07:50:20 --> Class "CodeIgniter\Validation\StrictRules\CreditCardRules" not found
#0 C:\xampp\htdocs\kas_rt - Copy\ci4\system\Validation\Validation.php(115): CodeIgniter\Validation\Validation->loadRuleSets()
#1 C:\xampp\htdocs\kas_rt - Copy\ci4\system\Controller.php(160): CodeIgniter\Validation\Validation->run()
#2 C:\xampp\htdocs\kas_rt - Copy\ci4\app\Controllers\Warga.php(74): CodeIgniter\Controller->validate(Array)
#3 C:\xampp\htdocs\kas_rt - Copy\ci4\system\CodeIgniter.php(832): App\Controllers\Warga->store()
#4 C:\xampp\htdocs\kas_rt - Copy\ci4\system\CodeIgniter.php(419): CodeIgniter\CodeIgniter->runController(Object(App\Controllers\Warga))
#5 C:\xampp\htdocs\kas_rt - Copy\ci4\system\CodeIgniter.php(326): CodeIgniter\CodeIgniter->handleRequest(NULL, Object(Config\Cache), false)
#6 C:\xampp\htdocs\kas_rt - Copy\ci4\public\index.php(37): CodeIgniter\CodeIgniter->run()
#7 C:\xampp\htdocs\kas_rt - Copy\ci4\system\Commands\Server\rewrite.php(43): require_once('C:\\xampp\\htdocs...')
#8 {main}
CRITICAL - 2022-07-13 07:56:08 --> {field} nik harus diisi is not a valid rule.
#0 C:\xampp\htdocs\kas_rt - Copy\ci4\system\Validation\Validation.php(300): CodeIgniter\Validation\Exceptions\ValidationException::forRuleNotFound('{field} nik har...')
#1 C:\xampp\htdocs\kas_rt - Copy\ci4\system\Validation\Validation.php(157): CodeIgniter\Validation\Validation->processRules('errors', 'errors', NULL, Array, Array)
#2 C:\xampp\htdocs\kas_rt - Copy\ci4\system\Controller.php(160): CodeIgniter\Validation\Validation->run()
#3 C:\xampp\htdocs\kas_rt - Copy\ci4\app\Controllers\Warga.php(74): CodeIgniter\Controller->validate(Array)
#4 C:\xampp\htdocs\kas_rt - Copy\ci4\system\CodeIgniter.php(832): App\Controllers\Warga->store()
#5 C:\xampp\htdocs\kas_rt - Copy\ci4\system\CodeIgniter.php(419): CodeIgniter\CodeIgniter->runController(Object(App\Controllers\Warga))
#6 C:\xampp\htdocs\kas_rt - Copy\ci4\system\CodeIgniter.php(326): CodeIgniter\CodeIgniter->handleRequest(NULL, Object(Config\Cache), false)
#7 C:\xampp\htdocs\kas_rt - Copy\ci4\public\index.php(37): CodeIgniter\CodeIgniter->run()
#8 C:\xampp\htdocs\kas_rt - Copy\ci4\system\Commands\Server\rewrite.php(43): require_once('C:\\xampp\\htdocs...')
#9 {main}
CRITICAL - 2022-07-13 07:57:59 --> {field} nik harus diisi is not a valid rule.
#0 C:\xampp\htdocs\kas_rt - Copy\ci4\system\Validation\Validation.php(300): CodeIgniter\Validation\Exceptions\ValidationException::forRuleNotFound('{field} nik har...')
#1 C:\xampp\htdocs\kas_rt - Copy\ci4\system\Validation\Validation.php(157): CodeIgniter\Validation\Validation->processRules('errors', 'errors', NULL, Array, Array)
#2 C:\xampp\htdocs\kas_rt - Copy\ci4\system\Controller.php(160): CodeIgniter\Validation\Validation->run()
#3 C:\xampp\htdocs\kas_rt - Copy\ci4\app\Controllers\Warga.php(74): CodeIgniter\Controller->validate(Array)
#4 C:\xampp\htdocs\kas_rt - Copy\ci4\system\CodeIgniter.php(832): App\Controllers\Warga->store()
#5 C:\xampp\htdocs\kas_rt - Copy\ci4\system\CodeIgniter.php(419): CodeIgniter\CodeIgniter->runController(Object(App\Controllers\Warga))
#6 C:\xampp\htdocs\kas_rt - Copy\ci4\system\CodeIgniter.php(326): CodeIgniter\CodeIgniter->handleRequest(NULL, Object(Config\Cache), false)
#7 C:\xampp\htdocs\kas_rt - Copy\ci4\public\index.php(37): CodeIgniter\CodeIgniter->run()
#8 C:\xampp\htdocs\kas_rt - Copy\ci4\system\Commands\Server\rewrite.php(43): require_once('C:\\xampp\\htdocs...')
#9 {main}
CRITICAL - 2022-07-13 07:58:37 --> nik harus diisi is not a valid rule.
#0 C:\xampp\htdocs\kas_rt - Copy\ci4\system\Validation\Validation.php(300): CodeIgniter\Validation\Exceptions\ValidationException::forRuleNotFound('nik harus diisi')
#1 C:\xampp\htdocs\kas_rt - Copy\ci4\system\Validation\Validation.php(157): CodeIgniter\Validation\Validation->processRules('errors', 'errors', NULL, Array, Array)
#2 C:\xampp\htdocs\kas_rt - Copy\ci4\system\Controller.php(160): CodeIgniter\Validation\Validation->run()
#3 C:\xampp\htdocs\kas_rt - Copy\ci4\app\Controllers\Warga.php(74): CodeIgniter\Controller->validate(Array)
#4 C:\xampp\htdocs\kas_rt - Copy\ci4\system\CodeIgniter.php(832): App\Controllers\Warga->store()
#5 C:\xampp\htdocs\kas_rt - Copy\ci4\system\CodeIgniter.php(419): CodeIgniter\CodeIgniter->runController(Object(App\Controllers\Warga))
#6 C:\xampp\htdocs\kas_rt - Copy\ci4\system\CodeIgniter.php(326): CodeIgniter\CodeIgniter->handleRequest(NULL, Object(Config\Cache), false)
#7 C:\xampp\htdocs\kas_rt - Copy\ci4\public\index.php(37): CodeIgniter\CodeIgniter->run()
#8 C:\xampp\htdocs\kas_rt - Copy\ci4\system\Commands\Server\rewrite.php(43): require_once('C:\\xampp\\htdocs...')
#9 {main}
CRITICAL - 2022-07-13 08:01:26 --> nik harus diisi. is not a valid rule.
#0 C:\xampp\htdocs\kas_rt - Copy\ci4\system\Validation\Validation.php(300): CodeIgniter\Validation\Exceptions\ValidationException::forRuleNotFound('nik harus diisi...')
#1 C:\xampp\htdocs\kas_rt - Copy\ci4\system\Validation\Validation.php(157): CodeIgniter\Validation\Validation->processRules('errors', 'errors', NULL, Array, Array)
#2 C:\xampp\htdocs\kas_rt - Copy\ci4\system\Controller.php(160): CodeIgniter\Validation\Validation->run()
#3 C:\xampp\htdocs\kas_rt - Copy\ci4\app\Controllers\Warga.php(74): CodeIgniter\Controller->validate(Array)
#4 C:\xampp\htdocs\kas_rt - Copy\ci4\system\CodeIgniter.php(832): App\Controllers\Warga->store()
#5 C:\xampp\htdocs\kas_rt - Copy\ci4\system\CodeIgniter.php(419): CodeIgniter\CodeIgniter->runController(Object(App\Controllers\Warga))
#6 C:\xampp\htdocs\kas_rt - Copy\ci4\system\CodeIgniter.php(326): CodeIgniter\CodeIgniter->handleRequest(NULL, Object(Config\Cache), false)
#7 C:\xampp\htdocs\kas_rt - Copy\ci4\public\index.php(37): CodeIgniter\CodeIgniter->run()
#8 C:\xampp\htdocs\kas_rt - Copy\ci4\system\Commands\Server\rewrite.php(43): require_once('C:\\xampp\\htdocs...')
#9 {main}
CRITICAL - 2022-07-13 08:02:04 --> nik harus diisi. is not a valid rule.
#0 C:\xampp\htdocs\kas_rt - Copy\ci4\system\Validation\Validation.php(300): CodeIgniter\Validation\Exceptions\ValidationException::forRuleNotFound('nik harus diisi...')
#1 C:\xampp\htdocs\kas_rt - Copy\ci4\system\Validation\Validation.php(157): CodeIgniter\Validation\Validation->processRules('errors', 'errors', NULL, Array, Array)
#2 C:\xampp\htdocs\kas_rt - Copy\ci4\system\Controller.php(160): CodeIgniter\Validation\Validation->run()
#3 C:\xampp\htdocs\kas_rt - Copy\ci4\app\Controllers\Warga.php(74): CodeIgniter\Controller->validate(Array)
#4 C:\xampp\htdocs\kas_rt - Copy\ci4\system\CodeIgniter.php(832): App\Controllers\Warga->store()
#5 C:\xampp\htdocs\kas_rt - Copy\ci4\system\CodeIgniter.php(419): CodeIgniter\CodeIgniter->runController(Object(App\Controllers\Warga))
#6 C:\xampp\htdocs\kas_rt - Copy\ci4\system\CodeIgniter.php(326): CodeIgniter\CodeIgniter->handleRequest(NULL, Object(Config\Cache), false)
#7 C:\xampp\htdocs\kas_rt - Copy\ci4\public\index.php(37): CodeIgniter\CodeIgniter->run()
#8 C:\xampp\htdocs\kas_rt - Copy\ci4\system\Commands\Server\rewrite.php(43): require_once('C:\\xampp\\htdocs...')
#9 {main}
ERROR - 2022-07-13 08:09:54 --> Column 'jkelamin' cannot be null
CRITICAL - 2022-07-13 08:09:54 --> Column 'jkelamin' cannot be null
#0 C:\xampp\htdocs\kas_rt - Copy\ci4\system\Database\MySQLi\Connection.php(292): mysqli->query('INSERT INTO `wa...', 0)
#1 C:\xampp\htdocs\kas_rt - Copy\ci4\system\Database\BaseConnection.php(670): CodeIgniter\Database\MySQLi\Connection->execute('INSERT INTO `wa...')
#2 C:\xampp\htdocs\kas_rt - Copy\ci4\system\Database\BaseConnection.php(598): CodeIgniter\Database\BaseConnection->simpleQuery('INSERT INTO `wa...')
#3 C:\xampp\htdocs\kas_rt - Copy\ci4\system\Database\BaseBuilder.php(1771): CodeIgniter\Database\BaseConnection->query('INSERT INTO `wa...', Array, false)
#4 C:\xampp\htdocs\kas_rt - Copy\ci4\app\Models\WargaModel.php(32): CodeIgniter\Database\BaseBuilder->insert(Array)
#5 C:\xampp\htdocs\kas_rt - Copy\ci4\app\Controllers\Warga.php(103): App\Models\WargaModel->tambah_warga(Array)
#6 C:\xampp\htdocs\kas_rt - Copy\ci4\system\CodeIgniter.php(832): App\Controllers\Warga->store()
#7 C:\xampp\htdocs\kas_rt - Copy\ci4\system\CodeIgniter.php(419): CodeIgniter\CodeIgniter->runController(Object(App\Controllers\Warga))
#8 C:\xampp\htdocs\kas_rt - Copy\ci4\system\CodeIgniter.php(326): CodeIgniter\CodeIgniter->handleRequest(NULL, Object(Config\Cache), false)
#9 C:\xampp\htdocs\kas_rt - Copy\ci4\public\index.php(37): CodeIgniter\CodeIgniter->run()
#10 C:\xampp\htdocs\kas_rt - Copy\ci4\system\Commands\Server\rewrite.php(43): require_once('C:\\xampp\\htdocs...')
#11 {main}
ERROR - 2022-07-13 08:24:10 --> Column 'jkelamin' cannot be null
CRITICAL - 2022-07-13 08:24:10 --> Column 'jkelamin' cannot be null
#0 C:\xampp\htdocs\kas_rt - Copy\ci4\system\Database\MySQLi\Connection.php(292): mysqli->query('INSERT INTO `wa...', 0)
#1 C:\xampp\htdocs\kas_rt - Copy\ci4\system\Database\BaseConnection.php(670): CodeIgniter\Database\MySQLi\Connection->execute('INSERT INTO `wa...')
#2 C:\xampp\htdocs\kas_rt - Copy\ci4\system\Database\BaseConnection.php(598): CodeIgniter\Database\BaseConnection->simpleQuery('INSERT INTO `wa...')
#3 C:\xampp\htdocs\kas_rt - Copy\ci4\system\Database\BaseBuilder.php(1771): CodeIgniter\Database\BaseConnection->query('INSERT INTO `wa...', Array, false)
#4 C:\xampp\htdocs\kas_rt - Copy\ci4\app\Models\WargaModel.php(32): CodeIgniter\Database\BaseBuilder->insert(Array)
#5 C:\xampp\htdocs\kas_rt - Copy\ci4\app\Controllers\Warga.php(103): App\Models\WargaModel->tambah_warga(Array)
#6 C:\xampp\htdocs\kas_rt - Copy\ci4\system\CodeIgniter.php(832): App\Controllers\Warga->store()
#7 C:\xampp\htdocs\kas_rt - Copy\ci4\system\CodeIgniter.php(419): CodeIgniter\CodeIgniter->runController(Object(App\Controllers\Warga))
#8 C:\xampp\htdocs\kas_rt - Copy\ci4\system\CodeIgniter.php(326): CodeIgniter\CodeIgniter->handleRequest(NULL, Object(Config\Cache), false)
#9 C:\xampp\htdocs\kas_rt - Copy\ci4\public\index.php(37): CodeIgniter\CodeIgniter->run()
#10 C:\xampp\htdocs\kas_rt - Copy\ci4\system\Commands\Server\rewrite.php(43): require_once('C:\\xampp\\htdocs...')
#11 {main}
CRITICAL - 2022-07-13 08:41:13 --> Too few arguments to function App\Controllers\Warga::edit(), 0 passed in C:\xampp\htdocs\kas_rt - Copy\ci4\system\CodeIgniter.php on line 832 and exactly 1 expected
#0 C:\xampp\htdocs\kas_rt - Copy\ci4\system\CodeIgniter.php(832): App\Controllers\Warga->edit()
#1 C:\xampp\htdocs\kas_rt - Copy\ci4\system\CodeIgniter.php(419): CodeIgniter\CodeIgniter->runController(Object(App\Controllers\Warga))
#2 C:\xampp\htdocs\kas_rt - Copy\ci4\system\CodeIgniter.php(326): CodeIgniter\CodeIgniter->handleRequest(NULL, Object(Config\Cache), false)
#3 C:\xampp\htdocs\kas_rt - Copy\ci4\public\index.php(37): CodeIgniter\CodeIgniter->run()
#4 C:\xampp\htdocs\kas_rt - Copy\ci4\system\Commands\Server\rewrite.php(43): require_once('C:\\xampp\\htdocs...')
#5 {main}
CRITICAL - 2022-07-13 09:11:35 --> Undefined variable $isi
#0 C:\xampp\htdocs\kas_rt - Copy\ci4\app\Views\beranda.php(33): CodeIgniter\Debug\Exceptions->errorHandler(2, 'Undefined varia...', 'C:\\xampp\\htdocs...', 33)
#1 C:\xampp\htdocs\kas_rt - Copy\ci4\system\View\View.php(210): include('C:\\xampp\\htdocs...')
#2 C:\xampp\htdocs\kas_rt - Copy\ci4\system\View\View.php(213): CodeIgniter\View\View->CodeIgniter\View\{closure}()
#3 C:\xampp\htdocs\kas_rt - Copy\ci4\system\Common.php(1089): CodeIgniter\View\View->render('beranda', Array, true)
#4 C:\xampp\htdocs\kas_rt - Copy\ci4\app\Controllers\Home.php(12): view('beranda', Array)
#5 C:\xampp\htdocs\kas_rt - Copy\ci4\system\CodeIgniter.php(832): App\Controllers\Home->index()
#6 C:\xampp\htdocs\kas_rt - Copy\ci4\system\CodeIgniter.php(419): CodeIgniter\CodeIgniter->runController(Object(App\Controllers\Home))
#7 C:\xampp\htdocs\kas_rt - Copy\ci4\system\CodeIgniter.php(326): CodeIgniter\CodeIgniter->handleRequest(NULL, Object(Config\Cache), false)
#8 C:\xampp\htdocs\kas_rt - Copy\ci4\public\index.php(37): CodeIgniter\CodeIgniter->run()
#9 C:\xampp\htdocs\kas_rt - Copy\ci4\system\Commands\Server\rewrite.php(43): require_once('C:\\xampp\\htdocs...')
#10 {main}
CRITICAL - 2022-07-13 09:11:42 --> Undefined variable $isi
#0 C:\xampp\htdocs\kas_rt - Copy\ci4\app\Views\beranda.php(33): CodeIgniter\Debug\Exceptions->errorHandler(2, 'Undefined varia...', 'C:\\xampp\\htdocs...', 33)
#1 C:\xampp\htdocs\kas_rt - Copy\ci4\system\View\View.php(210): include('C:\\xampp\\htdocs...')
#2 C:\xampp\htdocs\kas_rt - Copy\ci4\system\View\View.php(213): CodeIgniter\View\View->CodeIgniter\View\{closure}()
#3 C:\xampp\htdocs\kas_rt - Copy\ci4\system\Common.php(1089): CodeIgniter\View\View->render('beranda', Array, true)
#4 C:\xampp\htdocs\kas_rt - Copy\ci4\app\Controllers\Home.php(12): view('beranda', Array)
#5 C:\xampp\htdocs\kas_rt - Copy\ci4\system\CodeIgniter.php(832): App\Controllers\Home->index()
#6 C:\xampp\htdocs\kas_rt - Copy\ci4\system\CodeIgniter.php(419): CodeIgniter\CodeIgniter->runController(Object(App\Controllers\Home))
#7 C:\xampp\htdocs\kas_rt - Copy\ci4\system\CodeIgniter.php(326): CodeIgniter\CodeIgniter->handleRequest(NULL, Object(Config\Cache), false)
#8 C:\xampp\htdocs\kas_rt - Copy\ci4\public\index.php(37): CodeIgniter\CodeIgniter->run()
#9 C:\xampp\htdocs\kas_rt - Copy\ci4\system\Commands\Server\rewrite.php(43): require_once('C:\\xampp\\htdocs...')
#10 {main}
CRITICAL - 2022-07-13 09:12:03 --> Undefined variable $getLaporanTahun
#0 C:\xampp\htdocs\kas_rt - Copy\ci4\app\Views\beranda.php(33): CodeIgniter\Debug\Exceptions->errorHandler(2, 'Undefined varia...', 'C:\\xampp\\htdocs...', 33)
#1 C:\xampp\htdocs\kas_rt - Copy\ci4\system\View\View.php(210): include('C:\\xampp\\htdocs...')
#2 C:\xampp\htdocs\kas_rt - Copy\ci4\system\View\View.php(213): CodeIgniter\View\View->CodeIgniter\View\{closure}()
#3 C:\xampp\htdocs\kas_rt - Copy\ci4\system\Common.php(1089): CodeIgniter\View\View->render('beranda', Array, true)
#4 C:\xampp\htdocs\kas_rt - Copy\ci4\app\Controllers\Home.php(12): view('beranda', Array)
#5 C:\xampp\htdocs\kas_rt - Copy\ci4\system\CodeIgniter.php(832): App\Controllers\Home->index()
#6 C:\xampp\htdocs\kas_rt - Copy\ci4\system\CodeIgniter.php(419): CodeIgniter\CodeIgniter->runController(Object(App\Controllers\Home))
#7 C:\xampp\htdocs\kas_rt - Copy\ci4\system\CodeIgniter.php(326): CodeIgniter\CodeIgniter->handleRequest(NULL, Object(Config\Cache), false)
#8 C:\xampp\htdocs\kas_rt - Copy\ci4\public\index.php(37): CodeIgniter\CodeIgniter->run()
#9 C:\xampp\htdocs\kas_rt - Copy\ci4\system\Commands\Server\rewrite.php(43): require_once('C:\\xampp\\htdocs...')
#10 {main}
CRITICAL - 2022-07-13 09:12:04 --> Undefined variable $getLaporanTahun
#0 C:\xampp\htdocs\kas_rt - Copy\ci4\app\Views\beranda.php(33): CodeIgniter\Debug\Exceptions->errorHandler(2, 'Undefined varia...', 'C:\\xampp\\htdocs...', 33)
#1 C:\xampp\htdocs\kas_rt - Copy\ci4\system\View\View.php(210): include('C:\\xampp\\htdocs...')
#2 C:\xampp\htdocs\kas_rt - Copy\ci4\system\View\View.php(213): CodeIgniter\View\View->CodeIgniter\View\{closure}()
#3 C:\xampp\htdocs\kas_rt - Copy\ci4\system\Common.php(1089): CodeIgniter\View\View->render('beranda', Array, true)
#4 C:\xampp\htdocs\kas_rt - Copy\ci4\app\Controllers\Home.php(12): view('beranda', Array)
#5 C:\xampp\htdocs\kas_rt - Copy\ci4\system\CodeIgniter.php(832): App\Controllers\Home->index()
#6 C:\xampp\htdocs\kas_rt - Copy\ci4\system\CodeIgniter.php(419): CodeIgniter\CodeIgniter->runController(Object(App\Controllers\Home))
#7 C:\xampp\htdocs\kas_rt - Copy\ci4\system\CodeIgniter.php(326): CodeIgniter\CodeIgniter->handleRequest(NULL, Object(Config\Cache), false)
#8 C:\xampp\htdocs\kas_rt - Copy\ci4\public\index.php(37): CodeIgniter\CodeIgniter->run()
#9 C:\xampp\htdocs\kas_rt - Copy\ci4\system\Commands\Server\rewrite.php(43): require_once('C:\\xampp\\htdocs...')
#10 {main}
CRITICAL - 2022-07-13 09:16:15 --> Undefined array key "SUM(jumlah)"
#0 C:\xampp\htdocs\kas_rt - Copy\ci4\app\Views\beranda.php(33): CodeIgniter\Debug\Exceptions->errorHandler(2, 'Undefined array...', 'C:\\xampp\\htdocs...', 33)
#1 C:\xampp\htdocs\kas_rt - Copy\ci4\system\View\View.php(210): include('C:\\xampp\\htdocs...')
#2 C:\xampp\htdocs\kas_rt - Copy\ci4\system\View\View.php(213): CodeIgniter\View\View->CodeIgniter\View\{closure}()
#3 C:\xampp\htdocs\kas_rt - Copy\ci4\system\Common.php(1089): CodeIgniter\View\View->render('beranda', Array, true)
#4 C:\xampp\htdocs\kas_rt - Copy\ci4\app\Controllers\Home.php(15): view('beranda', Array)
#5 C:\xampp\htdocs\kas_rt - Copy\ci4\system\CodeIgniter.php(832): App\Controllers\Home->index()
#6 C:\xampp\htdocs\kas_rt - Copy\ci4\system\CodeIgniter.php(419): CodeIgniter\CodeIgniter->runController(Object(App\Controllers\Home))
#7 C:\xampp\htdocs\kas_rt - Copy\ci4\system\CodeIgniter.php(326): CodeIgniter\CodeIgniter->handleRequest(NULL, Object(Config\Cache), false)
#8 C:\xampp\htdocs\kas_rt - Copy\ci4\public\index.php(37): CodeIgniter\CodeIgniter->run()
#9 C:\xampp\htdocs\kas_rt - Copy\ci4\system\Commands\Server\rewrite.php(43): require_once('C:\\xampp\\htdocs...')
#10 {main}
CRITICAL - 2022-07-13 09:17:45 --> Undefined array key "SUM(jumlah)"
#0 C:\xampp\htdocs\kas_rt - Copy\ci4\app\Views\beranda.php(33): CodeIgniter\Debug\Exceptions->errorHandler(2, 'Undefined array...', 'C:\\xampp\\htdocs...', 33)
#1 C:\xampp\htdocs\kas_rt - Copy\ci4\system\View\View.php(210): include('C:\\xampp\\htdocs...')
#2 C:\xampp\htdocs\kas_rt - Copy\ci4\system\View\View.php(213): CodeIgniter\View\View->CodeIgniter\View\{closure}()
#3 C:\xampp\htdocs\kas_rt - Copy\ci4\system\Common.php(1089): CodeIgniter\View\View->render('beranda', Array, true)
#4 C:\xampp\htdocs\kas_rt - Copy\ci4\app\Controllers\Home.php(18): view('beranda', Array)
#5 C:\xampp\htdocs\kas_rt - Copy\ci4\system\CodeIgniter.php(832): App\Controllers\Home->index()
#6 C:\xampp\htdocs\kas_rt - Copy\ci4\system\CodeIgniter.php(419): CodeIgniter\CodeIgniter->runController(Object(App\Controllers\Home))
#7 C:\xampp\htdocs\kas_rt - Copy\ci4\system\CodeIgniter.php(326): CodeIgniter\CodeIgniter->handleRequest(NULL, Object(Config\Cache), false)
#8 C:\xampp\htdocs\kas_rt - Copy\ci4\public\index.php(37): CodeIgniter\CodeIgniter->run()
#9 C:\xampp\htdocs\kas_rt - Copy\ci4\system\Commands\Server\rewrite.php(43): require_once('C:\\xampp\\htdocs...')
#10 {main}
CRITICAL - 2022-07-13 09:17:45 --> Undefined array key "SUM(jumlah)"
#0 C:\xampp\htdocs\kas_rt - Copy\ci4\app\Views\beranda.php(33): CodeIgniter\Debug\Exceptions->errorHandler(2, 'Undefined array...', 'C:\\xampp\\htdocs...', 33)
#1 C:\xampp\htdocs\kas_rt - Copy\ci4\system\View\View.php(210): include('C:\\xampp\\htdocs...')
#2 C:\xampp\htdocs\kas_rt - Copy\ci4\system\View\View.php(213): CodeIgniter\View\View->CodeIgniter\View\{closure}()
#3 C:\xampp\htdocs\kas_rt - Copy\ci4\system\Common.php(1089): CodeIgniter\View\View->render('beranda', Array, true)
#4 C:\xampp\htdocs\kas_rt - Copy\ci4\app\Controllers\Home.php(18): view('beranda', Array)
#5 C:\xampp\htdocs\kas_rt - Copy\ci4\system\CodeIgniter.php(832): App\Controllers\Home->index()
#6 C:\xampp\htdocs\kas_rt - Copy\ci4\system\CodeIgniter.php(419): CodeIgniter\CodeIgniter->runController(Object(App\Controllers\Home))
#7 C:\xampp\htdocs\kas_rt - Copy\ci4\system\CodeIgniter.php(326): CodeIgniter\CodeIgniter->handleRequest(NULL, Object(Config\Cache), false)
#8 C:\xampp\htdocs\kas_rt - Copy\ci4\public\index.php(37): CodeIgniter\CodeIgniter->run()
#9 C:\xampp\htdocs\kas_rt - Copy\ci4\system\Commands\Server\rewrite.php(43): require_once('C:\\xampp\\htdocs...')
#10 {main}
CRITICAL - 2022-07-13 09:18:37 --> Undefined array key "SUM(jumlah)"
#0 C:\xampp\htdocs\kas_rt - Copy\ci4\app\Views\beranda.php(33): CodeIgniter\Debug\Exceptions->errorHandler(2, 'Undefined array...', 'C:\\xampp\\htdocs...', 33)
#1 C:\xampp\htdocs\kas_rt - Copy\ci4\system\View\View.php(210): include('C:\\xampp\\htdocs...')
#2 C:\xampp\htdocs\kas_rt - Copy\ci4\system\View\View.php(213): CodeIgniter\View\View->CodeIgniter\View\{closure}()
#3 C:\xampp\htdocs\kas_rt - Copy\ci4\system\Common.php(1089): CodeIgniter\View\View->render('beranda', Array, true)
#4 C:\xampp\htdocs\kas_rt - Copy\ci4\app\Controllers\Home.php(18): view('beranda', Array)
#5 C:\xampp\htdocs\kas_rt - Copy\ci4\system\CodeIgniter.php(832): App\Controllers\Home->index()
#6 C:\xampp\htdocs\kas_rt - Copy\ci4\system\CodeIgniter.php(419): CodeIgniter\CodeIgniter->runController(Object(App\Controllers\Home))
#7 C:\xampp\htdocs\kas_rt - Copy\ci4\system\CodeIgniter.php(326): CodeIgniter\CodeIgniter->handleRequest(NULL, Object(Config\Cache), false)
#8 C:\xampp\htdocs\kas_rt - Copy\ci4\public\index.php(37): CodeIgniter\CodeIgniter->run()
#9 C:\xampp\htdocs\kas_rt - Copy\ci4\system\Commands\Server\rewrite.php(43): require_once('C:\\xampp\\htdocs...')
#10 {main}
CRITICAL - 2022-07-13 09:18:38 --> Undefined array key "SUM(jumlah)"
#0 C:\xampp\htdocs\kas_rt - Copy\ci4\app\Views\beranda.php(33): CodeIgniter\Debug\Exceptions->errorHandler(2, 'Undefined array...', 'C:\\xampp\\htdocs...', 33)
#1 C:\xampp\htdocs\kas_rt - Copy\ci4\system\View\View.php(210): include('C:\\xampp\\htdocs...')
#2 C:\xampp\htdocs\kas_rt - Copy\ci4\system\View\View.php(213): CodeIgniter\View\View->CodeIgniter\View\{closure}()
#3 C:\xampp\htdocs\kas_rt - Copy\ci4\system\Common.php(1089): CodeIgniter\View\View->render('beranda', Array, true)
#4 C:\xampp\htdocs\kas_rt - Copy\ci4\app\Controllers\Home.php(18): view('beranda', Array)
#5 C:\xampp\htdocs\kas_rt - Copy\ci4\system\CodeIgniter.php(832): App\Controllers\Home->index()
#6 C:\xampp\htdocs\kas_rt - Copy\ci4\system\CodeIgniter.php(419): CodeIgniter\CodeIgniter->runController(Object(App\Controllers\Home))
#7 C:\xampp\htdocs\kas_rt - Copy\ci4\system\CodeIgniter.php(326): CodeIgniter\CodeIgniter->handleRequest(NULL, Object(Config\Cache), false)
#8 C:\xampp\htdocs\kas_rt - Copy\ci4\public\index.php(37): CodeIgniter\CodeIgniter->run()
#9 C:\xampp\htdocs\kas_rt - Copy\ci4\system\Commands\Server\rewrite.php(43): require_once('C:\\xampp\\htdocs...')
#10 {main}
CRITICAL - 2022-07-13 09:21:10 --> Undefined array key "SUM(jumlah)"
#0 C:\xampp\htdocs\kas_rt - Copy\ci4\app\Views\beranda.php(33): CodeIgniter\Debug\Exceptions->errorHandler(2, 'Undefined array...', 'C:\\xampp\\htdocs...', 33)
#1 C:\xampp\htdocs\kas_rt - Copy\ci4\system\View\View.php(210): include('C:\\xampp\\htdocs...')
#2 C:\xampp\htdocs\kas_rt - Copy\ci4\system\View\View.php(213): CodeIgniter\View\View->CodeIgniter\View\{closure}()
#3 C:\xampp\htdocs\kas_rt - Copy\ci4\system\Common.php(1089): CodeIgniter\View\View->render('beranda', Array, true)
#4 C:\xampp\htdocs\kas_rt - Copy\ci4\app\Controllers\Home.php(18): view('beranda', Array)
#5 C:\xampp\htdocs\kas_rt - Copy\ci4\system\CodeIgniter.php(832): App\Controllers\Home->index()
#6 C:\xampp\htdocs\kas_rt - Copy\ci4\system\CodeIgniter.php(419): CodeIgniter\CodeIgniter->runController(Object(App\Controllers\Home))
#7 C:\xampp\htdocs\kas_rt - Copy\ci4\system\CodeIgniter.php(326): CodeIgniter\CodeIgniter->handleRequest(NULL, Object(Config\Cache), false)
#8 C:\xampp\htdocs\kas_rt - Copy\ci4\public\index.php(37): CodeIgniter\CodeIgniter->run()
#9 C:\xampp\htdocs\kas_rt - Copy\ci4\system\Commands\Server\rewrite.php(43): require_once('C:\\xampp\\htdocs...')
#10 {main}
CRITICAL - 2022-07-13 09:21:23 --> Undefined property: CodeIgniter\View\View::$db
#0 C:\xampp\htdocs\kas_rt - Copy\ci4\app\Views\beranda.php(35): CodeIgniter\Debug\Exceptions->errorHandler(2, 'Undefined prope...', 'C:\\xampp\\htdocs...', 35)
#1 C:\xampp\htdocs\kas_rt - Copy\ci4\system\View\View.php(210): include('C:\\xampp\\htdocs...')
#2 C:\xampp\htdocs\kas_rt - Copy\ci4\system\View\View.php(213): CodeIgniter\View\View->CodeIgniter\View\{closure}()
#3 C:\xampp\htdocs\kas_rt - Copy\ci4\system\Common.php(1089): CodeIgniter\View\View->render('beranda', Array, true)
#4 C:\xampp\htdocs\kas_rt - Copy\ci4\app\Controllers\Home.php(18): view('beranda', Array)
#5 C:\xampp\htdocs\kas_rt - Copy\ci4\system\CodeIgniter.php(832): App\Controllers\Home->index()
#6 C:\xampp\htdocs\kas_rt - Copy\ci4\system\CodeIgniter.php(419): CodeIgniter\CodeIgniter->runController(Object(App\Controllers\Home))
#7 C:\xampp\htdocs\kas_rt - Copy\ci4\system\CodeIgniter.php(326): CodeIgniter\CodeIgniter->handleRequest(NULL, Object(Config\Cache), false)
#8 C:\xampp\htdocs\kas_rt - Copy\ci4\public\index.php(37): CodeIgniter\CodeIgniter->run()
#9 C:\xampp\htdocs\kas_rt - Copy\ci4\system\Commands\Server\rewrite.php(43): require_once('C:\\xampp\\htdocs...')
#10 {main}
CRITICAL - 2022-07-13 09:28:03 --> syntax error, unexpected token "protected", expecting end of file
#0 C:\xampp\htdocs\kas_rt - Copy\ci4\system\View\View.php(213): CodeIgniter\View\View->CodeIgniter\View\{closure}()
#1 C:\xampp\htdocs\kas_rt - Copy\ci4\system\Common.php(1089): CodeIgniter\View\View->render('beranda', Array, true)
#2 C:\xampp\htdocs\kas_rt - Copy\ci4\app\Controllers\Home.php(10): view('beranda', Array)
#3 C:\xampp\htdocs\kas_rt - Copy\ci4\system\CodeIgniter.php(832): App\Controllers\Home->index()
#4 C:\xampp\htdocs\kas_rt - Copy\ci4\system\CodeIgniter.php(419): CodeIgniter\CodeIgniter->runController(Object(App\Controllers\Home))
#5 C:\xampp\htdocs\kas_rt - Copy\ci4\system\CodeIgniter.php(326): CodeIgniter\CodeIgniter->handleRequest(NULL, Object(Config\Cache), false)
#6 C:\xampp\htdocs\kas_rt - Copy\ci4\public\index.php(37): CodeIgniter\CodeIgniter->run()
#7 C:\xampp\htdocs\kas_rt - Copy\ci4\system\Commands\Server\rewrite.php(43): require_once('C:\\xampp\\htdocs...')
#8 {main}
ERROR - 2022-07-13 22:28:01 --> Duplicate entry '312010' for key 'nik_UNIQUE'
CRITICAL - 2022-07-13 22:28:01 --> Duplicate entry '312010' for key 'nik_UNIQUE'
#0 C:\xampp\htdocs\kas_rt\ci4\system\Database\MySQLi\Connection.php(292): mysqli->query('UPDATE `warga` ...', 0)
#1 C:\xampp\htdocs\kas_rt\ci4\system\Database\BaseConnection.php(670): CodeIgniter\Database\MySQLi\Connection->execute('UPDATE `warga` ...')
#2 C:\xampp\htdocs\kas_rt\ci4\system\Database\BaseConnection.php(598): CodeIgniter\Database\BaseConnection->simpleQuery('UPDATE `warga` ...')
#3 C:\xampp\htdocs\kas_rt\ci4\system\Database\BaseBuilder.php(1913): CodeIgniter\Database\BaseConnection->query('UPDATE `warga` ...', Array, false)
#4 C:\xampp\htdocs\kas_rt\ci4\app\Models\WargaModel.php(37): CodeIgniter\Database\BaseBuilder->update(Array, Array)
#5 C:\xampp\htdocs\kas_rt\ci4\app\Controllers\Warga.php(144): App\Models\WargaModel->ubah_warga(Array, '7')
#6 C:\xampp\htdocs\kas_rt\ci4\system\CodeIgniter.php(832): App\Controllers\Warga->update('7')
#7 C:\xampp\htdocs\kas_rt\ci4\system\CodeIgniter.php(419): CodeIgniter\CodeIgniter->runController(Object(App\Controllers\Warga))
#8 C:\xampp\htdocs\kas_rt\ci4\system\CodeIgniter.php(326): CodeIgniter\CodeIgniter->handleRequest(NULL, Object(Config\Cache), false)
#9 C:\xampp\htdocs\kas_rt\ci4\public\index.php(37): CodeIgniter\CodeIgniter->run()
#10 C:\xampp\htdocs\kas_rt\ci4\system\Commands\Server\rewrite.php(43): require_once('C:\\xampp\\htdocs...')
#11 {main}
