ERROR - 2022-06-29 10:02:00 --> Error connecting to the database: No connection could be made because the target machine actively refused it
CRITICAL - 2022-06-29 10:02:00 --> Unable to connect to the database.
Main connection [MySQLi]: No connection could be made because the target machine actively refused it
#0 C:\xampp\htdocs\kas_rt - Copy\ci4\system\Database\BaseConnection.php(577): CodeIgniter\Database\BaseConnection->initialize()
#1 C:\xampp\htdocs\kas_rt - Copy\ci4\system\Database\BaseBuilder.php(1913): CodeIgniter\Database\BaseConnection->query('UPDATE `warga` ...', Array, false)
#2 C:\xampp\htdocs\kas_rt - Copy\ci4\app\Models\WargaModel.php(37): CodeIgniter\Database\BaseBuilder->update(Array, Array)
#3 C:\xampp\htdocs\kas_rt - Copy\ci4\app\Controllers\WargaController.php(109): App\Models\WargaModel->ubah_warga(Array, '1')
#4 C:\xampp\htdocs\kas_rt - Copy\ci4\system\CodeIgniter.php(832): App\Controllers\WargaController->update('1')
#5 C:\xampp\htdocs\kas_rt - Copy\ci4\system\CodeIgniter.php(419): CodeIgniter\CodeIgniter->runController(Object(App\Controllers\WargaController))
#6 C:\xampp\htdocs\kas_rt - Copy\ci4\system\CodeIgniter.php(326): CodeIgniter\CodeIgniter->handleRequest(NULL, Object(Config\Cache), false)
#7 C:\xampp\htdocs\kas_rt - Copy\ci4\public\index.php(37): CodeIgniter\CodeIgniter->run()
#8 C:\xampp\htdocs\kas_rt - Copy\ci4\system\Commands\Server\rewrite.php(43): require_once('C:\\xampp\\htdocs...')
#9 {main}
CRITICAL - 2022-06-29 10:27:36 --> Too few arguments to function App\Controllers\WargaController::detail(), 0 passed in C:\xampp\htdocs\kas_rt - Copy\ci4\system\CodeIgniter.php on line 832 and exactly 1 expected
#0 C:\xampp\htdocs\kas_rt - Copy\ci4\system\CodeIgniter.php(832): App\Controllers\WargaController->detail()
#1 C:\xampp\htdocs\kas_rt - Copy\ci4\system\CodeIgniter.php(419): CodeIgniter\CodeIgniter->runController(Object(App\Controllers\WargaController))
#2 C:\xampp\htdocs\kas_rt - Copy\ci4\system\CodeIgniter.php(326): CodeIgniter\CodeIgniter->handleRequest(NULL, Object(Config\Cache), false)
#3 C:\xampp\htdocs\kas_rt - Copy\ci4\public\index.php(37): CodeIgniter\CodeIgniter->run()
#4 C:\xampp\htdocs\kas_rt - Copy\ci4\system\Commands\Server\rewrite.php(43): require_once('C:\\xampp\\htdocs...')
#5 {main}
CRITICAL - 2022-06-29 10:28:58 --> Too few arguments to function App\Controllers\WargaController::detail(), 0 passed in C:\xampp\htdocs\kas_rt - Copy\ci4\system\CodeIgniter.php on line 832 and exactly 1 expected
#0 C:\xampp\htdocs\kas_rt - Copy\ci4\system\CodeIgniter.php(832): App\Controllers\WargaController->detail()
#1 C:\xampp\htdocs\kas_rt - Copy\ci4\system\CodeIgniter.php(419): CodeIgniter\CodeIgniter->runController(Object(App\Controllers\WargaController))
#2 C:\xampp\htdocs\kas_rt - Copy\ci4\system\CodeIgniter.php(326): CodeIgniter\CodeIgniter->handleRequest(NULL, Object(Config\Cache), false)
#3 C:\xampp\htdocs\kas_rt - Copy\ci4\public\index.php(37): CodeIgniter\CodeIgniter->run()
#4 C:\xampp\htdocs\kas_rt - Copy\ci4\system\Commands\Server\rewrite.php(43): require_once('C:\\xampp\\htdocs...')
#5 {main}
CRITICAL - 2022-06-29 10:29:10 --> Too few arguments to function App\Controllers\WargaController::detail(), 0 passed in C:\xampp\htdocs\kas_rt - Copy\ci4\system\CodeIgniter.php on line 832 and exactly 1 expected
#0 C:\xampp\htdocs\kas_rt - Copy\ci4\system\CodeIgniter.php(832): App\Controllers\WargaController->detail()
#1 C:\xampp\htdocs\kas_rt - Copy\ci4\system\CodeIgniter.php(419): CodeIgniter\CodeIgniter->runController(Object(App\Controllers\WargaController))
#2 C:\xampp\htdocs\kas_rt - Copy\ci4\system\CodeIgniter.php(326): CodeIgniter\CodeIgniter->handleRequest(NULL, Object(Config\Cache), false)
#3 C:\xampp\htdocs\kas_rt - Copy\ci4\public\index.php(37): CodeIgniter\CodeIgniter->run()
#4 C:\xampp\htdocs\kas_rt - Copy\ci4\system\Commands\Server\rewrite.php(43): require_once('C:\\xampp\\htdocs...')
#5 {main}
CRITICAL - 2022-06-29 10:29:13 --> Too few arguments to function App\Controllers\WargaController::detail(), 0 passed in C:\xampp\htdocs\kas_rt - Copy\ci4\system\CodeIgniter.php on line 832 and exactly 1 expected
#0 C:\xampp\htdocs\kas_rt - Copy\ci4\system\CodeIgniter.php(832): App\Controllers\WargaController->detail()
#1 C:\xampp\htdocs\kas_rt - Copy\ci4\system\CodeIgniter.php(419): CodeIgniter\CodeIgniter->runController(Object(App\Controllers\WargaController))
#2 C:\xampp\htdocs\kas_rt - Copy\ci4\system\CodeIgniter.php(326): CodeIgniter\CodeIgniter->handleRequest(NULL, Object(Config\Cache), false)
#3 C:\xampp\htdocs\kas_rt - Copy\ci4\public\index.php(37): CodeIgniter\CodeIgniter->run()
#4 C:\xampp\htdocs\kas_rt - Copy\ci4\system\Commands\Server\rewrite.php(43): require_once('C:\\xampp\\htdocs...')
#5 {main}
CRITICAL - 2022-06-29 10:31:40 --> Too few arguments to function App\Controllers\WargaController::detail(), 0 passed in C:\xampp\htdocs\kas_rt - Copy\ci4\system\CodeIgniter.php on line 832 and exactly 1 expected
#0 C:\xampp\htdocs\kas_rt - Copy\ci4\system\CodeIgniter.php(832): App\Controllers\WargaController->detail()
#1 C:\xampp\htdocs\kas_rt - Copy\ci4\system\CodeIgniter.php(419): CodeIgniter\CodeIgniter->runController(Object(App\Controllers\WargaController))
#2 C:\xampp\htdocs\kas_rt - Copy\ci4\system\CodeIgniter.php(326): CodeIgniter\CodeIgniter->handleRequest(NULL, Object(Config\Cache), false)
#3 C:\xampp\htdocs\kas_rt - Copy\ci4\public\index.php(37): CodeIgniter\CodeIgniter->run()
#4 C:\xampp\htdocs\kas_rt - Copy\ci4\system\Commands\Server\rewrite.php(43): require_once('C:\\xampp\\htdocs...')
#5 {main}
CRITICAL - 2022-06-29 10:32:40 --> Class "App\Models\PagesModel" not found
#0 C:\xampp\htdocs\kas_rt - Copy\ci4\system\CodeIgniter.php(832): App\Controllers\Pages->about()
#1 C:\xampp\htdocs\kas_rt - Copy\ci4\system\CodeIgniter.php(419): CodeIgniter\CodeIgniter->runController(Object(App\Controllers\Pages))
#2 C:\xampp\htdocs\kas_rt - Copy\ci4\system\CodeIgniter.php(326): CodeIgniter\CodeIgniter->handleRequest(NULL, Object(Config\Cache), false)
#3 C:\xampp\htdocs\kas_rt - Copy\ci4\public\index.php(37): CodeIgniter\CodeIgniter->run()
#4 C:\xampp\htdocs\kas_rt - Copy\ci4\system\Commands\Server\rewrite.php(43): require_once('C:\\xampp\\htdocs...')
#5 {main}
CRITICAL - 2022-06-29 10:33:39 --> Class "App\Models\PagesModel" not found
#0 C:\xampp\htdocs\kas_rt - Copy\ci4\system\CodeIgniter.php(832): App\Controllers\Pages->about()
#1 C:\xampp\htdocs\kas_rt - Copy\ci4\system\CodeIgniter.php(419): CodeIgniter\CodeIgniter->runController(Object(App\Controllers\Pages))
#2 C:\xampp\htdocs\kas_rt - Copy\ci4\system\CodeIgniter.php(326): CodeIgniter\CodeIgniter->handleRequest(NULL, Object(Config\Cache), false)
#3 C:\xampp\htdocs\kas_rt - Copy\ci4\public\index.php(37): CodeIgniter\CodeIgniter->run()
#4 C:\xampp\htdocs\kas_rt - Copy\ci4\system\Commands\Server\rewrite.php(43): require_once('C:\\xampp\\htdocs...')
#5 {main}
CRITICAL - 2022-06-29 10:33:41 --> Class "App\Models\PagesModel" not found
#0 C:\xampp\htdocs\kas_rt - Copy\ci4\system\CodeIgniter.php(832): App\Controllers\Pages->contact()
#1 C:\xampp\htdocs\kas_rt - Copy\ci4\system\CodeIgniter.php(419): CodeIgniter\CodeIgniter->runController(Object(App\Controllers\Pages))
#2 C:\xampp\htdocs\kas_rt - Copy\ci4\system\CodeIgniter.php(326): CodeIgniter\CodeIgniter->handleRequest(NULL, Object(Config\Cache), false)
#3 C:\xampp\htdocs\kas_rt - Copy\ci4\public\index.php(37): CodeIgniter\CodeIgniter->run()
#4 C:\xampp\htdocs\kas_rt - Copy\ci4\system\Commands\Server\rewrite.php(43): require_once('C:\\xampp\\htdocs...')
#5 {main}
CRITICAL - 2022-06-29 20:27:02 --> Class "App\Models\PagesModel" not found
#0 C:\xampp\htdocs\kas_rt - Copy\ci4\system\CodeIgniter.php(832): App\Controllers\Pages->contact()
#1 C:\xampp\htdocs\kas_rt - Copy\ci4\system\CodeIgniter.php(419): CodeIgniter\CodeIgniter->runController(Object(App\Controllers\Pages))
#2 C:\xampp\htdocs\kas_rt - Copy\ci4\system\CodeIgniter.php(326): CodeIgniter\CodeIgniter->handleRequest(NULL, Object(Config\Cache), false)
#3 C:\xampp\htdocs\kas_rt - Copy\ci4\public\index.php(37): CodeIgniter\CodeIgniter->run()
#4 C:\xampp\htdocs\kas_rt - Copy\ci4\system\Commands\Server\rewrite.php(43): require_once('C:\\xampp\\htdocs...')
#5 {main}
CRITICAL - 2022-06-29 20:40:24 --> Class "App\Models\PagesModel" not found
#0 C:\xampp\htdocs\kas_rt - Copy\ci4\system\CodeIgniter.php(832): App\Controllers\Pages->about()
#1 C:\xampp\htdocs\kas_rt - Copy\ci4\system\CodeIgniter.php(419): CodeIgniter\CodeIgniter->runController(Object(App\Controllers\Pages))
#2 C:\xampp\htdocs\kas_rt - Copy\ci4\system\CodeIgniter.php(326): CodeIgniter\CodeIgniter->handleRequest(NULL, Object(Config\Cache), false)
#3 C:\xampp\htdocs\kas_rt - Copy\ci4\public\index.php(37): CodeIgniter\CodeIgniter->run()
#4 C:\xampp\htdocs\kas_rt - Copy\ci4\system\Commands\Server\rewrite.php(43): require_once('C:\\xampp\\htdocs...')
#5 {main}
CRITICAL - 2022-06-29 20:48:46 --> Class "App\Models\PagesModel" not found
#0 C:\xampp\htdocs\kas_rt - Copy\ci4\system\CodeIgniter.php(832): App\Controllers\Pages->about()
#1 C:\xampp\htdocs\kas_rt - Copy\ci4\system\CodeIgniter.php(419): CodeIgniter\CodeIgniter->runController(Object(App\Controllers\Pages))
#2 C:\xampp\htdocs\kas_rt - Copy\ci4\system\CodeIgniter.php(326): CodeIgniter\CodeIgniter->handleRequest(NULL, Object(Config\Cache), false)
#3 C:\xampp\htdocs\kas_rt - Copy\ci4\public\index.php(37): CodeIgniter\CodeIgniter->run()
#4 C:\xampp\htdocs\kas_rt - Copy\ci4\system\Commands\Server\rewrite.php(43): require_once('C:\\xampp\\htdocs...')
#5 {main}
CRITICAL - 2022-06-29 21:50:45 --> syntax error, unexpected end of file, expecting "elseif" or "else" or "endif"
#0 C:\xampp\htdocs\kas_rt - Copy\ci4\system\View\View.php(213): CodeIgniter\View\View->CodeIgniter\View\{closure}()
#1 C:\xampp\htdocs\kas_rt - Copy\ci4\system\Pager\Pager.php(125): CodeIgniter\View\View->render('App\\Views\\Pager...')
#2 C:\xampp\htdocs\kas_rt - Copy\ci4\system\Pager\Pager.php(83): CodeIgniter\Pager\Pager->displayLinks('warga', 'warga_paginatio...')
#3 C:\xampp\htdocs\kas_rt - Copy\ci4\app\Views\Warga\index.php(91): CodeIgniter\Pager\Pager->links('warga', 'warga_paginatio...')
#4 C:\xampp\htdocs\kas_rt - Copy\ci4\system\View\View.php(210): include('C:\\xampp\\htdocs...')
#5 C:\xampp\htdocs\kas_rt - Copy\ci4\system\View\View.php(213): CodeIgniter\View\View->CodeIgniter\View\{closure}()
#6 C:\xampp\htdocs\kas_rt - Copy\ci4\system\Common.php(1089): CodeIgniter\View\View->render('Warga/index', Array, true)
#7 C:\xampp\htdocs\kas_rt - Copy\ci4\app\Controllers\WargaController.php(32): view('Warga/index', Array)
#8 C:\xampp\htdocs\kas_rt - Copy\ci4\system\CodeIgniter.php(832): App\Controllers\WargaController->index()
#9 C:\xampp\htdocs\kas_rt - Copy\ci4\system\CodeIgniter.php(419): CodeIgniter\CodeIgniter->runController(Object(App\Controllers\WargaController))
#10 C:\xampp\htdocs\kas_rt - Copy\ci4\system\CodeIgniter.php(326): CodeIgniter\CodeIgniter->handleRequest(NULL, Object(Config\Cache), false)
#11 C:\xampp\htdocs\kas_rt - Copy\ci4\public\index.php(37): CodeIgniter\CodeIgniter->run()
#12 C:\xampp\htdocs\kas_rt - Copy\ci4\system\Commands\Server\rewrite.php(43): require_once('C:\\xampp\\htdocs...')
#13 {main}
CRITICAL - 2022-06-29 21:50:56 --> syntax error, unexpected end of file, expecting "elseif" or "else" or "endif"
#0 C:\xampp\htdocs\kas_rt - Copy\ci4\system\View\View.php(213): CodeIgniter\View\View->CodeIgniter\View\{closure}()
#1 C:\xampp\htdocs\kas_rt - Copy\ci4\system\Pager\Pager.php(125): CodeIgniter\View\View->render('App\\Views\\Pager...')
#2 C:\xampp\htdocs\kas_rt - Copy\ci4\system\Pager\Pager.php(83): CodeIgniter\Pager\Pager->displayLinks('warga', 'warga_paginatio...')
#3 C:\xampp\htdocs\kas_rt - Copy\ci4\app\Views\Warga\index.php(91): CodeIgniter\Pager\Pager->links('warga', 'warga_paginatio...')
#4 C:\xampp\htdocs\kas_rt - Copy\ci4\system\View\View.php(210): include('C:\\xampp\\htdocs...')
#5 C:\xampp\htdocs\kas_rt - Copy\ci4\system\View\View.php(213): CodeIgniter\View\View->CodeIgniter\View\{closure}()
#6 C:\xampp\htdocs\kas_rt - Copy\ci4\system\Common.php(1089): CodeIgniter\View\View->render('Warga/index', Array, true)
#7 C:\xampp\htdocs\kas_rt - Copy\ci4\app\Controllers\WargaController.php(32): view('Warga/index', Array)
#8 C:\xampp\htdocs\kas_rt - Copy\ci4\system\CodeIgniter.php(832): App\Controllers\WargaController->index()
#9 C:\xampp\htdocs\kas_rt - Copy\ci4\system\CodeIgniter.php(419): CodeIgniter\CodeIgniter->runController(Object(App\Controllers\WargaController))
#10 C:\xampp\htdocs\kas_rt - Copy\ci4\system\CodeIgniter.php(326): CodeIgniter\CodeIgniter->handleRequest(NULL, Object(Config\Cache), false)
#11 C:\xampp\htdocs\kas_rt - Copy\ci4\public\index.php(37): CodeIgniter\CodeIgniter->run()
#12 C:\xampp\htdocs\kas_rt - Copy\ci4\system\Commands\Server\rewrite.php(43): require_once('C:\\xampp\\htdocs...')
#13 {main}
CRITICAL - 2022-06-29 22:08:08 --> syntax error, unexpected variable "$data"
#0 C:\xampp\htdocs\kas_rt - Copy\ci4\system\Router\Router.php(175): CodeIgniter\Router\Router->autoRoute('WargaController')
#1 C:\xampp\htdocs\kas_rt - Copy\ci4\system\CodeIgniter.php(726): CodeIgniter\Router\Router->handle('WargaController')
#2 C:\xampp\htdocs\kas_rt - Copy\ci4\system\CodeIgniter.php(368): CodeIgniter\CodeIgniter->tryToRouteIt(Object(CodeIgniter\Router\RouteCollection))
#3 C:\xampp\htdocs\kas_rt - Copy\ci4\system\CodeIgniter.php(326): CodeIgniter\CodeIgniter->handleRequest(NULL, Object(Config\Cache), false)
#4 C:\xampp\htdocs\kas_rt - Copy\ci4\public\index.php(37): CodeIgniter\CodeIgniter->run()
#5 C:\xampp\htdocs\kas_rt - Copy\ci4\system\Commands\Server\rewrite.php(43): require_once('C:\\xampp\\htdocs...')
#6 {main}
CRITICAL - 2022-06-29 22:08:12 --> syntax error, unexpected variable "$data"
#0 C:\xampp\htdocs\kas_rt - Copy\ci4\system\Router\Router.php(175): CodeIgniter\Router\Router->autoRoute('WargaController')
#1 C:\xampp\htdocs\kas_rt - Copy\ci4\system\CodeIgniter.php(726): CodeIgniter\Router\Router->handle('WargaController')
#2 C:\xampp\htdocs\kas_rt - Copy\ci4\system\CodeIgniter.php(368): CodeIgniter\CodeIgniter->tryToRouteIt(Object(CodeIgniter\Router\RouteCollection))
#3 C:\xampp\htdocs\kas_rt - Copy\ci4\system\CodeIgniter.php(326): CodeIgniter\CodeIgniter->handleRequest(NULL, Object(Config\Cache), false)
#4 C:\xampp\htdocs\kas_rt - Copy\ci4\public\index.php(37): CodeIgniter\CodeIgniter->run()
#5 C:\xampp\htdocs\kas_rt - Copy\ci4\system\Commands\Server\rewrite.php(43): require_once('C:\\xampp\\htdocs...')
#6 {main}
CRITICAL - 2022-06-29 22:08:22 --> syntax error, unexpected variable "$data"
#0 C:\xampp\htdocs\kas_rt - Copy\ci4\system\Router\Router.php(175): CodeIgniter\Router\Router->autoRoute('WargaController')
#1 C:\xampp\htdocs\kas_rt - Copy\ci4\system\CodeIgniter.php(726): CodeIgniter\Router\Router->handle('WargaController')
#2 C:\xampp\htdocs\kas_rt - Copy\ci4\system\CodeIgniter.php(368): CodeIgniter\CodeIgniter->tryToRouteIt(Object(CodeIgniter\Router\RouteCollection))
#3 C:\xampp\htdocs\kas_rt - Copy\ci4\system\CodeIgniter.php(326): CodeIgniter\CodeIgniter->handleRequest(NULL, Object(Config\Cache), false)
#4 C:\xampp\htdocs\kas_rt - Copy\ci4\public\index.php(37): CodeIgniter\CodeIgniter->run()
#5 C:\xampp\htdocs\kas_rt - Copy\ci4\system\Commands\Server\rewrite.php(43): require_once('C:\\xampp\\htdocs...')
#6 {main}
CRITICAL - 2022-06-29 22:17:44 --> Undefined variable $currentPage
#0 C:\xampp\htdocs\kas_rt - Copy\ci4\app\Controllers\WargaController.php(32): CodeIgniter\Debug\Exceptions->errorHandler(2, 'Undefined varia...', 'C:\\xampp\\htdocs...', 32)
#1 C:\xampp\htdocs\kas_rt - Copy\ci4\system\CodeIgniter.php(832): App\Controllers\WargaController->index()
#2 C:\xampp\htdocs\kas_rt - Copy\ci4\system\CodeIgniter.php(419): CodeIgniter\CodeIgniter->runController(Object(App\Controllers\WargaController))
#3 C:\xampp\htdocs\kas_rt - Copy\ci4\system\CodeIgniter.php(326): CodeIgniter\CodeIgniter->handleRequest(NULL, Object(Config\Cache), false)
#4 C:\xampp\htdocs\kas_rt - Copy\ci4\public\index.php(37): CodeIgniter\CodeIgniter->run()
#5 C:\xampp\htdocs\kas_rt - Copy\ci4\system\Commands\Server\rewrite.php(43): require_once('C:\\xampp\\htdocs...')
#6 {main}
CRITICAL - 2022-06-29 22:17:47 --> Undefined variable $currentPage
#0 C:\xampp\htdocs\kas_rt - Copy\ci4\app\Controllers\WargaController.php(32): CodeIgniter\Debug\Exceptions->errorHandler(2, 'Undefined varia...', 'C:\\xampp\\htdocs...', 32)
#1 C:\xampp\htdocs\kas_rt - Copy\ci4\system\CodeIgniter.php(832): App\Controllers\WargaController->index()
#2 C:\xampp\htdocs\kas_rt - Copy\ci4\system\CodeIgniter.php(419): CodeIgniter\CodeIgniter->runController(Object(App\Controllers\WargaController))
#3 C:\xampp\htdocs\kas_rt - Copy\ci4\system\CodeIgniter.php(326): CodeIgniter\CodeIgniter->handleRequest(NULL, Object(Config\Cache), false)
#4 C:\xampp\htdocs\kas_rt - Copy\ci4\public\index.php(37): CodeIgniter\CodeIgniter->run()
#5 C:\xampp\htdocs\kas_rt - Copy\ci4\system\Commands\Server\rewrite.php(43): require_once('C:\\xampp\\htdocs...')
#6 {main}
CRITICAL - 2022-06-29 22:17:52 --> Undefined variable $currentPage
#0 C:\xampp\htdocs\kas_rt - Copy\ci4\app\Controllers\WargaController.php(32): CodeIgniter\Debug\Exceptions->errorHandler(2, 'Undefined varia...', 'C:\\xampp\\htdocs...', 32)
#1 C:\xampp\htdocs\kas_rt - Copy\ci4\system\CodeIgniter.php(832): App\Controllers\WargaController->index()
#2 C:\xampp\htdocs\kas_rt - Copy\ci4\system\CodeIgniter.php(419): CodeIgniter\CodeIgniter->runController(Object(App\Controllers\WargaController))
#3 C:\xampp\htdocs\kas_rt - Copy\ci4\system\CodeIgniter.php(326): CodeIgniter\CodeIgniter->handleRequest(NULL, Object(Config\Cache), false)
#4 C:\xampp\htdocs\kas_rt - Copy\ci4\public\index.php(37): CodeIgniter\CodeIgniter->run()
#5 C:\xampp\htdocs\kas_rt - Copy\ci4\system\Commands\Server\rewrite.php(43): require_once('C:\\xampp\\htdocs...')
#6 {main}
CRITICAL - 2022-06-29 22:18:07 --> Undefined variable $currentPage
#0 C:\xampp\htdocs\kas_rt - Copy\ci4\app\Views\Warga\index.php(66): CodeIgniter\Debug\Exceptions->errorHandler(2, 'Undefined varia...', 'C:\\xampp\\htdocs...', 66)
#1 C:\xampp\htdocs\kas_rt - Copy\ci4\system\View\View.php(210): include('C:\\xampp\\htdocs...')
#2 C:\xampp\htdocs\kas_rt - Copy\ci4\system\View\View.php(213): CodeIgniter\View\View->CodeIgniter\View\{closure}()
#3 C:\xampp\htdocs\kas_rt - Copy\ci4\system\Common.php(1089): CodeIgniter\View\View->render('Warga/index', Array, true)
#4 C:\xampp\htdocs\kas_rt - Copy\ci4\app\Controllers\WargaController.php(34): view('Warga/index', Array)
#5 C:\xampp\htdocs\kas_rt - Copy\ci4\system\CodeIgniter.php(832): App\Controllers\WargaController->index()
#6 C:\xampp\htdocs\kas_rt - Copy\ci4\system\CodeIgniter.php(419): CodeIgniter\CodeIgniter->runController(Object(App\Controllers\WargaController))
#7 C:\xampp\htdocs\kas_rt - Copy\ci4\system\CodeIgniter.php(326): CodeIgniter\CodeIgniter->handleRequest(NULL, Object(Config\Cache), false)
#8 C:\xampp\htdocs\kas_rt - Copy\ci4\public\index.php(37): CodeIgniter\CodeIgniter->run()
#9 C:\xampp\htdocs\kas_rt - Copy\ci4\system\Commands\Server\rewrite.php(43): require_once('C:\\xampp\\htdocs...')
#10 {main}
CRITICAL - 2022-06-29 22:45:47 --> Undefined array key "url"
#0 C:\xampp\htdocs\kas_rt - Copy\ci4\app\Views\Pagers\warga_pagination.php(36): CodeIgniter\Debug\Exceptions->errorHandler(2, 'Undefined array...', 'C:\\xampp\\htdocs...', 36)
#1 C:\xampp\htdocs\kas_rt - Copy\ci4\system\View\View.php(210): include('C:\\xampp\\htdocs...')
#2 C:\xampp\htdocs\kas_rt - Copy\ci4\system\View\View.php(213): CodeIgniter\View\View->CodeIgniter\View\{closure}()
#3 C:\xampp\htdocs\kas_rt - Copy\ci4\system\Pager\Pager.php(125): CodeIgniter\View\View->render('App\\Views\\Pager...')
#4 C:\xampp\htdocs\kas_rt - Copy\ci4\system\Pager\Pager.php(83): CodeIgniter\Pager\Pager->displayLinks('warga', 'warga_paginatio...')
#5 C:\xampp\htdocs\kas_rt - Copy\ci4\app\Views\Warga\index.php(90): CodeIgniter\Pager\Pager->links('warga', 'warga_paginatio...')
#6 C:\xampp\htdocs\kas_rt - Copy\ci4\system\View\View.php(210): include('C:\\xampp\\htdocs...')
#7 C:\xampp\htdocs\kas_rt - Copy\ci4\system\View\View.php(213): CodeIgniter\View\View->CodeIgniter\View\{closure}()
#8 C:\xampp\htdocs\kas_rt - Copy\ci4\system\Common.php(1089): CodeIgniter\View\View->render('Warga/index', Array, true)
#9 C:\xampp\htdocs\kas_rt - Copy\ci4\app\Controllers\WargaController.php(34): view('Warga/index', Array)
#10 C:\xampp\htdocs\kas_rt - Copy\ci4\system\CodeIgniter.php(832): App\Controllers\WargaController->index()
#11 C:\xampp\htdocs\kas_rt - Copy\ci4\system\CodeIgniter.php(419): CodeIgniter\CodeIgniter->runController(Object(App\Controllers\WargaController))
#12 C:\xampp\htdocs\kas_rt - Copy\ci4\system\CodeIgniter.php(326): CodeIgniter\CodeIgniter->handleRequest(NULL, Object(Config\Cache), false)
#13 C:\xampp\htdocs\kas_rt - Copy\ci4\public\index.php(37): CodeIgniter\CodeIgniter->run()
#14 C:\xampp\htdocs\kas_rt - Copy\ci4\system\Commands\Server\rewrite.php(43): require_once('C:\\xampp\\htdocs...')
#15 {main}
CRITICAL - 2022-06-29 22:47:22 --> Unsupported operand types: string * int
#0 C:\xampp\htdocs\kas_rt - Copy\ci4\system\View\View.php(210): include()
#1 C:\xampp\htdocs\kas_rt - Copy\ci4\system\View\View.php(213): CodeIgniter\View\View->CodeIgniter\View\{closure}()
#2 C:\xampp\htdocs\kas_rt - Copy\ci4\system\Pager\Pager.php(125): CodeIgniter\View\View->render('App\\Views\\Pager...')
#3 C:\xampp\htdocs\kas_rt - Copy\ci4\system\Pager\Pager.php(83): CodeIgniter\Pager\Pager->displayLinks('warga', 'warga_paginatio...')
#4 C:\xampp\htdocs\kas_rt - Copy\ci4\app\Views\Warga\index.php(90): CodeIgniter\Pager\Pager->links('warga', 'warga_paginatio...')
#5 C:\xampp\htdocs\kas_rt - Copy\ci4\system\View\View.php(210): include('C:\\xampp\\htdocs...')
#6 C:\xampp\htdocs\kas_rt - Copy\ci4\system\View\View.php(213): CodeIgniter\View\View->CodeIgniter\View\{closure}()
#7 C:\xampp\htdocs\kas_rt - Copy\ci4\system\Common.php(1089): CodeIgniter\View\View->render('Warga/index', Array, true)
#8 C:\xampp\htdocs\kas_rt - Copy\ci4\app\Controllers\WargaController.php(34): view('Warga/index', Array)
#9 C:\xampp\htdocs\kas_rt - Copy\ci4\system\CodeIgniter.php(832): App\Controllers\WargaController->index()
#10 C:\xampp\htdocs\kas_rt - Copy\ci4\system\CodeIgniter.php(419): CodeIgniter\CodeIgniter->runController(Object(App\Controllers\WargaController))
#11 C:\xampp\htdocs\kas_rt - Copy\ci4\system\CodeIgniter.php(326): CodeIgniter\CodeIgniter->handleRequest(NULL, Object(Config\Cache), false)
#12 C:\xampp\htdocs\kas_rt - Copy\ci4\public\index.php(37): CodeIgniter\CodeIgniter->run()
#13 C:\xampp\htdocs\kas_rt - Copy\ci4\system\Commands\Server\rewrite.php(43): require_once('C:\\xampp\\htdocs...')
#14 {main}
CRITICAL - 2022-06-29 22:47:29 --> Unsupported operand types: string * int
#0 C:\xampp\htdocs\kas_rt - Copy\ci4\system\View\View.php(210): include()
#1 C:\xampp\htdocs\kas_rt - Copy\ci4\system\View\View.php(213): CodeIgniter\View\View->CodeIgniter\View\{closure}()
#2 C:\xampp\htdocs\kas_rt - Copy\ci4\system\Pager\Pager.php(125): CodeIgniter\View\View->render('App\\Views\\Pager...')
#3 C:\xampp\htdocs\kas_rt - Copy\ci4\system\Pager\Pager.php(83): CodeIgniter\Pager\Pager->displayLinks('warga', 'warga_paginatio...')
#4 C:\xampp\htdocs\kas_rt - Copy\ci4\app\Views\Warga\index.php(90): CodeIgniter\Pager\Pager->links('warga', 'warga_paginatio...')
#5 C:\xampp\htdocs\kas_rt - Copy\ci4\system\View\View.php(210): include('C:\\xampp\\htdocs...')
#6 C:\xampp\htdocs\kas_rt - Copy\ci4\system\View\View.php(213): CodeIgniter\View\View->CodeIgniter\View\{closure}()
#7 C:\xampp\htdocs\kas_rt - Copy\ci4\system\Common.php(1089): CodeIgniter\View\View->render('Warga/index', Array, true)
#8 C:\xampp\htdocs\kas_rt - Copy\ci4\app\Controllers\WargaController.php(34): view('Warga/index', Array)
#9 C:\xampp\htdocs\kas_rt - Copy\ci4\system\CodeIgniter.php(832): App\Controllers\WargaController->index()
#10 C:\xampp\htdocs\kas_rt - Copy\ci4\system\CodeIgniter.php(419): CodeIgniter\CodeIgniter->runController(Object(App\Controllers\WargaController))
#11 C:\xampp\htdocs\kas_rt - Copy\ci4\system\CodeIgniter.php(326): CodeIgniter\CodeIgniter->handleRequest(NULL, Object(Config\Cache), false)
#12 C:\xampp\htdocs\kas_rt - Copy\ci4\public\index.php(37): CodeIgniter\CodeIgniter->run()
#13 C:\xampp\htdocs\kas_rt - Copy\ci4\system\Commands\Server\rewrite.php(43): require_once('C:\\xampp\\htdocs...')
#14 {main}
