CRITICAL - 2023-09-30 01:53:01 --> Undefined array key "tahun"
#0 C:\Users\Administrator\Desktop\iuran\aplikasikas\app\Views\Laporan\index.php(65): CodeIgniter\Debug\Exceptions->errorHandler(2, 'Undefined array...', 'C:\\Users\\Admini...', 65)
#1 C:\Users\Administrator\Desktop\iuran\aplikasikas\system\View\View.php(210): include('C:\\Users\\Admini...')
#2 C:\Users\Administrator\Desktop\iuran\aplikasikas\system\View\View.php(213): CodeIgniter\View\View->CodeIgniter\View\{closure}()
#3 C:\Users\Administrator\Desktop\iuran\aplikasikas\system\Common.php(1089): CodeIgniter\View\View->render('Laporan/index', Array, true)
#4 C:\Users\Administrator\Desktop\iuran\aplikasikas\app\Controllers\Laporan.php(21): view('Laporan/index', Array)
#5 C:\Users\Administrator\Desktop\iuran\aplikasikas\system\CodeIgniter.php(832): App\Controllers\Laporan->index()
#6 C:\Users\Administrator\Desktop\iuran\aplikasikas\system\CodeIgniter.php(419): CodeIgniter\CodeIgniter->runController(Object(App\Controllers\Laporan))
#7 C:\Users\Administrator\Desktop\iuran\aplikasikas\system\CodeIgniter.php(326): CodeIgniter\CodeIgniter->handleRequest(NULL, Object(Config\Cache), false)
#8 C:\Users\Administrator\Desktop\iuran\aplikasikas\public\index.php(37): CodeIgniter\CodeIgniter->run()
#9 C:\Users\Administrator\Desktop\iuran\aplikasikas\system\Commands\Server\rewrite.php(43): require_once('C:\\Users\\Admini...')
#10 {main}
CRITICAL - 2023-09-30 01:53:27 --> Undefined array key "tahun"
#0 C:\Users\Administrator\Desktop\iuran\aplikasikas\app\Views\Laporan\index.php(65): CodeIgniter\Debug\Exceptions->errorHandler(2, 'Undefined array...', 'C:\\Users\\Admini...', 65)
#1 C:\Users\Administrator\Desktop\iuran\aplikasikas\system\View\View.php(210): include('C:\\Users\\Admini...')
#2 C:\Users\Administrator\Desktop\iuran\aplikasikas\system\View\View.php(213): CodeIgniter\View\View->CodeIgniter\View\{closure}()
#3 C:\Users\Administrator\Desktop\iuran\aplikasikas\system\Common.php(1089): CodeIgniter\View\View->render('Laporan/index', Array, true)
#4 C:\Users\Administrator\Desktop\iuran\aplikasikas\app\Controllers\Laporan.php(21): view('Laporan/index', Array)
#5 C:\Users\Administrator\Desktop\iuran\aplikasikas\system\CodeIgniter.php(832): App\Controllers\Laporan->index()
#6 C:\Users\Administrator\Desktop\iuran\aplikasikas\system\CodeIgniter.php(419): CodeIgniter\CodeIgniter->runController(Object(App\Controllers\Laporan))
#7 C:\Users\Administrator\Desktop\iuran\aplikasikas\system\CodeIgniter.php(326): CodeIgniter\CodeIgniter->handleRequest(NULL, Object(Config\Cache), false)
#8 C:\Users\Administrator\Desktop\iuran\aplikasikas\public\index.php(37): CodeIgniter\CodeIgniter->run()
#9 C:\Users\Administrator\Desktop\iuran\aplikasikas\system\Commands\Server\rewrite.php(43): require_once('C:\\Users\\Admini...')
#10 {main}
CRITICAL - 2023-09-30 01:53:28 --> Undefined array key "tahun"
#0 C:\Users\Administrator\Desktop\iuran\aplikasikas\app\Views\Laporan\index.php(65): CodeIgniter\Debug\Exceptions->errorHandler(2, 'Undefined array...', 'C:\\Users\\Admini...', 65)
#1 C:\Users\Administrator\Desktop\iuran\aplikasikas\system\View\View.php(210): include('C:\\Users\\Admini...')
#2 C:\Users\Administrator\Desktop\iuran\aplikasikas\system\View\View.php(213): CodeIgniter\View\View->CodeIgniter\View\{closure}()
#3 C:\Users\Administrator\Desktop\iuran\aplikasikas\system\Common.php(1089): CodeIgniter\View\View->render('Laporan/index', Array, true)
#4 C:\Users\Administrator\Desktop\iuran\aplikasikas\app\Controllers\Laporan.php(21): view('Laporan/index', Array)
#5 C:\Users\Administrator\Desktop\iuran\aplikasikas\system\CodeIgniter.php(832): App\Controllers\Laporan->index()
#6 C:\Users\Administrator\Desktop\iuran\aplikasikas\system\CodeIgniter.php(419): CodeIgniter\CodeIgniter->runController(Object(App\Controllers\Laporan))
#7 C:\Users\Administrator\Desktop\iuran\aplikasikas\system\CodeIgniter.php(326): CodeIgniter\CodeIgniter->handleRequest(NULL, Object(Config\Cache), false)
#8 C:\Users\Administrator\Desktop\iuran\aplikasikas\public\index.php(37): CodeIgniter\CodeIgniter->run()
#9 C:\Users\Administrator\Desktop\iuran\aplikasikas\system\Commands\Server\rewrite.php(43): require_once('C:\\Users\\Admini...')
#10 {main}
CRITICAL - 2023-09-30 01:53:38 --> Undefined array key "tahun"
#0 C:\Users\Administrator\Desktop\iuran\aplikasikas\app\Views\Laporan\index.php(65): CodeIgniter\Debug\Exceptions->errorHandler(2, 'Undefined array...', 'C:\\Users\\Admini...', 65)
#1 C:\Users\Administrator\Desktop\iuran\aplikasikas\system\View\View.php(210): include('C:\\Users\\Admini...')
#2 C:\Users\Administrator\Desktop\iuran\aplikasikas\system\View\View.php(213): CodeIgniter\View\View->CodeIgniter\View\{closure}()
#3 C:\Users\Administrator\Desktop\iuran\aplikasikas\system\Common.php(1089): CodeIgniter\View\View->render('Laporan/index', Array, true)
#4 C:\Users\Administrator\Desktop\iuran\aplikasikas\app\Controllers\Laporan.php(21): view('Laporan/index', Array)
#5 C:\Users\Administrator\Desktop\iuran\aplikasikas\system\CodeIgniter.php(832): App\Controllers\Laporan->index()
#6 C:\Users\Administrator\Desktop\iuran\aplikasikas\system\CodeIgniter.php(419): CodeIgniter\CodeIgniter->runController(Object(App\Controllers\Laporan))
#7 C:\Users\Administrator\Desktop\iuran\aplikasikas\system\CodeIgniter.php(326): CodeIgniter\CodeIgniter->handleRequest(NULL, Object(Config\Cache), false)
#8 C:\Users\Administrator\Desktop\iuran\aplikasikas\public\index.php(37): CodeIgniter\CodeIgniter->run()
#9 C:\Users\Administrator\Desktop\iuran\aplikasikas\system\Commands\Server\rewrite.php(43): require_once('C:\\Users\\Admini...')
#10 {main}
CRITICAL - 2023-09-30 01:54:23 --> Undefined array key "tahun"
#0 C:\Users\Administrator\Desktop\iuran\aplikasikas\app\Views\Laporan\index.php(74): CodeIgniter\Debug\Exceptions->errorHandler(2, 'Undefined array...', 'C:\\Users\\Admini...', 74)
#1 C:\Users\Administrator\Desktop\iuran\aplikasikas\system\View\View.php(210): include('C:\\Users\\Admini...')
#2 C:\Users\Administrator\Desktop\iuran\aplikasikas\system\View\View.php(213): CodeIgniter\View\View->CodeIgniter\View\{closure}()
#3 C:\Users\Administrator\Desktop\iuran\aplikasikas\system\Common.php(1089): CodeIgniter\View\View->render('Laporan/index', Array, true)
#4 C:\Users\Administrator\Desktop\iuran\aplikasikas\app\Controllers\Laporan.php(21): view('Laporan/index', Array)
#5 C:\Users\Administrator\Desktop\iuran\aplikasikas\system\CodeIgniter.php(832): App\Controllers\Laporan->index()
#6 C:\Users\Administrator\Desktop\iuran\aplikasikas\system\CodeIgniter.php(419): CodeIgniter\CodeIgniter->runController(Object(App\Controllers\Laporan))
#7 C:\Users\Administrator\Desktop\iuran\aplikasikas\system\CodeIgniter.php(326): CodeIgniter\CodeIgniter->handleRequest(NULL, Object(Config\Cache), false)
#8 C:\Users\Administrator\Desktop\iuran\aplikasikas\public\index.php(37): CodeIgniter\CodeIgniter->run()
#9 C:\Users\Administrator\Desktop\iuran\aplikasikas\system\Commands\Server\rewrite.php(43): require_once('C:\\Users\\Admini...')
#10 {main}
CRITICAL - 2023-09-30 01:54:53 --> Undefined array key "tahun"
#0 C:\Users\Administrator\Desktop\iuran\aplikasikas\app\Views\Laporan\index.php(75): CodeIgniter\Debug\Exceptions->errorHandler(2, 'Undefined array...', 'C:\\Users\\Admini...', 75)
#1 C:\Users\Administrator\Desktop\iuran\aplikasikas\system\View\View.php(210): include('C:\\Users\\Admini...')
#2 C:\Users\Administrator\Desktop\iuran\aplikasikas\system\View\View.php(213): CodeIgniter\View\View->CodeIgniter\View\{closure}()
#3 C:\Users\Administrator\Desktop\iuran\aplikasikas\system\Common.php(1089): CodeIgniter\View\View->render('Laporan/index', Array, true)
#4 C:\Users\Administrator\Desktop\iuran\aplikasikas\app\Controllers\Laporan.php(21): view('Laporan/index', Array)
#5 C:\Users\Administrator\Desktop\iuran\aplikasikas\system\CodeIgniter.php(832): App\Controllers\Laporan->index()
#6 C:\Users\Administrator\Desktop\iuran\aplikasikas\system\CodeIgniter.php(419): CodeIgniter\CodeIgniter->runController(Object(App\Controllers\Laporan))
#7 C:\Users\Administrator\Desktop\iuran\aplikasikas\system\CodeIgniter.php(326): CodeIgniter\CodeIgniter->handleRequest(NULL, Object(Config\Cache), false)
#8 C:\Users\Administrator\Desktop\iuran\aplikasikas\public\index.php(37): CodeIgniter\CodeIgniter->run()
#9 C:\Users\Administrator\Desktop\iuran\aplikasikas\system\Commands\Server\rewrite.php(43): require_once('C:\\Users\\Admini...')
#10 {main}
CRITICAL - 2023-09-30 01:57:55 --> Undefined array key "tahun"
#0 C:\Users\Administrator\Desktop\iuran\aplikasikas\app\Views\Laporan\index.php(82): CodeIgniter\Debug\Exceptions->errorHandler(2, 'Undefined array...', 'C:\\Users\\Admini...', 82)
#1 C:\Users\Administrator\Desktop\iuran\aplikasikas\system\View\View.php(210): include('C:\\Users\\Admini...')
#2 C:\Users\Administrator\Desktop\iuran\aplikasikas\system\View\View.php(213): CodeIgniter\View\View->CodeIgniter\View\{closure}()
#3 C:\Users\Administrator\Desktop\iuran\aplikasikas\system\Common.php(1089): CodeIgniter\View\View->render('Laporan/index', Array, true)
#4 C:\Users\Administrator\Desktop\iuran\aplikasikas\app\Controllers\Laporan.php(21): view('Laporan/index', Array)
#5 C:\Users\Administrator\Desktop\iuran\aplikasikas\system\CodeIgniter.php(832): App\Controllers\Laporan->index()
#6 C:\Users\Administrator\Desktop\iuran\aplikasikas\system\CodeIgniter.php(419): CodeIgniter\CodeIgniter->runController(Object(App\Controllers\Laporan))
#7 C:\Users\Administrator\Desktop\iuran\aplikasikas\system\CodeIgniter.php(326): CodeIgniter\CodeIgniter->handleRequest(NULL, Object(Config\Cache), false)
#8 C:\Users\Administrator\Desktop\iuran\aplikasikas\public\index.php(37): CodeIgniter\CodeIgniter->run()
#9 C:\Users\Administrator\Desktop\iuran\aplikasikas\system\Commands\Server\rewrite.php(43): require_once('C:\\Users\\Admini...')
#10 {main}
CRITICAL - 2023-09-30 01:57:56 --> Undefined array key "tahun"
#0 C:\Users\Administrator\Desktop\iuran\aplikasikas\app\Views\Laporan\index.php(82): CodeIgniter\Debug\Exceptions->errorHandler(2, 'Undefined array...', 'C:\\Users\\Admini...', 82)
#1 C:\Users\Administrator\Desktop\iuran\aplikasikas\system\View\View.php(210): include('C:\\Users\\Admini...')
#2 C:\Users\Administrator\Desktop\iuran\aplikasikas\system\View\View.php(213): CodeIgniter\View\View->CodeIgniter\View\{closure}()
#3 C:\Users\Administrator\Desktop\iuran\aplikasikas\system\Common.php(1089): CodeIgniter\View\View->render('Laporan/index', Array, true)
#4 C:\Users\Administrator\Desktop\iuran\aplikasikas\app\Controllers\Laporan.php(21): view('Laporan/index', Array)
#5 C:\Users\Administrator\Desktop\iuran\aplikasikas\system\CodeIgniter.php(832): App\Controllers\Laporan->index()
#6 C:\Users\Administrator\Desktop\iuran\aplikasikas\system\CodeIgniter.php(419): CodeIgniter\CodeIgniter->runController(Object(App\Controllers\Laporan))
#7 C:\Users\Administrator\Desktop\iuran\aplikasikas\system\CodeIgniter.php(326): CodeIgniter\CodeIgniter->handleRequest(NULL, Object(Config\Cache), false)
#8 C:\Users\Administrator\Desktop\iuran\aplikasikas\public\index.php(37): CodeIgniter\CodeIgniter->run()
#9 C:\Users\Administrator\Desktop\iuran\aplikasikas\system\Commands\Server\rewrite.php(43): require_once('C:\\Users\\Admini...')
#10 {main}
CRITICAL - 2023-09-30 01:57:56 --> Undefined array key "tahun"
#0 C:\Users\Administrator\Desktop\iuran\aplikasikas\app\Views\Laporan\index.php(82): CodeIgniter\Debug\Exceptions->errorHandler(2, 'Undefined array...', 'C:\\Users\\Admini...', 82)
#1 C:\Users\Administrator\Desktop\iuran\aplikasikas\system\View\View.php(210): include('C:\\Users\\Admini...')
#2 C:\Users\Administrator\Desktop\iuran\aplikasikas\system\View\View.php(213): CodeIgniter\View\View->CodeIgniter\View\{closure}()
#3 C:\Users\Administrator\Desktop\iuran\aplikasikas\system\Common.php(1089): CodeIgniter\View\View->render('Laporan/index', Array, true)
#4 C:\Users\Administrator\Desktop\iuran\aplikasikas\app\Controllers\Laporan.php(21): view('Laporan/index', Array)
#5 C:\Users\Administrator\Desktop\iuran\aplikasikas\system\CodeIgniter.php(832): App\Controllers\Laporan->index()
#6 C:\Users\Administrator\Desktop\iuran\aplikasikas\system\CodeIgniter.php(419): CodeIgniter\CodeIgniter->runController(Object(App\Controllers\Laporan))
#7 C:\Users\Administrator\Desktop\iuran\aplikasikas\system\CodeIgniter.php(326): CodeIgniter\CodeIgniter->handleRequest(NULL, Object(Config\Cache), false)
#8 C:\Users\Administrator\Desktop\iuran\aplikasikas\public\index.php(37): CodeIgniter\CodeIgniter->run()
#9 C:\Users\Administrator\Desktop\iuran\aplikasikas\system\Commands\Server\rewrite.php(43): require_once('C:\\Users\\Admini...')
#10 {main}
CRITICAL - 2023-09-30 01:57:56 --> Undefined array key "tahun"
#0 C:\Users\Administrator\Desktop\iuran\aplikasikas\app\Views\Laporan\index.php(82): CodeIgniter\Debug\Exceptions->errorHandler(2, 'Undefined array...', 'C:\\Users\\Admini...', 82)
#1 C:\Users\Administrator\Desktop\iuran\aplikasikas\system\View\View.php(210): include('C:\\Users\\Admini...')
#2 C:\Users\Administrator\Desktop\iuran\aplikasikas\system\View\View.php(213): CodeIgniter\View\View->CodeIgniter\View\{closure}()
#3 C:\Users\Administrator\Desktop\iuran\aplikasikas\system\Common.php(1089): CodeIgniter\View\View->render('Laporan/index', Array, true)
#4 C:\Users\Administrator\Desktop\iuran\aplikasikas\app\Controllers\Laporan.php(21): view('Laporan/index', Array)
#5 C:\Users\Administrator\Desktop\iuran\aplikasikas\system\CodeIgniter.php(832): App\Controllers\Laporan->index()
#6 C:\Users\Administrator\Desktop\iuran\aplikasikas\system\CodeIgniter.php(419): CodeIgniter\CodeIgniter->runController(Object(App\Controllers\Laporan))
#7 C:\Users\Administrator\Desktop\iuran\aplikasikas\system\CodeIgniter.php(326): CodeIgniter\CodeIgniter->handleRequest(NULL, Object(Config\Cache), false)
#8 C:\Users\Administrator\Desktop\iuran\aplikasikas\public\index.php(37): CodeIgniter\CodeIgniter->run()
#9 C:\Users\Administrator\Desktop\iuran\aplikasikas\system\Commands\Server\rewrite.php(43): require_once('C:\\Users\\Admini...')
#10 {main}
CRITICAL - 2023-09-30 01:57:57 --> Undefined array key "tahun"
#0 C:\Users\Administrator\Desktop\iuran\aplikasikas\app\Views\Laporan\index.php(82): CodeIgniter\Debug\Exceptions->errorHandler(2, 'Undefined array...', 'C:\\Users\\Admini...', 82)
#1 C:\Users\Administrator\Desktop\iuran\aplikasikas\system\View\View.php(210): include('C:\\Users\\Admini...')
#2 C:\Users\Administrator\Desktop\iuran\aplikasikas\system\View\View.php(213): CodeIgniter\View\View->CodeIgniter\View\{closure}()
#3 C:\Users\Administrator\Desktop\iuran\aplikasikas\system\Common.php(1089): CodeIgniter\View\View->render('Laporan/index', Array, true)
#4 C:\Users\Administrator\Desktop\iuran\aplikasikas\app\Controllers\Laporan.php(21): view('Laporan/index', Array)
#5 C:\Users\Administrator\Desktop\iuran\aplikasikas\system\CodeIgniter.php(832): App\Controllers\Laporan->index()
#6 C:\Users\Administrator\Desktop\iuran\aplikasikas\system\CodeIgniter.php(419): CodeIgniter\CodeIgniter->runController(Object(App\Controllers\Laporan))
#7 C:\Users\Administrator\Desktop\iuran\aplikasikas\system\CodeIgniter.php(326): CodeIgniter\CodeIgniter->handleRequest(NULL, Object(Config\Cache), false)
#8 C:\Users\Administrator\Desktop\iuran\aplikasikas\public\index.php(37): CodeIgniter\CodeIgniter->run()
#9 C:\Users\Administrator\Desktop\iuran\aplikasikas\system\Commands\Server\rewrite.php(43): require_once('C:\\Users\\Admini...')
#10 {main}
CRITICAL - 2023-09-30 01:57:57 --> Undefined array key "tahun"
#0 C:\Users\Administrator\Desktop\iuran\aplikasikas\app\Views\Laporan\index.php(82): CodeIgniter\Debug\Exceptions->errorHandler(2, 'Undefined array...', 'C:\\Users\\Admini...', 82)
#1 C:\Users\Administrator\Desktop\iuran\aplikasikas\system\View\View.php(210): include('C:\\Users\\Admini...')
#2 C:\Users\Administrator\Desktop\iuran\aplikasikas\system\View\View.php(213): CodeIgniter\View\View->CodeIgniter\View\{closure}()
#3 C:\Users\Administrator\Desktop\iuran\aplikasikas\system\Common.php(1089): CodeIgniter\View\View->render('Laporan/index', Array, true)
#4 C:\Users\Administrator\Desktop\iuran\aplikasikas\app\Controllers\Laporan.php(21): view('Laporan/index', Array)
#5 C:\Users\Administrator\Desktop\iuran\aplikasikas\system\CodeIgniter.php(832): App\Controllers\Laporan->index()
#6 C:\Users\Administrator\Desktop\iuran\aplikasikas\system\CodeIgniter.php(419): CodeIgniter\CodeIgniter->runController(Object(App\Controllers\Laporan))
#7 C:\Users\Administrator\Desktop\iuran\aplikasikas\system\CodeIgniter.php(326): CodeIgniter\CodeIgniter->handleRequest(NULL, Object(Config\Cache), false)
#8 C:\Users\Administrator\Desktop\iuran\aplikasikas\public\index.php(37): CodeIgniter\CodeIgniter->run()
#9 C:\Users\Administrator\Desktop\iuran\aplikasikas\system\Commands\Server\rewrite.php(43): require_once('C:\\Users\\Admini...')
#10 {main}
CRITICAL - 2023-09-30 01:57:57 --> Undefined array key "tahun"
#0 C:\Users\Administrator\Desktop\iuran\aplikasikas\app\Views\Laporan\index.php(82): CodeIgniter\Debug\Exceptions->errorHandler(2, 'Undefined array...', 'C:\\Users\\Admini...', 82)
#1 C:\Users\Administrator\Desktop\iuran\aplikasikas\system\View\View.php(210): include('C:\\Users\\Admini...')
#2 C:\Users\Administrator\Desktop\iuran\aplikasikas\system\View\View.php(213): CodeIgniter\View\View->CodeIgniter\View\{closure}()
#3 C:\Users\Administrator\Desktop\iuran\aplikasikas\system\Common.php(1089): CodeIgniter\View\View->render('Laporan/index', Array, true)
#4 C:\Users\Administrator\Desktop\iuran\aplikasikas\app\Controllers\Laporan.php(21): view('Laporan/index', Array)
#5 C:\Users\Administrator\Desktop\iuran\aplikasikas\system\CodeIgniter.php(832): App\Controllers\Laporan->index()
#6 C:\Users\Administrator\Desktop\iuran\aplikasikas\system\CodeIgniter.php(419): CodeIgniter\CodeIgniter->runController(Object(App\Controllers\Laporan))
#7 C:\Users\Administrator\Desktop\iuran\aplikasikas\system\CodeIgniter.php(326): CodeIgniter\CodeIgniter->handleRequest(NULL, Object(Config\Cache), false)
#8 C:\Users\Administrator\Desktop\iuran\aplikasikas\public\index.php(37): CodeIgniter\CodeIgniter->run()
#9 C:\Users\Administrator\Desktop\iuran\aplikasikas\system\Commands\Server\rewrite.php(43): require_once('C:\\Users\\Admini...')
#10 {main}
CRITICAL - 2023-09-30 01:58:27 --> Undefined array key "tahun"
#0 C:\Users\Administrator\Desktop\iuran\aplikasikas\app\Views\Laporan\index.php(72): CodeIgniter\Debug\Exceptions->errorHandler(2, 'Undefined array...', 'C:\\Users\\Admini...', 72)
#1 C:\Users\Administrator\Desktop\iuran\aplikasikas\system\View\View.php(210): include('C:\\Users\\Admini...')
#2 C:\Users\Administrator\Desktop\iuran\aplikasikas\system\View\View.php(213): CodeIgniter\View\View->CodeIgniter\View\{closure}()
#3 C:\Users\Administrator\Desktop\iuran\aplikasikas\system\Common.php(1089): CodeIgniter\View\View->render('Laporan/index', Array, true)
#4 C:\Users\Administrator\Desktop\iuran\aplikasikas\app\Controllers\Laporan.php(21): view('Laporan/index', Array)
#5 C:\Users\Administrator\Desktop\iuran\aplikasikas\system\CodeIgniter.php(832): App\Controllers\Laporan->index()
#6 C:\Users\Administrator\Desktop\iuran\aplikasikas\system\CodeIgniter.php(419): CodeIgniter\CodeIgniter->runController(Object(App\Controllers\Laporan))
#7 C:\Users\Administrator\Desktop\iuran\aplikasikas\system\CodeIgniter.php(326): CodeIgniter\CodeIgniter->handleRequest(NULL, Object(Config\Cache), false)
#8 C:\Users\Administrator\Desktop\iuran\aplikasikas\public\index.php(37): CodeIgniter\CodeIgniter->run()
#9 C:\Users\Administrator\Desktop\iuran\aplikasikas\system\Commands\Server\rewrite.php(43): require_once('C:\\Users\\Admini...')
#10 {main}
CRITICAL - 2023-09-30 01:58:28 --> Undefined array key "tahun"
#0 C:\Users\Administrator\Desktop\iuran\aplikasikas\app\Views\Laporan\index.php(72): CodeIgniter\Debug\Exceptions->errorHandler(2, 'Undefined array...', 'C:\\Users\\Admini...', 72)
#1 C:\Users\Administrator\Desktop\iuran\aplikasikas\system\View\View.php(210): include('C:\\Users\\Admini...')
#2 C:\Users\Administrator\Desktop\iuran\aplikasikas\system\View\View.php(213): CodeIgniter\View\View->CodeIgniter\View\{closure}()
#3 C:\Users\Administrator\Desktop\iuran\aplikasikas\system\Common.php(1089): CodeIgniter\View\View->render('Laporan/index', Array, true)
#4 C:\Users\Administrator\Desktop\iuran\aplikasikas\app\Controllers\Laporan.php(21): view('Laporan/index', Array)
#5 C:\Users\Administrator\Desktop\iuran\aplikasikas\system\CodeIgniter.php(832): App\Controllers\Laporan->index()
#6 C:\Users\Administrator\Desktop\iuran\aplikasikas\system\CodeIgniter.php(419): CodeIgniter\CodeIgniter->runController(Object(App\Controllers\Laporan))
#7 C:\Users\Administrator\Desktop\iuran\aplikasikas\system\CodeIgniter.php(326): CodeIgniter\CodeIgniter->handleRequest(NULL, Object(Config\Cache), false)
#8 C:\Users\Administrator\Desktop\iuran\aplikasikas\public\index.php(37): CodeIgniter\CodeIgniter->run()
#9 C:\Users\Administrator\Desktop\iuran\aplikasikas\system\Commands\Server\rewrite.php(43): require_once('C:\\Users\\Admini...')
#10 {main}
CRITICAL - 2023-09-30 01:58:36 --> Undefined array key "bulen"
#0 C:\Users\Administrator\Desktop\iuran\aplikasikas\app\Views\Laporan\index.php(72): CodeIgniter\Debug\Exceptions->errorHandler(2, 'Undefined array...', 'C:\\Users\\Admini...', 72)
#1 C:\Users\Administrator\Desktop\iuran\aplikasikas\system\View\View.php(210): include('C:\\Users\\Admini...')
#2 C:\Users\Administrator\Desktop\iuran\aplikasikas\system\View\View.php(213): CodeIgniter\View\View->CodeIgniter\View\{closure}()
#3 C:\Users\Administrator\Desktop\iuran\aplikasikas\system\Common.php(1089): CodeIgniter\View\View->render('Laporan/index', Array, true)
#4 C:\Users\Administrator\Desktop\iuran\aplikasikas\app\Controllers\Laporan.php(21): view('Laporan/index', Array)
#5 C:\Users\Administrator\Desktop\iuran\aplikasikas\system\CodeIgniter.php(832): App\Controllers\Laporan->index()
#6 C:\Users\Administrator\Desktop\iuran\aplikasikas\system\CodeIgniter.php(419): CodeIgniter\CodeIgniter->runController(Object(App\Controllers\Laporan))
#7 C:\Users\Administrator\Desktop\iuran\aplikasikas\system\CodeIgniter.php(326): CodeIgniter\CodeIgniter->handleRequest(NULL, Object(Config\Cache), false)
#8 C:\Users\Administrator\Desktop\iuran\aplikasikas\public\index.php(37): CodeIgniter\CodeIgniter->run()
#9 C:\Users\Administrator\Desktop\iuran\aplikasikas\system\Commands\Server\rewrite.php(43): require_once('C:\\Users\\Admini...')
#10 {main}
CRITICAL - 2023-09-30 01:58:37 --> Undefined array key "bulen"
#0 C:\Users\Administrator\Desktop\iuran\aplikasikas\app\Views\Laporan\index.php(72): CodeIgniter\Debug\Exceptions->errorHandler(2, 'Undefined array...', 'C:\\Users\\Admini...', 72)
#1 C:\Users\Administrator\Desktop\iuran\aplikasikas\system\View\View.php(210): include('C:\\Users\\Admini...')
#2 C:\Users\Administrator\Desktop\iuran\aplikasikas\system\View\View.php(213): CodeIgniter\View\View->CodeIgniter\View\{closure}()
#3 C:\Users\Administrator\Desktop\iuran\aplikasikas\system\Common.php(1089): CodeIgniter\View\View->render('Laporan/index', Array, true)
#4 C:\Users\Administrator\Desktop\iuran\aplikasikas\app\Controllers\Laporan.php(21): view('Laporan/index', Array)
#5 C:\Users\Administrator\Desktop\iuran\aplikasikas\system\CodeIgniter.php(832): App\Controllers\Laporan->index()
#6 C:\Users\Administrator\Desktop\iuran\aplikasikas\system\CodeIgniter.php(419): CodeIgniter\CodeIgniter->runController(Object(App\Controllers\Laporan))
#7 C:\Users\Administrator\Desktop\iuran\aplikasikas\system\CodeIgniter.php(326): CodeIgniter\CodeIgniter->handleRequest(NULL, Object(Config\Cache), false)
#8 C:\Users\Administrator\Desktop\iuran\aplikasikas\public\index.php(37): CodeIgniter\CodeIgniter->run()
#9 C:\Users\Administrator\Desktop\iuran\aplikasikas\system\Commands\Server\rewrite.php(43): require_once('C:\\Users\\Admini...')
#10 {main}
CRITICAL - 2023-09-30 02:00:01 --> Undefined array key "tahun"
#0 C:\Users\Administrator\Desktop\iuran\aplikasikas\app\Views\Laporan\index.php(72): CodeIgniter\Debug\Exceptions->errorHandler(2, 'Undefined array...', 'C:\\Users\\Admini...', 72)
#1 C:\Users\Administrator\Desktop\iuran\aplikasikas\system\View\View.php(210): include('C:\\Users\\Admini...')
#2 C:\Users\Administrator\Desktop\iuran\aplikasikas\system\View\View.php(213): CodeIgniter\View\View->CodeIgniter\View\{closure}()
#3 C:\Users\Administrator\Desktop\iuran\aplikasikas\system\Common.php(1089): CodeIgniter\View\View->render('Laporan/index', Array, true)
#4 C:\Users\Administrator\Desktop\iuran\aplikasikas\app\Controllers\Laporan.php(21): view('Laporan/index', Array)
#5 C:\Users\Administrator\Desktop\iuran\aplikasikas\system\CodeIgniter.php(832): App\Controllers\Laporan->index()
#6 C:\Users\Administrator\Desktop\iuran\aplikasikas\system\CodeIgniter.php(419): CodeIgniter\CodeIgniter->runController(Object(App\Controllers\Laporan))
#7 C:\Users\Administrator\Desktop\iuran\aplikasikas\system\CodeIgniter.php(326): CodeIgniter\CodeIgniter->handleRequest(NULL, Object(Config\Cache), false)
#8 C:\Users\Administrator\Desktop\iuran\aplikasikas\public\index.php(37): CodeIgniter\CodeIgniter->run()
#9 C:\Users\Administrator\Desktop\iuran\aplikasikas\system\Commands\Server\rewrite.php(43): require_once('C:\\Users\\Admini...')
#10 {main}
CRITICAL - 2023-09-30 02:10:27 --> Undefined array key "tahun"
#0 C:\Users\Administrator\Desktop\iuran\aplikasikas\app\Views\Laporan\index.php(72): CodeIgniter\Debug\Exceptions->errorHandler(2, 'Undefined array...', 'C:\\Users\\Admini...', 72)
#1 C:\Users\Administrator\Desktop\iuran\aplikasikas\system\View\View.php(210): include('C:\\Users\\Admini...')
#2 C:\Users\Administrator\Desktop\iuran\aplikasikas\system\View\View.php(213): CodeIgniter\View\View->CodeIgniter\View\{closure}()
#3 C:\Users\Administrator\Desktop\iuran\aplikasikas\system\Common.php(1089): CodeIgniter\View\View->render('Laporan/index', Array, true)
#4 C:\Users\Administrator\Desktop\iuran\aplikasikas\app\Controllers\Laporan.php(21): view('Laporan/index', Array)
#5 C:\Users\Administrator\Desktop\iuran\aplikasikas\system\CodeIgniter.php(832): App\Controllers\Laporan->index()
#6 C:\Users\Administrator\Desktop\iuran\aplikasikas\system\CodeIgniter.php(419): CodeIgniter\CodeIgniter->runController(Object(App\Controllers\Laporan))
#7 C:\Users\Administrator\Desktop\iuran\aplikasikas\system\CodeIgniter.php(326): CodeIgniter\CodeIgniter->handleRequest(NULL, Object(Config\Cache), false)
#8 C:\Users\Administrator\Desktop\iuran\aplikasikas\public\index.php(37): CodeIgniter\CodeIgniter->run()
#9 C:\Users\Administrator\Desktop\iuran\aplikasikas\system\Commands\Server\rewrite.php(43): require_once('C:\\Users\\Admini...')
#10 {main}
CRITICAL - 2023-09-30 02:13:54 --> Undefined array key "SUM(jumlah)"
#0 C:\Users\Administrator\Desktop\iuran\aplikasikas\app\Views\Laporan\index.php(84): CodeIgniter\Debug\Exceptions->errorHandler(2, 'Undefined array...', 'C:\\Users\\Admini...', 84)
#1 C:\Users\Administrator\Desktop\iuran\aplikasikas\system\View\View.php(210): include('C:\\Users\\Admini...')
#2 C:\Users\Administrator\Desktop\iuran\aplikasikas\system\View\View.php(213): CodeIgniter\View\View->CodeIgniter\View\{closure}()
#3 C:\Users\Administrator\Desktop\iuran\aplikasikas\system\Common.php(1089): CodeIgniter\View\View->render('Laporan/index', Array, true)
#4 C:\Users\Administrator\Desktop\iuran\aplikasikas\app\Controllers\Laporan.php(21): view('Laporan/index', Array)
#5 C:\Users\Administrator\Desktop\iuran\aplikasikas\system\CodeIgniter.php(832): App\Controllers\Laporan->index()
#6 C:\Users\Administrator\Desktop\iuran\aplikasikas\system\CodeIgniter.php(419): CodeIgniter\CodeIgniter->runController(Object(App\Controllers\Laporan))
#7 C:\Users\Administrator\Desktop\iuran\aplikasikas\system\CodeIgniter.php(326): CodeIgniter\CodeIgniter->handleRequest(NULL, Object(Config\Cache), false)
#8 C:\Users\Administrator\Desktop\iuran\aplikasikas\public\index.php(37): CodeIgniter\CodeIgniter->run()
#9 C:\Users\Administrator\Desktop\iuran\aplikasikas\system\Commands\Server\rewrite.php(43): require_once('C:\\Users\\Admini...')
#10 {main}
CRITICAL - 2023-09-30 02:13:55 --> Undefined array key "SUM(jumlah)"
#0 C:\Users\Administrator\Desktop\iuran\aplikasikas\app\Views\Laporan\index.php(84): CodeIgniter\Debug\Exceptions->errorHandler(2, 'Undefined array...', 'C:\\Users\\Admini...', 84)
#1 C:\Users\Administrator\Desktop\iuran\aplikasikas\system\View\View.php(210): include('C:\\Users\\Admini...')
#2 C:\Users\Administrator\Desktop\iuran\aplikasikas\system\View\View.php(213): CodeIgniter\View\View->CodeIgniter\View\{closure}()
#3 C:\Users\Administrator\Desktop\iuran\aplikasikas\system\Common.php(1089): CodeIgniter\View\View->render('Laporan/index', Array, true)
#4 C:\Users\Administrator\Desktop\iuran\aplikasikas\app\Controllers\Laporan.php(21): view('Laporan/index', Array)
#5 C:\Users\Administrator\Desktop\iuran\aplikasikas\system\CodeIgniter.php(832): App\Controllers\Laporan->index()
#6 C:\Users\Administrator\Desktop\iuran\aplikasikas\system\CodeIgniter.php(419): CodeIgniter\CodeIgniter->runController(Object(App\Controllers\Laporan))
#7 C:\Users\Administrator\Desktop\iuran\aplikasikas\system\CodeIgniter.php(326): CodeIgniter\CodeIgniter->handleRequest(NULL, Object(Config\Cache), false)
#8 C:\Users\Administrator\Desktop\iuran\aplikasikas\public\index.php(37): CodeIgniter\CodeIgniter->run()
#9 C:\Users\Administrator\Desktop\iuran\aplikasikas\system\Commands\Server\rewrite.php(43): require_once('C:\\Users\\Admini...')
#10 {main}
CRITICAL - 2023-09-30 02:13:56 --> Undefined array key "SUM(jumlah)"
#0 C:\Users\Administrator\Desktop\iuran\aplikasikas\app\Views\Laporan\index.php(84): CodeIgniter\Debug\Exceptions->errorHandler(2, 'Undefined array...', 'C:\\Users\\Admini...', 84)
#1 C:\Users\Administrator\Desktop\iuran\aplikasikas\system\View\View.php(210): include('C:\\Users\\Admini...')
#2 C:\Users\Administrator\Desktop\iuran\aplikasikas\system\View\View.php(213): CodeIgniter\View\View->CodeIgniter\View\{closure}()
#3 C:\Users\Administrator\Desktop\iuran\aplikasikas\system\Common.php(1089): CodeIgniter\View\View->render('Laporan/index', Array, true)
#4 C:\Users\Administrator\Desktop\iuran\aplikasikas\app\Controllers\Laporan.php(21): view('Laporan/index', Array)
#5 C:\Users\Administrator\Desktop\iuran\aplikasikas\system\CodeIgniter.php(832): App\Controllers\Laporan->index()
#6 C:\Users\Administrator\Desktop\iuran\aplikasikas\system\CodeIgniter.php(419): CodeIgniter\CodeIgniter->runController(Object(App\Controllers\Laporan))
#7 C:\Users\Administrator\Desktop\iuran\aplikasikas\system\CodeIgniter.php(326): CodeIgniter\CodeIgniter->handleRequest(NULL, Object(Config\Cache), false)
#8 C:\Users\Administrator\Desktop\iuran\aplikasikas\public\index.php(37): CodeIgniter\CodeIgniter->run()
#9 C:\Users\Administrator\Desktop\iuran\aplikasikas\system\Commands\Server\rewrite.php(43): require_once('C:\\Users\\Admini...')
#10 {main}
CRITICAL - 2023-09-30 02:14:32 --> Undefined array key "SUM(jumlah)"
#0 C:\Users\Administrator\Desktop\iuran\aplikasikas\app\Views\Laporan\index.php(84): CodeIgniter\Debug\Exceptions->errorHandler(2, 'Undefined array...', 'C:\\Users\\Admini...', 84)
#1 C:\Users\Administrator\Desktop\iuran\aplikasikas\system\View\View.php(210): include('C:\\Users\\Admini...')
#2 C:\Users\Administrator\Desktop\iuran\aplikasikas\system\View\View.php(213): CodeIgniter\View\View->CodeIgniter\View\{closure}()
#3 C:\Users\Administrator\Desktop\iuran\aplikasikas\system\Common.php(1089): CodeIgniter\View\View->render('Laporan/index', Array, true)
#4 C:\Users\Administrator\Desktop\iuran\aplikasikas\app\Controllers\Laporan.php(21): view('Laporan/index', Array)
#5 C:\Users\Administrator\Desktop\iuran\aplikasikas\system\CodeIgniter.php(832): App\Controllers\Laporan->index()
#6 C:\Users\Administrator\Desktop\iuran\aplikasikas\system\CodeIgniter.php(419): CodeIgniter\CodeIgniter->runController(Object(App\Controllers\Laporan))
#7 C:\Users\Administrator\Desktop\iuran\aplikasikas\system\CodeIgniter.php(326): CodeIgniter\CodeIgniter->handleRequest(NULL, Object(Config\Cache), false)
#8 C:\Users\Administrator\Desktop\iuran\aplikasikas\public\index.php(37): CodeIgniter\CodeIgniter->run()
#9 C:\Users\Administrator\Desktop\iuran\aplikasikas\system\Commands\Server\rewrite.php(43): require_once('C:\\Users\\Admini...')
#10 {main}
CRITICAL - 2023-09-30 02:14:33 --> Undefined array key "SUM(jumlah)"
#0 C:\Users\Administrator\Desktop\iuran\aplikasikas\app\Views\Laporan\index.php(84): CodeIgniter\Debug\Exceptions->errorHandler(2, 'Undefined array...', 'C:\\Users\\Admini...', 84)
#1 C:\Users\Administrator\Desktop\iuran\aplikasikas\system\View\View.php(210): include('C:\\Users\\Admini...')
#2 C:\Users\Administrator\Desktop\iuran\aplikasikas\system\View\View.php(213): CodeIgniter\View\View->CodeIgniter\View\{closure}()
#3 C:\Users\Administrator\Desktop\iuran\aplikasikas\system\Common.php(1089): CodeIgniter\View\View->render('Laporan/index', Array, true)
#4 C:\Users\Administrator\Desktop\iuran\aplikasikas\app\Controllers\Laporan.php(21): view('Laporan/index', Array)
#5 C:\Users\Administrator\Desktop\iuran\aplikasikas\system\CodeIgniter.php(832): App\Controllers\Laporan->index()
#6 C:\Users\Administrator\Desktop\iuran\aplikasikas\system\CodeIgniter.php(419): CodeIgniter\CodeIgniter->runController(Object(App\Controllers\Laporan))
#7 C:\Users\Administrator\Desktop\iuran\aplikasikas\system\CodeIgniter.php(326): CodeIgniter\CodeIgniter->handleRequest(NULL, Object(Config\Cache), false)
#8 C:\Users\Administrator\Desktop\iuran\aplikasikas\public\index.php(37): CodeIgniter\CodeIgniter->run()
#9 C:\Users\Administrator\Desktop\iuran\aplikasikas\system\Commands\Server\rewrite.php(43): require_once('C:\\Users\\Admini...')
#10 {main}
CRITICAL - 2023-09-30 02:14:33 --> Undefined array key "SUM(jumlah)"
#0 C:\Users\Administrator\Desktop\iuran\aplikasikas\app\Views\Laporan\index.php(84): CodeIgniter\Debug\Exceptions->errorHandler(2, 'Undefined array...', 'C:\\Users\\Admini...', 84)
#1 C:\Users\Administrator\Desktop\iuran\aplikasikas\system\View\View.php(210): include('C:\\Users\\Admini...')
#2 C:\Users\Administrator\Desktop\iuran\aplikasikas\system\View\View.php(213): CodeIgniter\View\View->CodeIgniter\View\{closure}()
#3 C:\Users\Administrator\Desktop\iuran\aplikasikas\system\Common.php(1089): CodeIgniter\View\View->render('Laporan/index', Array, true)
#4 C:\Users\Administrator\Desktop\iuran\aplikasikas\app\Controllers\Laporan.php(21): view('Laporan/index', Array)
#5 C:\Users\Administrator\Desktop\iuran\aplikasikas\system\CodeIgniter.php(832): App\Controllers\Laporan->index()
#6 C:\Users\Administrator\Desktop\iuran\aplikasikas\system\CodeIgniter.php(419): CodeIgniter\CodeIgniter->runController(Object(App\Controllers\Laporan))
#7 C:\Users\Administrator\Desktop\iuran\aplikasikas\system\CodeIgniter.php(326): CodeIgniter\CodeIgniter->handleRequest(NULL, Object(Config\Cache), false)
#8 C:\Users\Administrator\Desktop\iuran\aplikasikas\public\index.php(37): CodeIgniter\CodeIgniter->run()
#9 C:\Users\Administrator\Desktop\iuran\aplikasikas\system\Commands\Server\rewrite.php(43): require_once('C:\\Users\\Admini...')
#10 {main}
CRITICAL - 2023-09-30 02:14:34 --> Undefined array key "SUM(jumlah)"
#0 C:\Users\Administrator\Desktop\iuran\aplikasikas\app\Views\Laporan\index.php(84): CodeIgniter\Debug\Exceptions->errorHandler(2, 'Undefined array...', 'C:\\Users\\Admini...', 84)
#1 C:\Users\Administrator\Desktop\iuran\aplikasikas\system\View\View.php(210): include('C:\\Users\\Admini...')
#2 C:\Users\Administrator\Desktop\iuran\aplikasikas\system\View\View.php(213): CodeIgniter\View\View->CodeIgniter\View\{closure}()
#3 C:\Users\Administrator\Desktop\iuran\aplikasikas\system\Common.php(1089): CodeIgniter\View\View->render('Laporan/index', Array, true)
#4 C:\Users\Administrator\Desktop\iuran\aplikasikas\app\Controllers\Laporan.php(21): view('Laporan/index', Array)
#5 C:\Users\Administrator\Desktop\iuran\aplikasikas\system\CodeIgniter.php(832): App\Controllers\Laporan->index()
#6 C:\Users\Administrator\Desktop\iuran\aplikasikas\system\CodeIgniter.php(419): CodeIgniter\CodeIgniter->runController(Object(App\Controllers\Laporan))
#7 C:\Users\Administrator\Desktop\iuran\aplikasikas\system\CodeIgniter.php(326): CodeIgniter\CodeIgniter->handleRequest(NULL, Object(Config\Cache), false)
#8 C:\Users\Administrator\Desktop\iuran\aplikasikas\public\index.php(37): CodeIgniter\CodeIgniter->run()
#9 C:\Users\Administrator\Desktop\iuran\aplikasikas\system\Commands\Server\rewrite.php(43): require_once('C:\\Users\\Admini...')
#10 {main}
CRITICAL - 2023-09-30 02:14:34 --> Undefined array key "SUM(jumlah)"
#0 C:\Users\Administrator\Desktop\iuran\aplikasikas\app\Views\Laporan\index.php(84): CodeIgniter\Debug\Exceptions->errorHandler(2, 'Undefined array...', 'C:\\Users\\Admini...', 84)
#1 C:\Users\Administrator\Desktop\iuran\aplikasikas\system\View\View.php(210): include('C:\\Users\\Admini...')
#2 C:\Users\Administrator\Desktop\iuran\aplikasikas\system\View\View.php(213): CodeIgniter\View\View->CodeIgniter\View\{closure}()
#3 C:\Users\Administrator\Desktop\iuran\aplikasikas\system\Common.php(1089): CodeIgniter\View\View->render('Laporan/index', Array, true)
#4 C:\Users\Administrator\Desktop\iuran\aplikasikas\app\Controllers\Laporan.php(21): view('Laporan/index', Array)
#5 C:\Users\Administrator\Desktop\iuran\aplikasikas\system\CodeIgniter.php(832): App\Controllers\Laporan->index()
#6 C:\Users\Administrator\Desktop\iuran\aplikasikas\system\CodeIgniter.php(419): CodeIgniter\CodeIgniter->runController(Object(App\Controllers\Laporan))
#7 C:\Users\Administrator\Desktop\iuran\aplikasikas\system\CodeIgniter.php(326): CodeIgniter\CodeIgniter->handleRequest(NULL, Object(Config\Cache), false)
#8 C:\Users\Administrator\Desktop\iuran\aplikasikas\public\index.php(37): CodeIgniter\CodeIgniter->run()
#9 C:\Users\Administrator\Desktop\iuran\aplikasikas\system\Commands\Server\rewrite.php(43): require_once('C:\\Users\\Admini...')
#10 {main}
CRITICAL - 2023-09-30 02:14:34 --> Undefined array key "SUM(jumlah)"
#0 C:\Users\Administrator\Desktop\iuran\aplikasikas\app\Views\Laporan\index.php(84): CodeIgniter\Debug\Exceptions->errorHandler(2, 'Undefined array...', 'C:\\Users\\Admini...', 84)
#1 C:\Users\Administrator\Desktop\iuran\aplikasikas\system\View\View.php(210): include('C:\\Users\\Admini...')
#2 C:\Users\Administrator\Desktop\iuran\aplikasikas\system\View\View.php(213): CodeIgniter\View\View->CodeIgniter\View\{closure}()
#3 C:\Users\Administrator\Desktop\iuran\aplikasikas\system\Common.php(1089): CodeIgniter\View\View->render('Laporan/index', Array, true)
#4 C:\Users\Administrator\Desktop\iuran\aplikasikas\app\Controllers\Laporan.php(21): view('Laporan/index', Array)
#5 C:\Users\Administrator\Desktop\iuran\aplikasikas\system\CodeIgniter.php(832): App\Controllers\Laporan->index()
#6 C:\Users\Administrator\Desktop\iuran\aplikasikas\system\CodeIgniter.php(419): CodeIgniter\CodeIgniter->runController(Object(App\Controllers\Laporan))
#7 C:\Users\Administrator\Desktop\iuran\aplikasikas\system\CodeIgniter.php(326): CodeIgniter\CodeIgniter->handleRequest(NULL, Object(Config\Cache), false)
#8 C:\Users\Administrator\Desktop\iuran\aplikasikas\public\index.php(37): CodeIgniter\CodeIgniter->run()
#9 C:\Users\Administrator\Desktop\iuran\aplikasikas\system\Commands\Server\rewrite.php(43): require_once('C:\\Users\\Admini...')
#10 {main}
CRITICAL - 2023-09-30 02:15:02 --> Undefined array key "SUM(jumlah)"
#0 C:\Users\Administrator\Desktop\iuran\aplikasikas\app\Views\Laporan\index.php(74): CodeIgniter\Debug\Exceptions->errorHandler(2, 'Undefined array...', 'C:\\Users\\Admini...', 74)
#1 C:\Users\Administrator\Desktop\iuran\aplikasikas\system\View\View.php(210): include('C:\\Users\\Admini...')
#2 C:\Users\Administrator\Desktop\iuran\aplikasikas\system\View\View.php(213): CodeIgniter\View\View->CodeIgniter\View\{closure}()
#3 C:\Users\Administrator\Desktop\iuran\aplikasikas\system\Common.php(1089): CodeIgniter\View\View->render('Laporan/index', Array, true)
#4 C:\Users\Administrator\Desktop\iuran\aplikasikas\app\Controllers\Laporan.php(21): view('Laporan/index', Array)
#5 C:\Users\Administrator\Desktop\iuran\aplikasikas\system\CodeIgniter.php(832): App\Controllers\Laporan->index()
#6 C:\Users\Administrator\Desktop\iuran\aplikasikas\system\CodeIgniter.php(419): CodeIgniter\CodeIgniter->runController(Object(App\Controllers\Laporan))
#7 C:\Users\Administrator\Desktop\iuran\aplikasikas\system\CodeIgniter.php(326): CodeIgniter\CodeIgniter->handleRequest(NULL, Object(Config\Cache), false)
#8 C:\Users\Administrator\Desktop\iuran\aplikasikas\public\index.php(37): CodeIgniter\CodeIgniter->run()
#9 C:\Users\Administrator\Desktop\iuran\aplikasikas\system\Commands\Server\rewrite.php(43): require_once('C:\\Users\\Admini...')
#10 {main}
CRITICAL - 2023-09-30 02:15:03 --> Undefined array key "SUM(jumlah)"
#0 C:\Users\Administrator\Desktop\iuran\aplikasikas\app\Views\Laporan\index.php(74): CodeIgniter\Debug\Exceptions->errorHandler(2, 'Undefined array...', 'C:\\Users\\Admini...', 74)
#1 C:\Users\Administrator\Desktop\iuran\aplikasikas\system\View\View.php(210): include('C:\\Users\\Admini...')
#2 C:\Users\Administrator\Desktop\iuran\aplikasikas\system\View\View.php(213): CodeIgniter\View\View->CodeIgniter\View\{closure}()
#3 C:\Users\Administrator\Desktop\iuran\aplikasikas\system\Common.php(1089): CodeIgniter\View\View->render('Laporan/index', Array, true)
#4 C:\Users\Administrator\Desktop\iuran\aplikasikas\app\Controllers\Laporan.php(21): view('Laporan/index', Array)
#5 C:\Users\Administrator\Desktop\iuran\aplikasikas\system\CodeIgniter.php(832): App\Controllers\Laporan->index()
#6 C:\Users\Administrator\Desktop\iuran\aplikasikas\system\CodeIgniter.php(419): CodeIgniter\CodeIgniter->runController(Object(App\Controllers\Laporan))
#7 C:\Users\Administrator\Desktop\iuran\aplikasikas\system\CodeIgniter.php(326): CodeIgniter\CodeIgniter->handleRequest(NULL, Object(Config\Cache), false)
#8 C:\Users\Administrator\Desktop\iuran\aplikasikas\public\index.php(37): CodeIgniter\CodeIgniter->run()
#9 C:\Users\Administrator\Desktop\iuran\aplikasikas\system\Commands\Server\rewrite.php(43): require_once('C:\\Users\\Admini...')
#10 {main}
CRITICAL - 2023-09-30 02:15:04 --> Undefined array key "SUM(jumlah)"
#0 C:\Users\Administrator\Desktop\iuran\aplikasikas\app\Views\Laporan\index.php(74): CodeIgniter\Debug\Exceptions->errorHandler(2, 'Undefined array...', 'C:\\Users\\Admini...', 74)
#1 C:\Users\Administrator\Desktop\iuran\aplikasikas\system\View\View.php(210): include('C:\\Users\\Admini...')
#2 C:\Users\Administrator\Desktop\iuran\aplikasikas\system\View\View.php(213): CodeIgniter\View\View->CodeIgniter\View\{closure}()
#3 C:\Users\Administrator\Desktop\iuran\aplikasikas\system\Common.php(1089): CodeIgniter\View\View->render('Laporan/index', Array, true)
#4 C:\Users\Administrator\Desktop\iuran\aplikasikas\app\Controllers\Laporan.php(21): view('Laporan/index', Array)
#5 C:\Users\Administrator\Desktop\iuran\aplikasikas\system\CodeIgniter.php(832): App\Controllers\Laporan->index()
#6 C:\Users\Administrator\Desktop\iuran\aplikasikas\system\CodeIgniter.php(419): CodeIgniter\CodeIgniter->runController(Object(App\Controllers\Laporan))
#7 C:\Users\Administrator\Desktop\iuran\aplikasikas\system\CodeIgniter.php(326): CodeIgniter\CodeIgniter->handleRequest(NULL, Object(Config\Cache), false)
#8 C:\Users\Administrator\Desktop\iuran\aplikasikas\public\index.php(37): CodeIgniter\CodeIgniter->run()
#9 C:\Users\Administrator\Desktop\iuran\aplikasikas\system\Commands\Server\rewrite.php(43): require_once('C:\\Users\\Admini...')
#10 {main}
CRITICAL - 2023-09-30 02:16:03 --> Undefined array key "SUM(jumlah)"
#0 C:\Users\Administrator\Desktop\iuran\aplikasikas\app\Views\Laporan\index.php(74): CodeIgniter\Debug\Exceptions->errorHandler(2, 'Undefined array...', 'C:\\Users\\Admini...', 74)
#1 C:\Users\Administrator\Desktop\iuran\aplikasikas\system\View\View.php(210): include('C:\\Users\\Admini...')
#2 C:\Users\Administrator\Desktop\iuran\aplikasikas\system\View\View.php(213): CodeIgniter\View\View->CodeIgniter\View\{closure}()
#3 C:\Users\Administrator\Desktop\iuran\aplikasikas\system\Common.php(1089): CodeIgniter\View\View->render('Laporan/index', Array, true)
#4 C:\Users\Administrator\Desktop\iuran\aplikasikas\app\Controllers\Laporan.php(21): view('Laporan/index', Array)
#5 C:\Users\Administrator\Desktop\iuran\aplikasikas\system\CodeIgniter.php(832): App\Controllers\Laporan->index()
#6 C:\Users\Administrator\Desktop\iuran\aplikasikas\system\CodeIgniter.php(419): CodeIgniter\CodeIgniter->runController(Object(App\Controllers\Laporan))
#7 C:\Users\Administrator\Desktop\iuran\aplikasikas\system\CodeIgniter.php(326): CodeIgniter\CodeIgniter->handleRequest(NULL, Object(Config\Cache), false)
#8 C:\Users\Administrator\Desktop\iuran\aplikasikas\public\index.php(37): CodeIgniter\CodeIgniter->run()
#9 C:\Users\Administrator\Desktop\iuran\aplikasikas\system\Commands\Server\rewrite.php(43): require_once('C:\\Users\\Admini...')
#10 {main}
CRITICAL - 2023-09-30 02:16:04 --> Undefined array key "SUM(jumlah)"
#0 C:\Users\Administrator\Desktop\iuran\aplikasikas\app\Views\Laporan\index.php(74): CodeIgniter\Debug\Exceptions->errorHandler(2, 'Undefined array...', 'C:\\Users\\Admini...', 74)
#1 C:\Users\Administrator\Desktop\iuran\aplikasikas\system\View\View.php(210): include('C:\\Users\\Admini...')
#2 C:\Users\Administrator\Desktop\iuran\aplikasikas\system\View\View.php(213): CodeIgniter\View\View->CodeIgniter\View\{closure}()
#3 C:\Users\Administrator\Desktop\iuran\aplikasikas\system\Common.php(1089): CodeIgniter\View\View->render('Laporan/index', Array, true)
#4 C:\Users\Administrator\Desktop\iuran\aplikasikas\app\Controllers\Laporan.php(21): view('Laporan/index', Array)
#5 C:\Users\Administrator\Desktop\iuran\aplikasikas\system\CodeIgniter.php(832): App\Controllers\Laporan->index()
#6 C:\Users\Administrator\Desktop\iuran\aplikasikas\system\CodeIgniter.php(419): CodeIgniter\CodeIgniter->runController(Object(App\Controllers\Laporan))
#7 C:\Users\Administrator\Desktop\iuran\aplikasikas\system\CodeIgniter.php(326): CodeIgniter\CodeIgniter->handleRequest(NULL, Object(Config\Cache), false)
#8 C:\Users\Administrator\Desktop\iuran\aplikasikas\public\index.php(37): CodeIgniter\CodeIgniter->run()
#9 C:\Users\Administrator\Desktop\iuran\aplikasikas\system\Commands\Server\rewrite.php(43): require_once('C:\\Users\\Admini...')
#10 {main}
CRITICAL - 2023-09-30 02:16:04 --> Undefined array key "SUM(jumlah)"
#0 C:\Users\Administrator\Desktop\iuran\aplikasikas\app\Views\Laporan\index.php(74): CodeIgniter\Debug\Exceptions->errorHandler(2, 'Undefined array...', 'C:\\Users\\Admini...', 74)
#1 C:\Users\Administrator\Desktop\iuran\aplikasikas\system\View\View.php(210): include('C:\\Users\\Admini...')
#2 C:\Users\Administrator\Desktop\iuran\aplikasikas\system\View\View.php(213): CodeIgniter\View\View->CodeIgniter\View\{closure}()
#3 C:\Users\Administrator\Desktop\iuran\aplikasikas\system\Common.php(1089): CodeIgniter\View\View->render('Laporan/index', Array, true)
#4 C:\Users\Administrator\Desktop\iuran\aplikasikas\app\Controllers\Laporan.php(21): view('Laporan/index', Array)
#5 C:\Users\Administrator\Desktop\iuran\aplikasikas\system\CodeIgniter.php(832): App\Controllers\Laporan->index()
#6 C:\Users\Administrator\Desktop\iuran\aplikasikas\system\CodeIgniter.php(419): CodeIgniter\CodeIgniter->runController(Object(App\Controllers\Laporan))
#7 C:\Users\Administrator\Desktop\iuran\aplikasikas\system\CodeIgniter.php(326): CodeIgniter\CodeIgniter->handleRequest(NULL, Object(Config\Cache), false)
#8 C:\Users\Administrator\Desktop\iuran\aplikasikas\public\index.php(37): CodeIgniter\CodeIgniter->run()
#9 C:\Users\Administrator\Desktop\iuran\aplikasikas\system\Commands\Server\rewrite.php(43): require_once('C:\\Users\\Admini...')
#10 {main}
CRITICAL - 2023-09-30 02:16:04 --> Undefined array key "SUM(jumlah)"
#0 C:\Users\Administrator\Desktop\iuran\aplikasikas\app\Views\Laporan\index.php(74): CodeIgniter\Debug\Exceptions->errorHandler(2, 'Undefined array...', 'C:\\Users\\Admini...', 74)
#1 C:\Users\Administrator\Desktop\iuran\aplikasikas\system\View\View.php(210): include('C:\\Users\\Admini...')
#2 C:\Users\Administrator\Desktop\iuran\aplikasikas\system\View\View.php(213): CodeIgniter\View\View->CodeIgniter\View\{closure}()
#3 C:\Users\Administrator\Desktop\iuran\aplikasikas\system\Common.php(1089): CodeIgniter\View\View->render('Laporan/index', Array, true)
#4 C:\Users\Administrator\Desktop\iuran\aplikasikas\app\Controllers\Laporan.php(21): view('Laporan/index', Array)
#5 C:\Users\Administrator\Desktop\iuran\aplikasikas\system\CodeIgniter.php(832): App\Controllers\Laporan->index()
#6 C:\Users\Administrator\Desktop\iuran\aplikasikas\system\CodeIgniter.php(419): CodeIgniter\CodeIgniter->runController(Object(App\Controllers\Laporan))
#7 C:\Users\Administrator\Desktop\iuran\aplikasikas\system\CodeIgniter.php(326): CodeIgniter\CodeIgniter->handleRequest(NULL, Object(Config\Cache), false)
#8 C:\Users\Administrator\Desktop\iuran\aplikasikas\public\index.php(37): CodeIgniter\CodeIgniter->run()
#9 C:\Users\Administrator\Desktop\iuran\aplikasikas\system\Commands\Server\rewrite.php(43): require_once('C:\\Users\\Admini...')
#10 {main}
CRITICAL - 2023-09-30 02:16:04 --> Undefined array key "SUM(jumlah)"
#0 C:\Users\Administrator\Desktop\iuran\aplikasikas\app\Views\Laporan\index.php(74): CodeIgniter\Debug\Exceptions->errorHandler(2, 'Undefined array...', 'C:\\Users\\Admini...', 74)
#1 C:\Users\Administrator\Desktop\iuran\aplikasikas\system\View\View.php(210): include('C:\\Users\\Admini...')
#2 C:\Users\Administrator\Desktop\iuran\aplikasikas\system\View\View.php(213): CodeIgniter\View\View->CodeIgniter\View\{closure}()
#3 C:\Users\Administrator\Desktop\iuran\aplikasikas\system\Common.php(1089): CodeIgniter\View\View->render('Laporan/index', Array, true)
#4 C:\Users\Administrator\Desktop\iuran\aplikasikas\app\Controllers\Laporan.php(21): view('Laporan/index', Array)
#5 C:\Users\Administrator\Desktop\iuran\aplikasikas\system\CodeIgniter.php(832): App\Controllers\Laporan->index()
#6 C:\Users\Administrator\Desktop\iuran\aplikasikas\system\CodeIgniter.php(419): CodeIgniter\CodeIgniter->runController(Object(App\Controllers\Laporan))
#7 C:\Users\Administrator\Desktop\iuran\aplikasikas\system\CodeIgniter.php(326): CodeIgniter\CodeIgniter->handleRequest(NULL, Object(Config\Cache), false)
#8 C:\Users\Administrator\Desktop\iuran\aplikasikas\public\index.php(37): CodeIgniter\CodeIgniter->run()
#9 C:\Users\Administrator\Desktop\iuran\aplikasikas\system\Commands\Server\rewrite.php(43): require_once('C:\\Users\\Admini...')
#10 {main}
CRITICAL - 2023-09-30 02:16:05 --> Undefined array key "SUM(jumlah)"
#0 C:\Users\Administrator\Desktop\iuran\aplikasikas\app\Views\Laporan\index.php(74): CodeIgniter\Debug\Exceptions->errorHandler(2, 'Undefined array...', 'C:\\Users\\Admini...', 74)
#1 C:\Users\Administrator\Desktop\iuran\aplikasikas\system\View\View.php(210): include('C:\\Users\\Admini...')
#2 C:\Users\Administrator\Desktop\iuran\aplikasikas\system\View\View.php(213): CodeIgniter\View\View->CodeIgniter\View\{closure}()
#3 C:\Users\Administrator\Desktop\iuran\aplikasikas\system\Common.php(1089): CodeIgniter\View\View->render('Laporan/index', Array, true)
#4 C:\Users\Administrator\Desktop\iuran\aplikasikas\app\Controllers\Laporan.php(21): view('Laporan/index', Array)
#5 C:\Users\Administrator\Desktop\iuran\aplikasikas\system\CodeIgniter.php(832): App\Controllers\Laporan->index()
#6 C:\Users\Administrator\Desktop\iuran\aplikasikas\system\CodeIgniter.php(419): CodeIgniter\CodeIgniter->runController(Object(App\Controllers\Laporan))
#7 C:\Users\Administrator\Desktop\iuran\aplikasikas\system\CodeIgniter.php(326): CodeIgniter\CodeIgniter->handleRequest(NULL, Object(Config\Cache), false)
#8 C:\Users\Administrator\Desktop\iuran\aplikasikas\public\index.php(37): CodeIgniter\CodeIgniter->run()
#9 C:\Users\Administrator\Desktop\iuran\aplikasikas\system\Commands\Server\rewrite.php(43): require_once('C:\\Users\\Admini...')
#10 {main}
