CRITICAL - 2022-07-10 09:11:02 --> syntax error, unexpected end of file, expecting "{"
#0 C:\xampp\htdocs\kas_rt - Copy\ci4\system\Router\Router.php(175): CodeIgniter\Router\Router->autoRoute('IuranController...')
#1 C:\xampp\htdocs\kas_rt - Copy\ci4\system\CodeIgniter.php(726): CodeIgniter\Router\Router->handle('IuranController...')
#2 C:\xampp\htdocs\kas_rt - Copy\ci4\system\CodeIgniter.php(368): CodeIgniter\CodeIgniter->tryToRouteIt(Object(CodeIgniter\Router\RouteCollection))
#3 C:\xampp\htdocs\kas_rt - Copy\ci4\system\CodeIgniter.php(326): CodeIgniter\CodeIgniter->handleRequest(NULL, Object(Config\Cache), false)
#4 C:\xampp\htdocs\kas_rt - Copy\ci4\public\index.php(37): CodeIgniter\CodeIgniter->run()
#5 C:\xampp\htdocs\kas_rt - Copy\ci4\system\Commands\Server\rewrite.php(43): require_once('C:\\xampp\\htdocs...')
#6 {main}
CRITICAL - 2022-07-10 09:24:58 --> Undefined property: App\Controllers\IuranController::$WargaModel
#0 C:\xampp\htdocs\kas_rt - Copy\ci4\app\Controllers\IuranController.php(23): CodeIgniter\Debug\Exceptions->errorHandler(2, 'Undefined prope...', 'C:\\xampp\\htdocs...', 23)
#1 C:\xampp\htdocs\kas_rt - Copy\ci4\system\CodeIgniter.php(832): App\Controllers\IuranController->index()
#2 C:\xampp\htdocs\kas_rt - Copy\ci4\system\CodeIgniter.php(419): CodeIgniter\CodeIgniter->runController(Object(App\Controllers\IuranController))
#3 C:\xampp\htdocs\kas_rt - Copy\ci4\system\CodeIgniter.php(326): CodeIgniter\CodeIgniter->handleRequest(NULL, Object(Config\Cache), false)
#4 C:\xampp\htdocs\kas_rt - Copy\ci4\public\index.php(37): CodeIgniter\CodeIgniter->run()
#5 C:\xampp\htdocs\kas_rt - Copy\ci4\system\Commands\Server\rewrite.php(43): require_once('C:\\xampp\\htdocs...')
#6 {main}
CRITICAL - 2022-07-10 09:39:48 --> Call to undefined method App\Models\IuranModel::getIuran
#0 C:\xampp\htdocs\kas_rt - Copy\ci4\app\Controllers\IuranController.php(23): CodeIgniter\Model->__call('getIuran', Array)
#1 C:\xampp\htdocs\kas_rt - Copy\ci4\system\CodeIgniter.php(832): App\Controllers\IuranController->index()
#2 C:\xampp\htdocs\kas_rt - Copy\ci4\system\CodeIgniter.php(419): CodeIgniter\CodeIgniter->runController(Object(App\Controllers\IuranController))
#3 C:\xampp\htdocs\kas_rt - Copy\ci4\system\CodeIgniter.php(326): CodeIgniter\CodeIgniter->handleRequest(NULL, Object(Config\Cache), false)
#4 C:\xampp\htdocs\kas_rt - Copy\ci4\public\index.php(37): CodeIgniter\CodeIgniter->run()
#5 C:\xampp\htdocs\kas_rt - Copy\ci4\system\Commands\Server\rewrite.php(43): require_once('C:\\xampp\\htdocs...')
#6 {main}
CRITICAL - 2022-07-10 09:49:30 --> Undefined property: App\Controllers\IuranController::$WargaModel
#0 C:\xampp\htdocs\kas_rt - Copy\ci4\app\Controllers\IuranController.php(31): CodeIgniter\Debug\Exceptions->errorHandler(2, 'Undefined prope...', 'C:\\xampp\\htdocs...', 31)
#1 C:\xampp\htdocs\kas_rt - Copy\ci4\system\CodeIgniter.php(832): App\Controllers\IuranController->index()
#2 C:\xampp\htdocs\kas_rt - Copy\ci4\system\CodeIgniter.php(419): CodeIgniter\CodeIgniter->runController(Object(App\Controllers\IuranController))
#3 C:\xampp\htdocs\kas_rt - Copy\ci4\system\CodeIgniter.php(326): CodeIgniter\CodeIgniter->handleRequest(NULL, Object(Config\Cache), false)
#4 C:\xampp\htdocs\kas_rt - Copy\ci4\public\index.php(37): CodeIgniter\CodeIgniter->run()
#5 C:\xampp\htdocs\kas_rt - Copy\ci4\system\Commands\Server\rewrite.php(43): require_once('C:\\xampp\\htdocs...')
#6 {main}
CRITICAL - 2022-07-10 09:57:32 --> Undefined property: App\Controllers\IuranController::$WargaModel
#0 C:\xampp\htdocs\kas_rt - Copy\ci4\app\Controllers\IuranController.php(31): CodeIgniter\Debug\Exceptions->errorHandler(2, 'Undefined prope...', 'C:\\xampp\\htdocs...', 31)
#1 C:\xampp\htdocs\kas_rt - Copy\ci4\system\CodeIgniter.php(832): App\Controllers\IuranController->index()
#2 C:\xampp\htdocs\kas_rt - Copy\ci4\system\CodeIgniter.php(419): CodeIgniter\CodeIgniter->runController(Object(App\Controllers\IuranController))
#3 C:\xampp\htdocs\kas_rt - Copy\ci4\system\CodeIgniter.php(326): CodeIgniter\CodeIgniter->handleRequest(NULL, Object(Config\Cache), false)
#4 C:\xampp\htdocs\kas_rt - Copy\ci4\public\index.php(37): CodeIgniter\CodeIgniter->run()
#5 C:\xampp\htdocs\kas_rt - Copy\ci4\system\Commands\Server\rewrite.php(43): require_once('C:\\xampp\\htdocs...')
#6 {main}
CRITICAL - 2022-07-10 10:24:03 --> Invalid file: Iuran/create.php
#0 C:\xampp\htdocs\kas_rt - Copy\ci4\system\View\View.php(198): CodeIgniter\Exceptions\FrameworkException::forInvalidFile('Iuran/create.ph...')
#1 C:\xampp\htdocs\kas_rt - Copy\ci4\system\Common.php(1089): CodeIgniter\View\View->render('Iuran/create', Array, true)
#2 C:\xampp\htdocs\kas_rt - Copy\ci4\app\Controllers\IuranController.php(52): view('Iuran/create', Array)
#3 C:\xampp\htdocs\kas_rt - Copy\ci4\system\CodeIgniter.php(832): App\Controllers\IuranController->create()
#4 C:\xampp\htdocs\kas_rt - Copy\ci4\system\CodeIgniter.php(419): CodeIgniter\CodeIgniter->runController(Object(App\Controllers\IuranController))
#5 C:\xampp\htdocs\kas_rt - Copy\ci4\system\CodeIgniter.php(326): CodeIgniter\CodeIgniter->handleRequest(NULL, Object(Config\Cache), false)
#6 C:\xampp\htdocs\kas_rt - Copy\ci4\public\index.php(37): CodeIgniter\CodeIgniter->run()
#7 C:\xampp\htdocs\kas_rt - Copy\ci4\system\Commands\Server\rewrite.php(43): require_once('C:\\xampp\\htdocs...')
#8 {main}
ERROR - 2022-07-10 10:33:49 --> Unknown column 'iuran.warga_nik' in 'on clause'
CRITICAL - 2022-07-10 10:33:49 --> Unknown column 'iuran.warga_nik' in 'on clause'
#0 C:\xampp\htdocs\kas_rt - Copy\ci4\system\Database\MySQLi\Connection.php(292): mysqli->query('SELECT *\nFROM `...', 0)
#1 C:\xampp\htdocs\kas_rt - Copy\ci4\system\Database\BaseConnection.php(670): CodeIgniter\Database\MySQLi\Connection->execute('SELECT *\nFROM `...')
#2 C:\xampp\htdocs\kas_rt - Copy\ci4\system\Database\BaseConnection.php(598): CodeIgniter\Database\BaseConnection->simpleQuery('SELECT *\nFROM `...')
#3 C:\xampp\htdocs\kas_rt - Copy\ci4\system\Database\BaseBuilder.php(1455): CodeIgniter\Database\BaseConnection->query('SELECT *\nFROM `...', Array, false)
#4 C:\xampp\htdocs\kas_rt - Copy\ci4\system\Model.php(728): CodeIgniter\Database\BaseBuilder->get()
#5 C:\xampp\htdocs\kas_rt - Copy\ci4\app\Models\IuranModel.php(16): CodeIgniter\Model->__call('get', Array)
#6 C:\xampp\htdocs\kas_rt - Copy\ci4\app\Controllers\IuranController.php(23): App\Models\IuranModel->getIuran()
#7 C:\xampp\htdocs\kas_rt - Copy\ci4\system\CodeIgniter.php(832): App\Controllers\IuranController->index()
#8 C:\xampp\htdocs\kas_rt - Copy\ci4\system\CodeIgniter.php(419): CodeIgniter\CodeIgniter->runController(Object(App\Controllers\IuranController))
#9 C:\xampp\htdocs\kas_rt - Copy\ci4\system\CodeIgniter.php(326): CodeIgniter\CodeIgniter->handleRequest(NULL, Object(Config\Cache), false)
#10 C:\xampp\htdocs\kas_rt - Copy\ci4\public\index.php(37): CodeIgniter\CodeIgniter->run()
#11 C:\xampp\htdocs\kas_rt - Copy\ci4\system\Commands\Server\rewrite.php(43): require_once('C:\\xampp\\htdocs...')
#12 {main}
